#
# There is insufficient memory for the Java Runtime Environment to continue.
# Native memory allocation (malloc) failed to allocate 730976 bytes for Chunk::new
# Possible reasons:
#   The system is out of physical RAM or swap space
#   The process is running with CompressedOops enabled, and the Java Heap may be blocking the growth of the native heap
# Possible solutions:
#   Reduce memory load on the system
#   Increase physical memory or swap space
#   Check if swap backing store is full
#   Decrease Java heap size (-Xmx/-Xms)
#   Decrease number of Java threads
#   Decrease Java thread stack sizes (-Xss)
#   Set larger code cache with -XX:ReservedCodeCacheSize=
#   JVM is running with Zero Based Compressed Oops mode in which the Java heap is
#     placed in the first 32GB address space. The Java Heap base address is the
#     maximum limit for the native heap growth. Please use -XX:HeapBaseMinAddress
#     to set the Java Heap base and to place the Java Heap above 32GB virtual address.
# This output file may be truncated or incomplete.
#
#  Out of Memory Error (arena.cpp:184), pid=17076, tid=10232
#
# JRE version: Java(TM) SE Runtime Environment (19.0.2+7) (build 19.0.2+7-44)
# Java VM: Java HotSpot(TM) 64-Bit Server VM (19.0.2+7-44, mixed mode, sharing, tiered, compressed oops, compressed class ptrs, g1 gc, windows-amd64)
# No core dump will be written. Minidumps are not enabled by default on client versions of Windows
#

---------------  S U M M A R Y ------------

Command Line: C:\Users\DMX BINH SON\AppData\Local\Temp\surefire7454778715728529897\surefirebooter-20240415010438285_3.jar C:\Users\DMX BINH SON\AppData\Local\Temp\surefire7454778715728529897 2024-04-15T01-04-37_783-jvmRun1 surefire-20240415010438285_1tmp surefire_0-20240415010438285_2tmp

Host: Intel(R) Core(TM) i7-8565U CPU @ 1.80GHz, 8 cores, 19G,  Windows 11 , 64 bit Build 22621 (10.0.22621.3374)
Time: Mon Apr 15 01:04:41 2024 SE Asia Standard Time elapsed time: 3.361169 seconds (0d 0h 0m 3s)

---------------  T H R E A D  ---------------

Current thread (0x00000187d0064a30):  JavaThread "C2 CompilerThread0" daemon [_thread_in_native, id=10232, stack(0x00000002f5900000,0x00000002f5a00000)]


Current CompileTask:
C2:   3361 1787       4       java.lang.invoke.MethodType::methodType (69 bytes)

Stack: [0x00000002f5900000,0x00000002f5a00000]
Native frames: (J=compiled Java code, j=interpreted, Vv=VM code, C=native code)
V  [jvm.dll+0x6ee21a]
V  [jvm.dll+0x85765e]
V  [jvm.dll+0x85904e]
V  [jvm.dll+0x859703]
V  [jvm.dll+0x28298f]
V  [jvm.dll+0xc9adf]
V  [jvm.dll+0xc9e65]
V  [jvm.dll+0x2f7caf]
V  [jvm.dll+0x5f076b]
V  [jvm.dll+0x25590c]
V  [jvm.dll+0x24e1a7]
V  [jvm.dll+0x24b673]
V  [jvm.dll+0x1d6ce1]
V  [jvm.dll+0x25b25a]
V  [jvm.dll+0x2596e8]
V  [jvm.dll+0x807588]
V  [jvm.dll+0x80125a]
V  [jvm.dll+0x6ecf0b]
C  [ucrtbase.dll+0x29333]
C  [KERNEL32.DLL+0x1257d]
C  [ntdll.dll+0x5aa48]


---------------  P R O C E S S  ---------------

Threads class SMR info:
_java_thread_list=0x00000187d5b92bd0, length=15, elements={
0x00000187aaaf29e0, 0x00000187d004eec0, 0x00000187d004f9f0, 0x00000187d00548a0,
0x00000187d00573e0, 0x00000187d0059d20, 0x00000187d005c660, 0x00000187d0064a30,
0x00000187d006f1b0, 0x00000187d006fb20, 0x00000187d4917430, 0x00000187d49181e0,
0x00000187d4e1df10, 0x00000187d4f70da0, 0x00000187d5c5a500
}

Java Threads: ( => current thread )
  0x00000187aaaf29e0 JavaThread "main" [_thread_in_vm, id=16436, stack(0x00000002f4c00000,0x00000002f4d00000)]
  0x00000187d004eec0 JavaThread "Reference Handler" daemon [_thread_blocked, id=10472, stack(0x00000002f5300000,0x00000002f5400000)]
  0x00000187d004f9f0 JavaThread "Finalizer" daemon [_thread_blocked, id=4972, stack(0x00000002f5400000,0x00000002f5500000)]
  0x00000187d00548a0 JavaThread "Signal Dispatcher" daemon [_thread_blocked, id=3668, stack(0x00000002f5500000,0x00000002f5600000)]
  0x00000187d00573e0 JavaThread "Attach Listener" daemon [_thread_blocked, id=16488, stack(0x00000002f5600000,0x00000002f5700000)]
  0x00000187d0059d20 JavaThread "Service Thread" daemon [_thread_blocked, id=10328, stack(0x00000002f5700000,0x00000002f5800000)]
  0x00000187d005c660 JavaThread "Monitor Deflation Thread" daemon [_thread_blocked, id=11640, stack(0x00000002f5800000,0x00000002f5900000)]
=>0x00000187d0064a30 JavaThread "C2 CompilerThread0" daemon [_thread_in_native, id=10232, stack(0x00000002f5900000,0x00000002f5a00000)]
  0x00000187d006f1b0 JavaThread "C1 CompilerThread0" daemon [_thread_blocked, id=10260, stack(0x00000002f5a00000,0x00000002f5b00000)]
  0x00000187d006fb20 JavaThread "Sweeper thread" daemon [_thread_blocked, id=4252, stack(0x00000002f5b00000,0x00000002f5c00000)]
  0x00000187d4917430 JavaThread "Notification Thread" daemon [_thread_blocked, id=3256, stack(0x00000002f5c00000,0x00000002f5d00000)]
  0x00000187d49181e0 JavaThread "Common-Cleaner" daemon [_thread_blocked, id=11304, stack(0x00000002f5e00000,0x00000002f5f00000)]
  0x00000187d4e1df10 JavaThread "surefire-forkedjvm-stream-flusher" daemon [_thread_blocked, id=7216, stack(0x00000002f5f00000,0x00000002f6000000)]
  0x00000187d4f70da0 JavaThread "surefire-forkedjvm-command-thread" daemon [_thread_in_vm, id=17080, stack(0x00000002f6000000,0x00000002f6100000)]
  0x00000187d5c5a500 JavaThread "C2 CompilerThread1" daemon [_thread_blocked, id=6736, stack(0x00000002f6800000,0x00000002f6900000)]

Other Threads:
  0x00000187d003a930 VMThread "VM Thread" [stack: 0x00000002f5200000,0x00000002f5300000] [id=2860]
  0x00000187d4917d80 WatcherThread "VM Periodic Task Thread" [stack: 0x00000002f5d00000,0x00000002f5e00000] [id=17324]
  0x00000187aab6d9f0 WorkerThread "GC Thread#0" [stack: 0x00000002f4d00000,0x00000002f4e00000] [id=16956]
  0x00000187d51fc1c0 WorkerThread "GC Thread#1" [stack: 0x00000002f6200000,0x00000002f6300000] [id=8944]
  0x00000187d51fc490 WorkerThread "GC Thread#2" [stack: 0x00000002f6300000,0x00000002f6400000] [id=9248]
  0x00000187d5344780 WorkerThread "GC Thread#3" [stack: 0x00000002f6400000,0x00000002f6500000] [id=13228]
  0x00000187d53441e0 WorkerThread "GC Thread#4" [stack: 0x00000002f6500000,0x00000002f6600000] [id=840]
  0x00000187d5343100 WorkerThread "GC Thread#5" [stack: 0x00000002f6600000,0x00000002f6700000] [id=10832]
  0x00000187d53433d0 WorkerThread "GC Thread#6" [stack: 0x00000002f6700000,0x00000002f6800000] [id=15948]
  0x00000187d53436a0 WorkerThread "GC Thread#7" [stack: 0x00000002f6100000,0x00000002f6200000] [id=13248]
  0x00000187aab789c0 ConcurrentGCThread "G1 Main Marker" [stack: 0x00000002f4e00000,0x00000002f4f00000] [id=7384]
  0x00000187aab79b90 WorkerThread "G1 Conc#0" [stack: 0x00000002f4f00000,0x00000002f5000000] [id=17168]
  0x00000187aabadb50 ConcurrentGCThread "G1 Refine#0" [stack: 0x00000002f5000000,0x00000002f5100000] [id=9480]
  0x00000187aabae530 ConcurrentGCThread "G1 Service" [stack: 0x00000002f5100000,0x00000002f5200000] [id=2004]

Threads with active compile tasks:
C2 CompilerThread0     3411 1787       4       java.lang.invoke.MethodType::methodType (69 bytes)

VM state: not at safepoint (normal execution)

VM Mutex/Monitor currently owned by a thread:  ([mutex/lock_event])
[0x00000187aaaef020] Metaspace_lock - owner thread: 0x00000187aaaf29e0

Heap address: 0x00000006c2400000, size: 5084 MB, Compressed Oops mode: Zero based, Oop shift amount: 3

CDS archive(s) mapped at: [0x0000000800000000-0x0000000800c40000-0x0000000800c40000), size 12845056, SharedBaseAddress: 0x0000000800000000, ArchiveRelocationMode: 0.
Compressed class space mapped at: 0x0000000801000000-0x0000000841000000, reserved size: 1073741824
Narrow klass base: 0x0000000800000000, Narrow klass shift: 0, Narrow klass range: 0x100000000

GC Precious Log:
 CardTable entry size: 512
 Card Set container configuration: InlinePtr #cards 4 size 8 Array Of Cards #cards 32 size 80 Howl #buckets 8 coarsen threshold 7372 Howl Bitmap #cards 1024 size 144 coarsen threshold 921 Card regions per heap region 1 cards per card region 8192
 CPUs: 8 total, 8 available
 Memory: 20327M
 Large Page Support: Disabled
 NUMA Support: Disabled
 Compressed Oops: Enabled (Zero based)
 Heap Region Size: 4M
 Heap Min Capacity: 8M
 Heap Initial Capacity: 320M
 Heap Max Capacity: 5084M
 Pre-touch: Disabled
 Parallel Workers: 8
 Concurrent Workers: 2
 Concurrent Refinement Workers: 8
 Periodic GC: Disabled

Heap:
 garbage-first heap   total 327680K, used 26006K [0x00000006c2400000, 0x0000000800000000)
  region size 4096K, 6 young (24576K), 1 survivors (4096K)
 Metaspace       used 11636K, committed 11840K, reserved 1114112K
  class space    used 1436K, committed 1536K, reserved 1048576K

Heap Regions: E=young(eden), S=young(survivor), O=old, HS=humongous(starts), HC=humongous(continues), CS=collection set, F=free, OA=open archive, CA=closed archive, TAMS=top-at-mark-start (previous, next)
|   0|0x00000006c2400000, 0x00000006c2800000, 0x00000006c2800000|100%| O|  |TAMS 0x00000006c2400000, 0x00000006c2400000| Untracked 
|   1|0x00000006c2800000, 0x00000006c2c00000, 0x00000006c2c00000|100%| O|  |TAMS 0x00000006c2800000, 0x00000006c2800000| Untracked 
|   2|0x00000006c2c00000, 0x00000006c2c21400, 0x00000006c3000000|  3%| O|  |TAMS 0x00000006c2c00000, 0x00000006c2c00000| Untracked 
|   3|0x00000006c3000000, 0x00000006c3000000, 0x00000006c3400000|  0%| F|  |TAMS 0x00000006c3000000, 0x00000006c3000000| Untracked 
|   4|0x00000006c3400000, 0x00000006c3400000, 0x00000006c3800000|  0%| F|  |TAMS 0x00000006c3400000, 0x00000006c3400000| Untracked 
|   5|0x00000006c3800000, 0x00000006c3800000, 0x00000006c3c00000|  0%| F|  |TAMS 0x00000006c3800000, 0x00000006c3800000| Untracked 
|   6|0x00000006c3c00000, 0x00000006c3c00000, 0x00000006c4000000|  0%| F|  |TAMS 0x00000006c3c00000, 0x00000006c3c00000| Untracked 
|   7|0x00000006c4000000, 0x00000006c4000000, 0x00000006c4400000|  0%| F|  |TAMS 0x00000006c4000000, 0x00000006c4000000| Untracked 
|   8|0x00000006c4400000, 0x00000006c4400000, 0x00000006c4800000|  0%| F|  |TAMS 0x00000006c4400000, 0x00000006c4400000| Untracked 
|   9|0x00000006c4800000, 0x00000006c4800000, 0x00000006c4c00000|  0%| F|  |TAMS 0x00000006c4800000, 0x00000006c4800000| Untracked 
|  10|0x00000006c4c00000, 0x00000006c4c00000, 0x00000006c5000000|  0%| F|  |TAMS 0x00000006c4c00000, 0x00000006c4c00000| Untracked 
|  11|0x00000006c5000000, 0x00000006c5000000, 0x00000006c5400000|  0%| F|  |TAMS 0x00000006c5000000, 0x00000006c5000000| Untracked 
|  12|0x00000006c5400000, 0x00000006c5400000, 0x00000006c5800000|  0%| F|  |TAMS 0x00000006c5400000, 0x00000006c5400000| Untracked 
|  13|0x00000006c5800000, 0x00000006c5800000, 0x00000006c5c00000|  0%| F|  |TAMS 0x00000006c5800000, 0x00000006c5800000| Untracked 
|  14|0x00000006c5c00000, 0x00000006c5c00000, 0x00000006c6000000|  0%| F|  |TAMS 0x00000006c5c00000, 0x00000006c5c00000| Untracked 
|  15|0x00000006c6000000, 0x00000006c6000000, 0x00000006c6400000|  0%| F|  |TAMS 0x00000006c6000000, 0x00000006c6000000| Untracked 
|  16|0x00000006c6400000, 0x00000006c6400000, 0x00000006c6800000|  0%| F|  |TAMS 0x00000006c6400000, 0x00000006c6400000| Untracked 
|  17|0x00000006c6800000, 0x00000006c6800000, 0x00000006c6c00000|  0%| F|  |TAMS 0x00000006c6800000, 0x00000006c6800000| Untracked 
|  18|0x00000006c6c00000, 0x00000006c6c00000, 0x00000006c7000000|  0%| F|  |TAMS 0x00000006c6c00000, 0x00000006c6c00000| Untracked 
|  19|0x00000006c7000000, 0x00000006c7000000, 0x00000006c7400000|  0%| F|  |TAMS 0x00000006c7000000, 0x00000006c7000000| Untracked 
|  20|0x00000006c7400000, 0x00000006c7400000, 0x00000006c7800000|  0%| F|  |TAMS 0x00000006c7400000, 0x00000006c7400000| Untracked 
|  21|0x00000006c7800000, 0x00000006c7800000, 0x00000006c7c00000|  0%| F|  |TAMS 0x00000006c7800000, 0x00000006c7800000| Untracked 
|  22|0x00000006c7c00000, 0x00000006c7c00000, 0x00000006c8000000|  0%| F|  |TAMS 0x00000006c7c00000, 0x00000006c7c00000| Untracked 
|  23|0x00000006c8000000, 0x00000006c8000000, 0x00000006c8400000|  0%| F|  |TAMS 0x00000006c8000000, 0x00000006c8000000| Untracked 
|  24|0x00000006c8400000, 0x00000006c8400000, 0x00000006c8800000|  0%| F|  |TAMS 0x00000006c8400000, 0x00000006c8400000| Untracked 
|  25|0x00000006c8800000, 0x00000006c8800000, 0x00000006c8c00000|  0%| F|  |TAMS 0x00000006c8800000, 0x00000006c8800000| Untracked 
|  26|0x00000006c8c00000, 0x00000006c8c00000, 0x00000006c9000000|  0%| F|  |TAMS 0x00000006c8c00000, 0x00000006c8c00000| Untracked 
|  27|0x00000006c9000000, 0x00000006c9000000, 0x00000006c9400000|  0%| F|  |TAMS 0x00000006c9000000, 0x00000006c9000000| Untracked 
|  28|0x00000006c9400000, 0x00000006c9400000, 0x00000006c9800000|  0%| F|  |TAMS 0x00000006c9400000, 0x00000006c9400000| Untracked 
|  29|0x00000006c9800000, 0x00000006c9800000, 0x00000006c9c00000|  0%| F|  |TAMS 0x00000006c9800000, 0x00000006c9800000| Untracked 
|  30|0x00000006c9c00000, 0x00000006c9c00000, 0x00000006ca000000|  0%| F|  |TAMS 0x00000006c9c00000, 0x00000006c9c00000| Untracked 
|  31|0x00000006ca000000, 0x00000006ca000000, 0x00000006ca400000|  0%| F|  |TAMS 0x00000006ca000000, 0x00000006ca000000| Untracked 
|  32|0x00000006ca400000, 0x00000006ca400000, 0x00000006ca800000|  0%| F|  |TAMS 0x00000006ca400000, 0x00000006ca400000| Untracked 
|  33|0x00000006ca800000, 0x00000006ca800000, 0x00000006cac00000|  0%| F|  |TAMS 0x00000006ca800000, 0x00000006ca800000| Untracked 
|  34|0x00000006cac00000, 0x00000006cac00000, 0x00000006cb000000|  0%| F|  |TAMS 0x00000006cac00000, 0x00000006cac00000| Untracked 
|  35|0x00000006cb000000, 0x00000006cb000000, 0x00000006cb400000|  0%| F|  |TAMS 0x00000006cb000000, 0x00000006cb000000| Untracked 
|  36|0x00000006cb400000, 0x00000006cb400000, 0x00000006cb800000|  0%| F|  |TAMS 0x00000006cb400000, 0x00000006cb400000| Untracked 
|  37|0x00000006cb800000, 0x00000006cb800000, 0x00000006cbc00000|  0%| F|  |TAMS 0x00000006cb800000, 0x00000006cb800000| Untracked 
|  38|0x00000006cbc00000, 0x00000006cbc00000, 0x00000006cc000000|  0%| F|  |TAMS 0x00000006cbc00000, 0x00000006cbc00000| Untracked 
|  39|0x00000006cc000000, 0x00000006cc000000, 0x00000006cc400000|  0%| F|  |TAMS 0x00000006cc000000, 0x00000006cc000000| Untracked 
|  40|0x00000006cc400000, 0x00000006cc400000, 0x00000006cc800000|  0%| F|  |TAMS 0x00000006cc400000, 0x00000006cc400000| Untracked 
|  41|0x00000006cc800000, 0x00000006cc800000, 0x00000006ccc00000|  0%| F|  |TAMS 0x00000006cc800000, 0x00000006cc800000| Untracked 
|  42|0x00000006ccc00000, 0x00000006ccc00000, 0x00000006cd000000|  0%| F|  |TAMS 0x00000006ccc00000, 0x00000006ccc00000| Untracked 
|  43|0x00000006cd000000, 0x00000006cd000000, 0x00000006cd400000|  0%| F|  |TAMS 0x00000006cd000000, 0x00000006cd000000| Untracked 
|  44|0x00000006cd400000, 0x00000006cd400000, 0x00000006cd800000|  0%| F|  |TAMS 0x00000006cd400000, 0x00000006cd400000| Untracked 
|  45|0x00000006cd800000, 0x00000006cd800000, 0x00000006cdc00000|  0%| F|  |TAMS 0x00000006cd800000, 0x00000006cd800000| Untracked 
|  46|0x00000006cdc00000, 0x00000006cdc00000, 0x00000006ce000000|  0%| F|  |TAMS 0x00000006cdc00000, 0x00000006cdc00000| Untracked 
|  47|0x00000006ce000000, 0x00000006ce000000, 0x00000006ce400000|  0%| F|  |TAMS 0x00000006ce000000, 0x00000006ce000000| Untracked 
|  48|0x00000006ce400000, 0x00000006ce400000, 0x00000006ce800000|  0%| F|  |TAMS 0x00000006ce400000, 0x00000006ce400000| Untracked 
|  49|0x00000006ce800000, 0x00000006ce800000, 0x00000006cec00000|  0%| F|  |TAMS 0x00000006ce800000, 0x00000006ce800000| Untracked 
|  50|0x00000006cec00000, 0x00000006cec00000, 0x00000006cf000000|  0%| F|  |TAMS 0x00000006cec00000, 0x00000006cec00000| Untracked 
|  51|0x00000006cf000000, 0x00000006cf000000, 0x00000006cf400000|  0%| F|  |TAMS 0x00000006cf000000, 0x00000006cf000000| Untracked 
|  52|0x00000006cf400000, 0x00000006cf400000, 0x00000006cf800000|  0%| F|  |TAMS 0x00000006cf400000, 0x00000006cf400000| Untracked 
|  53|0x00000006cf800000, 0x00000006cf800000, 0x00000006cfc00000|  0%| F|  |TAMS 0x00000006cf800000, 0x00000006cf800000| Untracked 
|  54|0x00000006cfc00000, 0x00000006cfc00000, 0x00000006d0000000|  0%| F|  |TAMS 0x00000006cfc00000, 0x00000006cfc00000| Untracked 
|  55|0x00000006d0000000, 0x00000006d0000000, 0x00000006d0400000|  0%| F|  |TAMS 0x00000006d0000000, 0x00000006d0000000| Untracked 
|  56|0x00000006d0400000, 0x00000006d0400000, 0x00000006d0800000|  0%| F|  |TAMS 0x00000006d0400000, 0x00000006d0400000| Untracked 
|  57|0x00000006d0800000, 0x00000006d0800000, 0x00000006d0c00000|  0%| F|  |TAMS 0x00000006d0800000, 0x00000006d0800000| Untracked 
|  58|0x00000006d0c00000, 0x00000006d0c00000, 0x00000006d1000000|  0%| F|  |TAMS 0x00000006d0c00000, 0x00000006d0c00000| Untracked 
|  59|0x00000006d1000000, 0x00000006d1000000, 0x00000006d1400000|  0%| F|  |TAMS 0x00000006d1000000, 0x00000006d1000000| Untracked 
|  60|0x00000006d1400000, 0x00000006d1400000, 0x00000006d1800000|  0%| F|  |TAMS 0x00000006d1400000, 0x00000006d1400000| Untracked 
|  61|0x00000006d1800000, 0x00000006d1800000, 0x00000006d1c00000|  0%| F|  |TAMS 0x00000006d1800000, 0x00000006d1800000| Untracked 
|  62|0x00000006d1c00000, 0x00000006d1c00000, 0x00000006d2000000|  0%| F|  |TAMS 0x00000006d1c00000, 0x00000006d1c00000| Untracked 
|  63|0x00000006d2000000, 0x00000006d2000000, 0x00000006d2400000|  0%| F|  |TAMS 0x00000006d2000000, 0x00000006d2000000| Untracked 
|  64|0x00000006d2400000, 0x00000006d2400000, 0x00000006d2800000|  0%| F|  |TAMS 0x00000006d2400000, 0x00000006d2400000| Untracked 
|  65|0x00000006d2800000, 0x00000006d2800000, 0x00000006d2c00000|  0%| F|  |TAMS 0x00000006d2800000, 0x00000006d2800000| Untracked 
|  66|0x00000006d2c00000, 0x00000006d2c00000, 0x00000006d3000000|  0%| F|  |TAMS 0x00000006d2c00000, 0x00000006d2c00000| Untracked 
|  67|0x00000006d3000000, 0x00000006d3000000, 0x00000006d3400000|  0%| F|  |TAMS 0x00000006d3000000, 0x00000006d3000000| Untracked 
|  68|0x00000006d3400000, 0x00000006d3400000, 0x00000006d3800000|  0%| F|  |TAMS 0x00000006d3400000, 0x00000006d3400000| Untracked 
|  69|0x00000006d3800000, 0x00000006d3800000, 0x00000006d3c00000|  0%| F|  |TAMS 0x00000006d3800000, 0x00000006d3800000| Untracked 
|  70|0x00000006d3c00000, 0x00000006d3c00000, 0x00000006d4000000|  0%| F|  |TAMS 0x00000006d3c00000, 0x00000006d3c00000| Untracked 
|  71|0x00000006d4000000, 0x00000006d4000000, 0x00000006d4400000|  0%| F|  |TAMS 0x00000006d4000000, 0x00000006d4000000| Untracked 
|  72|0x00000006d4400000, 0x00000006d4400000, 0x00000006d4800000|  0%| F|  |TAMS 0x00000006d4400000, 0x00000006d4400000| Untracked 
|  73|0x00000006d4800000, 0x00000006d4800000, 0x00000006d4c00000|  0%| F|  |TAMS 0x00000006d4800000, 0x00000006d4800000| Untracked 
|  74|0x00000006d4c00000, 0x00000006d4d0b520, 0x00000006d5000000| 26%| E|  |TAMS 0x00000006d4c00000, 0x00000006d4c00000| Complete 
|  75|0x00000006d5000000, 0x00000006d5400000, 0x00000006d5400000|100%| E|CS|TAMS 0x00000006d5000000, 0x00000006d5000000| Complete 
|  76|0x00000006d5400000, 0x00000006d5544780, 0x00000006d5800000| 31%| S|CS|TAMS 0x00000006d5400000, 0x00000006d5400000| Complete 
|  77|0x00000006d5800000, 0x00000006d5c00000, 0x00000006d5c00000|100%| E|CS|TAMS 0x00000006d5800000, 0x00000006d5800000| Complete 
|  78|0x00000006d5c00000, 0x00000006d6000000, 0x00000006d6000000|100%| E|CS|TAMS 0x00000006d5c00000, 0x00000006d5c00000| Complete 
|  79|0x00000006d6000000, 0x00000006d6400000, 0x00000006d6400000|100%| E|CS|TAMS 0x00000006d6000000, 0x00000006d6000000| Complete 

Card table byte_map: [0x00000187c2770000,0x00000187c3160000] _byte_map_base: 0x00000187bf15e000

Marking Bits (Prev, Next): (CMBitMap*) 0x00000187aab6e020, (CMBitMap*) 0x00000187aab6e060
 Prev Bits: [0x00000187c3b50000, 0x00000187c8ac0000)
 Next Bits: [0x00000187c8ac0000, 0x00000187cda30000)

Polling page: 0x00000187a8ac0000

Metaspace:

Usage:
  Non-class:      9.96 MB used.
      Class:      1.40 MB used.
       Both:     11.36 MB used.

Virtual space:
  Non-class space:       64.00 MB reserved,      10.06 MB ( 16%) committed,  1 nodes.
      Class space:        1.00 GB reserved,       1.50 MB ( <1%) committed,  1 nodes.
             Both:        1.06 GB reserved,      11.56 MB (  1%) committed. 

Chunk freelists:
   Non-Class:  1.86 MB
       Class:  2.52 MB
        Both:  4.38 MB

MaxMetaspaceSize: unlimited
CompressedClassSpaceSize: 1.00 GB
Initial GC threshold: 21.00 MB
Current GC threshold: 21.00 MB
CDS: on
MetaspaceReclaimPolicy: balanced
 - commit_granule_bytes: 65536.
 - commit_granule_words: 8192.
 - virtual_space_node_default_size: 8388608.
 - enlarge_chunks_in_place: 1.
 - new_chunks_are_fully_committed: 0.
 - uncommit_free_chunks: 1.
 - use_allocation_guard: 0.


Internal statistics:

num_allocs_failed_limit: 0.
num_arena_births: 214.
num_arena_deaths: 0.
num_vsnodes_births: 2.
num_vsnodes_deaths: 0.
num_space_committed: 185.
num_space_uncommitted: 0.
num_chunks_returned_to_freelist: 0.
num_chunks_taken_from_freelist: 642.
num_chunk_merges: 0.
num_chunk_splits: 367.
num_chunks_enlarged: 238.
num_inconsistent_stats: 0.

CodeHeap 'non-profiled nmethods': size=120000Kb used=685Kb max_used=685Kb free=119314Kb
 bounds [0x00000187ba520000, 0x00000187ba790000, 0x00000187c1a50000]
CodeHeap 'profiled nmethods': size=120000Kb used=3663Kb max_used=3663Kb free=116336Kb
 bounds [0x00000187b2a50000, 0x00000187b2df0000, 0x00000187b9f80000]
CodeHeap 'non-nmethods': size=5760Kb used=1275Kb max_used=1300Kb free=4485Kb
 bounds [0x00000187b9f80000, 0x00000187ba1f0000, 0x00000187ba520000]
 total_blobs=2315 nmethods=1822 adapters=403
 compilation: enabled
              stopped_count=0, restarted_count=0
 full_count=0

Compilation events (20 events):
Event: 3.290 Thread 0x00000187d006f1b0 1806       3       java.lang.invoke.LambdaForm$MH/0x0000000801018000::invoke (25 bytes)
Event: 3.290 Thread 0x00000187d006f1b0 nmethod 1806 0x00000187b2dccf90 code [0x00000187b2dcd160, 0x00000187b2dcd698]
Event: 3.304 Thread 0x00000187d006f1b0 1807       3       java.util.LinkedHashMap$LinkedEntrySet::iterator (12 bytes)
Event: 3.304 Thread 0x00000187d006f1b0 nmethod 1807 0x00000187b2dcd790 code [0x00000187b2dcd940, 0x00000187b2dcdcb8]
Event: 3.304 Thread 0x00000187d006f1b0 1808       3       java.util.LinkedHashMap$LinkedEntryIterator::<init> (6 bytes)
Event: 3.304 Thread 0x00000187d006f1b0 nmethod 1808 0x00000187b2dcde10 code [0x00000187b2dcdfc0, 0x00000187b2dce298]
Event: 3.342 Thread 0x00000187d006f1b0 1810       3       java.lang.invoke.InnerClassLambdaMetafactory::lambdaClassName (57 bytes)
Event: 3.343 Thread 0x00000187d006f1b0 nmethod 1810 0x00000187b2dce390 code [0x00000187b2dce600, 0x00000187b2dced98]
Event: 3.343 Thread 0x00000187d006f1b0 1811       3       java.lang.invoke.AbstractValidatingLambdaMetafactory::validateMetafactoryArgs (607 bytes)
Event: 3.344 Thread 0x00000187d5c5a500 1809       4       java.io.WinNTFileSystem::normalize (143 bytes)
Event: 3.351 Thread 0x00000187d5c5a500 nmethod 1809 0x00000187ba5c8e90 code [0x00000187ba5c9040, 0x00000187ba5c92b0]
Event: 3.351 Thread 0x00000187d5c5a500 1805       4       java.lang.ref.SoftReference::get (29 bytes)
Event: 3.354 Thread 0x00000187d5c5a500 nmethod 1805 0x00000187ba5c9510 code [0x00000187ba5c96a0, 0x00000187ba5c9798]
Event: 3.354 Thread 0x00000187d5c5a500 1792       4       java.lang.Object::equals (11 bytes)
Event: 3.355 Thread 0x00000187d006f1b0 nmethod 1811 0x00000187b2dcf110 code [0x00000187b2dcfbc0, 0x00000187b2dd78c8]
Event: 3.355 Thread 0x00000187d006f1b0 1813       3       java.lang.invoke.AbstractValidatingLambdaMetafactory::checkDescriptor (133 bytes)
Event: 3.355 Thread 0x00000187d5c5a500 nmethod 1792 0x00000187ba5c9810 code [0x00000187ba5c9980, 0x00000187ba5c99f8]
Event: 3.355 Thread 0x00000187d5c5a500 1790       4       java.util.HashMap::get (19 bytes)
Event: 3.358 Thread 0x00000187d006f1b0 nmethod 1813 0x00000187b2dda110 code [0x00000187b2dda540, 0x00000187b2ddc9f8]
Event: 3.359 Thread 0x00000187d006f1b0 1812       3       java.lang.invoke.AbstractValidatingLambdaMetafactory::isAdaptableToAsReturn (36 bytes)

GC Heap History (4 events):
Event: 1.526 GC heap before
{Heap before GC invocations=0 (full 0):
 garbage-first heap   total 327680K, used 16384K [0x00000006c2400000, 0x0000000800000000)
  region size 4096K, 5 young (20480K), 0 survivors (0K)
 Metaspace       used 3739K, committed 3840K, reserved 1114112K
  class space    used 397K, committed 448K, reserved 1048576K
}
Event: 1.536 GC heap after
{Heap after GC invocations=1 (full 0):
 garbage-first heap   total 327680K, used 8310K [0x00000006c2400000, 0x0000000800000000)
  region size 4096K, 1 young (4096K), 1 survivors (4096K)
 Metaspace       used 3739K, committed 3840K, reserved 1114112K
  class space    used 397K, committed 448K, reserved 1048576K
}
Event: 2.280 GC heap before
{Heap before GC invocations=1 (full 0):
 garbage-first heap   total 327680K, used 20598K [0x00000006c2400000, 0x0000000800000000)
  region size 4096K, 4 young (16384K), 1 survivors (4096K)
 Metaspace       used 7304K, committed 7488K, reserved 1114112K
  class space    used 872K, committed 960K, reserved 1048576K
}
Event: 2.285 GC heap after
{Heap after GC invocations=2 (full 0):
 garbage-first heap   total 327680K, used 9622K [0x00000006c2400000, 0x0000000800000000)
  region size 4096K, 1 young (4096K), 1 survivors (4096K)
 Metaspace       used 7304K, committed 7488K, reserved 1114112K
  class space    used 872K, committed 960K, reserved 1048576K
}

Dll operation events (8 events):
Event: 0.021 Loaded shared library C:\Program Files\Java\jdk-19\bin\java.dll
Event: 0.044 Loaded shared library C:\Program Files\Java\jdk-19\bin\jsvml.dll
Event: 0.125 Loaded shared library C:\Program Files\Java\jdk-19\bin\net.dll
Event: 0.129 Loaded shared library C:\Program Files\Java\jdk-19\bin\nio.dll
Event: 0.136 Loaded shared library C:\Program Files\Java\jdk-19\bin\zip.dll
Event: 0.292 Loaded shared library C:\Program Files\Java\jdk-19\bin\management.dll
Event: 0.304 Loaded shared library C:\Program Files\Java\jdk-19\bin\management_ext.dll
Event: 0.360 Loaded shared library C:\Program Files\Java\jdk-19\bin\jimage.dll

Deoptimization events (20 events):
Event: 3.025 Thread 0x00000187aaaf29e0 DEOPT PACKING pc=0x00000187ba57a1f4 sp=0x00000002f4cfb740
Event: 3.025 Thread 0x00000187aaaf29e0 DEOPT UNPACKING pc=0x00000187b9fe6da3 sp=0x00000002f4cfb6d8 mode 2
Event: 3.108 Thread 0x00000187aaaf29e0 Uncommon trap: trap_request=0xffffffde fr.pc=0x00000187ba5c39c8 relative=0x0000000000000128
Event: 3.108 Thread 0x00000187aaaf29e0 Uncommon trap: reason=class_check action=maybe_recompile pc=0x00000187ba5c39c8 method=jdk.internal.misc.Unsafe.allocateUninitializedArray(Ljava/lang/Class;I)Ljava/lang/Object; @ 51 c2
Event: 3.108 Thread 0x00000187aaaf29e0 DEOPT PACKING pc=0x00000187ba5c39c8 sp=0x00000002f4cfbe60
Event: 3.108 Thread 0x00000187aaaf29e0 DEOPT UNPACKING pc=0x00000187b9fe6da3 sp=0x00000002f4cfbde8 mode 2
Event: 3.108 Thread 0x00000187aaaf29e0 Uncommon trap: trap_request=0xffffffde fr.pc=0x00000187ba5c39c8 relative=0x0000000000000128
Event: 3.108 Thread 0x00000187aaaf29e0 Uncommon trap: reason=class_check action=maybe_recompile pc=0x00000187ba5c39c8 method=jdk.internal.misc.Unsafe.allocateUninitializedArray(Ljava/lang/Class;I)Ljava/lang/Object; @ 51 c2
Event: 3.108 Thread 0x00000187aaaf29e0 DEOPT PACKING pc=0x00000187ba5c39c8 sp=0x00000002f4cfb890
Event: 3.108 Thread 0x00000187aaaf29e0 DEOPT UNPACKING pc=0x00000187b9fe6da3 sp=0x00000002f4cfb818 mode 2
Event: 3.108 Thread 0x00000187aaaf29e0 Uncommon trap: trap_request=0xffffffde fr.pc=0x00000187ba5c39c8 relative=0x0000000000000128
Event: 3.108 Thread 0x00000187aaaf29e0 Uncommon trap: reason=class_check action=maybe_recompile pc=0x00000187ba5c39c8 method=jdk.internal.misc.Unsafe.allocateUninitializedArray(Ljava/lang/Class;I)Ljava/lang/Object; @ 51 c2
Event: 3.108 Thread 0x00000187aaaf29e0 DEOPT PACKING pc=0x00000187ba5c39c8 sp=0x00000002f4cfb890
Event: 3.108 Thread 0x00000187aaaf29e0 DEOPT UNPACKING pc=0x00000187b9fe6da3 sp=0x00000002f4cfb818 mode 2
Event: 3.108 Thread 0x00000187aaaf29e0 Uncommon trap: trap_request=0xffffffde fr.pc=0x00000187ba5c39c8 relative=0x0000000000000128
Event: 3.108 Thread 0x00000187aaaf29e0 Uncommon trap: reason=class_check action=maybe_recompile pc=0x00000187ba5c39c8 method=jdk.internal.misc.Unsafe.allocateUninitializedArray(Ljava/lang/Class;I)Ljava/lang/Object; @ 51 c2
Event: 3.108 Thread 0x00000187aaaf29e0 DEOPT PACKING pc=0x00000187ba5c39c8 sp=0x00000002f4cfba30
Event: 3.108 Thread 0x00000187aaaf29e0 DEOPT UNPACKING pc=0x00000187b9fe6da3 sp=0x00000002f4cfb9b8 mode 2
Event: 3.314 Thread 0x00000187aaaf29e0 DEOPT PACKING pc=0x00000187b2d7d977 sp=0x00000002f4cf84c0
Event: 3.314 Thread 0x00000187aaaf29e0 DEOPT UNPACKING pc=0x00000187b9fe7543 sp=0x00000002f4cf7998 mode 0

Classes loaded (20 events):
Event: 3.141 Loading class java/net/UnknownHostException
Event: 3.141 Loading class java/net/UnknownHostException done
Event: 3.156 Loading class sun/reflect/generics/tree/ByteSignature
Event: 3.156 Loading class sun/reflect/generics/tree/ByteSignature done
Event: 3.178 Loading class java/util/function/UnaryOperator
Event: 3.178 Loading class java/util/function/UnaryOperator done
Event: 3.179 Loading class java/util/ConcurrentModificationException
Event: 3.179 Loading class java/util/ConcurrentModificationException done
Event: 3.195 Loading class java/lang/ThreadLocal$SuppliedThreadLocal
Event: 3.195 Loading class java/lang/ThreadLocal$SuppliedThreadLocal done
Event: 3.223 Loading class java/util/EventListener
Event: 3.223 Loading class java/util/EventListener done
Event: 3.227 Loading class java/lang/invoke/WrongMethodTypeException
Event: 3.227 Loading class java/lang/invoke/WrongMethodTypeException done
Event: 3.275 Loading class java/util/EventObject
Event: 3.275 Loading class java/util/EventObject done
Event: 3.293 Loading class java/util/ArrayList$ListItr
Event: 3.293 Loading class java/util/ArrayList$ListItr done
Event: 3.319 Loading class java/util/concurrent/TimeoutException
Event: 3.319 Loading class java/util/concurrent/TimeoutException done

Classes unloaded (0 events):
No events

Classes redefined (0 events):
No events

Internal exceptions (20 events):
Event: 2.165 Thread 0x00000187aaaf29e0 Exception <a 'java/lang/NoSuchMethodError'{0x00000006d5a56b70}: 'java.lang.Object java.lang.invoke.DirectMethodHandle$Holder.invokeSpecial(java.lang.Object, java.lang.Object, java.lang.Object, long, java.lang.Object)'> (0x00000006d5a56b70) 
thrown [s\open\src\hotspot\share\interpreter\linkResolver.cpp, line 774]
Event: 2.167 Thread 0x00000187aaaf29e0 Exception <a 'java/lang/NoSuchMethodError'{0x00000006d5a5aa00}: 'java.lang.Object java.lang.invoke.Invokers$Holder.linkToTargetMethod(java.lang.Object, long, java.lang.Object, java.lang.Object)'> (0x00000006d5a5aa00) 
thrown [s\open\src\hotspot\share\interpreter\linkResolver.cpp, line 774]
Event: 2.424 Thread 0x00000187aaaf29e0 Exception <a 'java/lang/NoSuchMethodError'{0x00000006d6246f70}: 'int java.lang.invoke.DirectMethodHandle$Holder.invokeStaticInit(java.lang.Object, java.lang.Object, java.lang.Object)'> (0x00000006d6246f70) 
thrown [s\open\src\hotspot\share\interpreter\linkResolver.cpp, line 774]
Event: 2.476 Thread 0x00000187aaaf29e0 Exception <a 'java/lang/NoSuchMethodError'{0x00000006d6348508}: 'int java.lang.invoke.DirectMethodHandle$Holder.invokeInterface(java.lang.Object, java.lang.Object)'> (0x00000006d6348508) 
thrown [s\open\src\hotspot\share\interpreter\linkResolver.cpp, line 774]
Event: 2.522 Thread 0x00000187aaaf29e0 Exception <a 'java/lang/NoSuchMethodError'{0x00000006d63fdb78}: 'void java.lang.invoke.DirectMethodHandle$Holder.invokeStaticInit(java.lang.Object, java.lang.Object)'> (0x00000006d63fdb78) 
thrown [s\open\src\hotspot\share\interpreter\linkResolver.cpp, line 774]
Event: 2.565 Thread 0x00000187aaaf29e0 Exception <a 'java/lang/NoSuchMethodError'{0x00000006d5cb01e8}: 'int java.lang.invoke.DirectMethodHandle$Holder.invokeVirtual(java.lang.Object, java.lang.Object, java.lang.Object)'> (0x00000006d5cb01e8) 
thrown [s\open\src\hotspot\share\interpreter\linkResolver.cpp, line 774]
Event: 2.636 Thread 0x00000187aaaf29e0 Exception <a 'java/lang/IncompatibleClassChangeError'{0x00000006d5dc3ec8}: Found class java.lang.Object, but interface was expected> (0x00000006d5dc3ec8) 
thrown [s\open\src\hotspot\share\interpreter\linkResolver.cpp, line 841]
Event: 2.708 Thread 0x00000187aaaf29e0 Exception <a 'java/lang/NoSuchMethodError'{0x00000006d5edb208}: 'int java.lang.invoke.DirectMethodHandle$Holder.invokeSpecial(java.lang.Object, java.lang.Object, java.lang.Object, java.lang.Object)'> (0x00000006d5edb208) 
thrown [s\open\src\hotspot\share\interpreter\linkResolver.cpp, line 774]
Event: 2.721 Thread 0x00000187aaaf29e0 Exception <a 'sun/nio/fs/WindowsException'{0x00000006d5ef7a78}> (0x00000006d5ef7a78) 
thrown [s\open\src\hotspot\share\prims\jni.cpp, line 517]
Event: 2.722 Thread 0x00000187aaaf29e0 Exception <a 'java/lang/NoSuchMethodError'{0x00000006d5ef9398}: 'int java.lang.invoke.DirectMethodHandle$Holder.invokeSpecial(java.lang.Object, java.lang.Object, java.lang.Object, java.lang.Object, java.lang.Object)'> (0x00000006d5ef9398) 
thrown [s\open\src\hotspot\share\interpreter\linkResolver.cpp, line 774]
Event: 2.726 Thread 0x00000187aaaf29e0 Exception <a 'java/lang/NoSuchMethodError'{0x00000006d5f023e8}: 'void java.lang.invoke.DirectMethodHandle$Holder.invokeVirtual(java.lang.Object, java.lang.Object)'> (0x00000006d5f023e8) 
thrown [s\open\src\hotspot\share\interpreter\linkResolver.cpp, line 774]
Event: 2.736 Thread 0x00000187aaaf29e0 Exception <a 'sun/nio/fs/WindowsException'{0x00000006d5f1b2f0}> (0x00000006d5f1b2f0) 
thrown [s\open\src\hotspot\share\prims\jni.cpp, line 517]
Event: 2.952 Thread 0x00000187aaaf29e0 Exception <a 'java/lang/NoSuchMethodError'{0x00000006d59ff290}: 'void java.lang.invoke.DirectMethodHandle$Holder.invokeVirtual(java.lang.Object, java.lang.Object, java.lang.Object, java.lang.Object)'> (0x00000006d59ff290) 
thrown [s\open\src\hotspot\share\interpreter\linkResolver.cpp, line 774]
Event: 3.184 Thread 0x00000187aaaf29e0 Exception <a 'java/lang/NoSuchMethodError'{0x00000006d519b128}: 'java.lang.Object java.lang.invoke.DirectMethodHandle$Holder.newInvokeSpecial(java.lang.Object, java.lang.Object, java.lang.Object, java.lang.Object, java.lang.Object, java.lang.Object, java.lang.Object)'> (0x00000006d519b128) 
thrown [s\open\src\hotspot\share\interpreter\linkResolver.cpp, line 774]
Event: 3.260 Thread 0x00000187aaaf29e0 Exception <a 'java/lang/NoSuchMethodError'{0x00000006d532c878}: 'java.lang.Object java.lang.invoke.DirectMethodHandle$Holder.invokeInterface(java.lang.Object, java.lang.Object, java.lang.Object, java.lang.Object)'> (0x00000006d532c878) 
thrown [s\open\src\hotspot\share\interpreter\linkResolver.cpp, line 774]
Event: 3.271 Thread 0x00000187aaaf29e0 Exception <a 'java/lang/NoSuchMethodError'{0x00000006d5346de0}: 'java.lang.Object java.lang.invoke.DirectMethodHandle$Holder.newInvokeSpecial(java.lang.Object, java.lang.Object, java.lang.Object, java.lang.Object, int)'> (0x00000006d5346de0) 
thrown [s\open\src\hotspot\share\interpreter\linkResolver.cpp, line 774]
Event: 3.272 Thread 0x00000187aaaf29e0 Exception <a 'java/lang/NoSuchMethodError'{0x00000006d534b5d0}: 'java.lang.Object java.lang.invoke.DirectMethodHandle$Holder.invokeSpecial(java.lang.Object, java.lang.Object, java.lang.Object, java.lang.Object, java.lang.Object, int)'> (0x00000006d534b5d0) 
thrown [s\open\src\hotspot\share\interpreter\linkResolver.cpp, line 774]
Event: 3.272 Thread 0x00000187aaaf29e0 Exception <a 'java/lang/NoSuchMethodError'{0x00000006d534f580}: 'java.lang.Object java.lang.invoke.Invokers$Holder.linkToTargetMethod(java.lang.Object, java.lang.Object, java.lang.Object, int, java.lang.Object)'> (0x00000006d534f580) 
thrown [s\open\src\hotspot\share\interpreter\linkResolver.cpp, line 774]
Event: 3.285 Thread 0x00000187aaaf29e0 Exception <a 'java/lang/NoSuchMethodError'{0x00000006d537bf78}: 'java.lang.Object java.lang.invoke.DirectMethodHandle$Holder.invokeInterface(java.lang.Object, java.lang.Object, java.lang.Object, java.lang.Object, java.lang.Object)'> (0x00000006d537bf78) 
thrown [s\open\src\hotspot\share\interpreter\linkResolver.cpp, line 774]
Event: 3.286 Thread 0x00000187aaaf29e0 Exception <a 'java/lang/IncompatibleClassChangeError'{0x00000006d537fd88}: Found class java.lang.Object, but interface was expected> (0x00000006d537fd88) 
thrown [s\open\src\hotspot\share\interpreter\linkResolver.cpp, line 841]

VM Operations (20 events):
Event: 1.776 Executing VM operation: HandshakeAllThreads
Event: 1.776 Executing VM operation: HandshakeAllThreads done
Event: 1.953 Executing VM operation: HandshakeAllThreads
Event: 1.953 Executing VM operation: HandshakeAllThreads done
Event: 2.059 Executing VM operation: HandshakeAllThreads
Event: 2.059 Executing VM operation: HandshakeAllThreads done
Event: 2.280 Executing VM operation: G1CollectForAllocation
Event: 2.285 Executing VM operation: G1CollectForAllocation done
Event: 2.303 Executing VM operation: HandshakeAllThreads
Event: 2.303 Executing VM operation: HandshakeAllThreads done
Event: 2.478 Executing VM operation: HandshakeAllThreads
Event: 2.479 Executing VM operation: HandshakeAllThreads done
Event: 2.660 Executing VM operation: HandshakeAllThreads
Event: 2.660 Executing VM operation: HandshakeAllThreads done
Event: 2.940 Executing VM operation: HandshakeAllThreads
Event: 2.940 Executing VM operation: HandshakeAllThreads done
Event: 3.294 Executing VM operation: HandshakeAllThreads
Event: 3.294 Executing VM operation: HandshakeAllThreads done
Event: 3.294 Executing VM operation: Cleanup
Event: 3.294 Executing VM operation: Cleanup done

Events (19 events):
Event: 0.044 Thread 0x00000187aaaf29e0 Thread added: 0x00000187aaaf29e0
Event: 0.072 Thread 0x00000187d004eec0 Thread added: 0x00000187d004eec0
Event: 0.072 Thread 0x00000187d004f9f0 Thread added: 0x00000187d004f9f0
Event: 0.073 Thread 0x00000187d00548a0 Thread added: 0x00000187d00548a0
Event: 0.073 Thread 0x00000187d00573e0 Thread added: 0x00000187d00573e0
Event: 0.073 Thread 0x00000187d0059d20 Thread added: 0x00000187d0059d20
Event: 0.074 Thread 0x00000187d005c660 Thread added: 0x00000187d005c660
Event: 0.074 Thread 0x00000187d0064a30 Thread added: 0x00000187d0064a30
Event: 0.074 Thread 0x00000187d006f1b0 Thread added: 0x00000187d006f1b0
Event: 0.074 Thread 0x00000187d006fb20 Thread added: 0x00000187d006fb20
Event: 0.111 Thread 0x00000187d4917430 Thread added: 0x00000187d4917430
Event: 0.116 Thread 0x00000187d49181e0 Thread added: 0x00000187d49181e0
Event: 0.754 Thread 0x00000187d4e1df10 Thread added: 0x00000187d4e1df10
Event: 0.803 Thread 0x00000187d4f70da0 Thread added: 0x00000187d4f70da0
Event: 0.911 Thread 0x00000187d4f8e1c0 Thread added: 0x00000187d4f8e1c0
Event: 1.542 Thread 0x00000187d4f8e1c0 Thread exited: 0x00000187d4f8e1c0
Event: 2.926 Thread 0x00000187d5c7bde0 Thread added: 0x00000187d5c7bde0
Event: 3.113 Thread 0x00000187d5c7bde0 Thread exited: 0x00000187d5c7bde0
Event: 3.343 Thread 0x00000187d5c5a500 Thread added: 0x00000187d5c5a500


Dynamic libraries:
0x00007ff709ea0000 - 0x00007ff709eb0000 	C:\Program Files\Java\jdk-19\bin\java.exe
0x00007ffcf1e50000 - 0x00007ffcf2066000 	C:\WINDOWS\SYSTEM32\ntdll.dll
0x00007ffcf0920000 - 0x00007ffcf09e4000 	C:\WINDOWS\System32\KERNEL32.DLL
0x00007ffcef7d0000 - 0x00007ffcefb77000 	C:\WINDOWS\System32\KERNELBASE.dll
0x00007ffcef1f0000 - 0x00007ffcef301000 	C:\WINDOWS\System32\ucrtbase.dll
0x00007ffce65c0000 - 0x00007ffce65db000 	C:\Program Files\Java\jdk-19\bin\VCRUNTIME140.dll
0x00007ffce65a0000 - 0x00007ffce65b8000 	C:\Program Files\Java\jdk-19\bin\jli.dll
0x00007ffcf0590000 - 0x00007ffcf0642000 	C:\WINDOWS\System32\ADVAPI32.dll
0x00007ffcf1ca0000 - 0x00007ffcf1d47000 	C:\WINDOWS\System32\msvcrt.dll
0x00007ffcf0e20000 - 0x00007ffcf0ec8000 	C:\WINDOWS\System32\sechost.dll
0x00007ffcef770000 - 0x00007ffcef798000 	C:\WINDOWS\System32\bcrypt.dll
0x00007ffcf0650000 - 0x00007ffcf0765000 	C:\WINDOWS\System32\RPCRT4.dll
0x00007ffceff50000 - 0x00007ffcf00fe000 	C:\WINDOWS\System32\USER32.dll
0x00007ffcef7a0000 - 0x00007ffcef7c6000 	C:\WINDOWS\System32\win32u.dll
0x00007ffcd8130000 - 0x00007ffcd83c3000 	C:\WINDOWS\WinSxS\amd64_microsoft.windows.common-controls_6595b64144ccf1df_6.0.22621.3235_none_270f74e173860f98\COMCTL32.dll
0x00007ffcf0ad0000 - 0x00007ffcf0af9000 	C:\WINDOWS\System32\GDI32.dll
0x00007ffcef540000 - 0x00007ffcef659000 	C:\WINDOWS\System32\gdi32full.dll
0x00007ffcef6d0000 - 0x00007ffcef76a000 	C:\WINDOWS\System32\msvcp_win.dll
0x00007ffce5db0000 - 0x00007ffce5dba000 	C:\WINDOWS\SYSTEM32\VERSION.dll
0x00007ffcf07d0000 - 0x00007ffcf0801000 	C:\WINDOWS\System32\IMM32.DLL
0x00007ffce6590000 - 0x00007ffce659c000 	C:\Program Files\Java\jdk-19\bin\vcruntime140_1.dll
0x00007ffce6500000 - 0x00007ffce658e000 	C:\Program Files\Java\jdk-19\bin\msvcp140.dll
0x00007ffc65840000 - 0x00007ffc66500000 	C:\Program Files\Java\jdk-19\bin\server\jvm.dll
0x00007ffcc77b0000 - 0x00007ffcc77b9000 	C:\WINDOWS\SYSTEM32\WSOCK32.dll
0x00007ffce57d0000 - 0x00007ffce5804000 	C:\WINDOWS\SYSTEM32\WINMM.dll
0x00007ffcf1bc0000 - 0x00007ffcf1c31000 	C:\WINDOWS\System32\WS2_32.dll
0x00007ffcee170000 - 0x00007ffcee188000 	C:\WINDOWS\SYSTEM32\kernel.appcore.dll
0x00007ffce64f0000 - 0x00007ffce64fa000 	C:\Program Files\Java\jdk-19\bin\jimage.dll
0x00007ffce9a10000 - 0x00007ffce9c43000 	C:\WINDOWS\SYSTEM32\DBGHELP.DLL
0x00007ffcefb80000 - 0x00007ffceff08000 	C:\WINDOWS\System32\combase.dll
0x00007ffcf09f0000 - 0x00007ffcf0ac7000 	C:\WINDOWS\System32\OLEAUT32.dll
0x00007ffcd36d0000 - 0x00007ffcd3702000 	C:\WINDOWS\SYSTEM32\dbgcore.DLL
0x00007ffcef170000 - 0x00007ffcef1e9000 	C:\WINDOWS\System32\bcryptPrimitives.dll
0x00007ffce64c0000 - 0x00007ffce64e6000 	C:\Program Files\Java\jdk-19\bin\java.dll
0x00007ffcaa3e0000 - 0x00007ffcaa4b7000 	C:\Program Files\Java\jdk-19\bin\jsvml.dll
0x00007ffcf1030000 - 0x00007ffcf188c000 	C:\WINDOWS\System32\SHELL32.dll
0x00007ffced080000 - 0x00007ffced979000 	C:\WINDOWS\SYSTEM32\windows.storage.dll
0x00007ffcecf40000 - 0x00007ffced07e000 	C:\WINDOWS\SYSTEM32\wintypes.dll
0x00007ffcf0820000 - 0x00007ffcf0913000 	C:\WINDOWS\System32\SHCORE.dll
0x00007ffcf1c40000 - 0x00007ffcf1c9e000 	C:\WINDOWS\System32\shlwapi.dll
0x00007ffcef0a0000 - 0x00007ffcef0c1000 	C:\WINDOWS\SYSTEM32\profapi.dll
0x00007ffce64a0000 - 0x00007ffce64b3000 	C:\Program Files\Java\jdk-19\bin\net.dll
0x00007ffce5aa0000 - 0x00007ffce5bd6000 	C:\WINDOWS\SYSTEM32\WINHTTP.dll
0x00007ffcee6c0000 - 0x00007ffcee729000 	C:\WINDOWS\system32\mswsock.dll
0x00007ffce5860000 - 0x00007ffce5876000 	C:\Program Files\Java\jdk-19\bin\nio.dll
0x00007ffce5840000 - 0x00007ffce5858000 	C:\Program Files\Java\jdk-19\bin\zip.dll
0x00007ffce6490000 - 0x00007ffce649a000 	C:\Program Files\Java\jdk-19\bin\management.dll
0x00007ffce2b10000 - 0x00007ffce2b1b000 	C:\Program Files\Java\jdk-19\bin\management_ext.dll
0x00007ffceff10000 - 0x00007ffceff18000 	C:\WINDOWS\System32\PSAPI.DLL

dbghelp: loaded successfully - version: 4.0.5 - missing functions: none
symbol engine: initialized successfully - sym options: 0x614 - pdb path: .;C:\Program Files\Java\jdk-19\bin;C:\WINDOWS\SYSTEM32;C:\WINDOWS\WinSxS\amd64_microsoft.windows.common-controls_6595b64144ccf1df_6.0.22621.3235_none_270f74e173860f98;C:\Program Files\Java\jdk-19\bin\server

VM Arguments:
java_command: C:\Users\DMX BINH SON\AppData\Local\Temp\surefire7454778715728529897\surefirebooter-20240415010438285_3.jar C:\Users\DMX BINH SON\AppData\Local\Temp\surefire7454778715728529897 2024-04-15T01-04-37_783-jvmRun1 surefire-20240415010438285_1tmp surefire_0-20240415010438285_2tmp
java_class_path (initial): C:\Users\DMX BINH SON\AppData\Local\Temp\surefire7454778715728529897\surefirebooter-20240415010438285_3.jar
Launcher Type: SUN_STANDARD

[Global flags]
     intx CICompilerCount                          = 4                                         {product} {ergonomic}
     uint ConcGCThreads                            = 2                                         {product} {ergonomic}
     uint G1ConcRefinementThreads                  = 8                                         {product} {ergonomic}
   size_t G1HeapRegionSize                         = 4194304                                   {product} {ergonomic}
    uintx GCDrainStackTargetSize                   = 64                                        {product} {ergonomic}
   size_t InitialHeapSize                          = 335544320                                 {product} {ergonomic}
   size_t MarkStackSize                            = 4194304                                   {product} {ergonomic}
   size_t MaxHeapSize                              = 5330960384                                {product} {ergonomic}
   size_t MaxNewSize                               = 3196059648                                {product} {ergonomic}
   size_t MinHeapDeltaBytes                        = 4194304                                   {product} {ergonomic}
   size_t MinHeapSize                              = 8388608                                   {product} {ergonomic}
    uintx NonNMethodCodeHeapSize                   = 5839372                                {pd product} {ergonomic}
    uintx NonProfiledCodeHeapSize                  = 122909434                              {pd product} {ergonomic}
    uintx ProfiledCodeHeapSize                     = 122909434                              {pd product} {ergonomic}
    uintx ReservedCodeCacheSize                    = 251658240                              {pd product} {ergonomic}
     bool SegmentedCodeCache                       = true                                      {product} {ergonomic}
   size_t SoftMaxHeapSize                          = 5330960384                             {manageable} {ergonomic}
     bool UseCompressedClassPointers               = true                           {product lp64_product} {ergonomic}
     bool UseCompressedOops                        = true                           {product lp64_product} {ergonomic}
     bool UseG1GC                                  = true                                      {product} {ergonomic}
     bool UseLargePagesIndividualAllocation        = false                                  {pd product} {ergonomic}

Logging:
Log output configuration:
 #0: stdout all=warning uptime,level,tags foldmultilines=false
 #1: stderr all=off uptime,level,tags foldmultilines=false

Environment Variables:
JAVA_HOME=C:\Program Files\Java\jdk-19
PATH=C:\Program Files (x86)\VMware\VMware Player\bin\;C:\Python312\Scripts\;C:\Python312\;C:\Program Files\Common Files\Oracle\Java\javapath;C:\Windows\system32;C:\Windows;C:\Windows\System32\Wbem;C:\Windows\System32\WindowsPowerShell\v1.0\;C:\Windows\System32\OpenSSH\;C:\Program Files (x86)\NVIDIA Corporation\PhysX\Common;C:\Program Files\NVIDIA Corporation\NVIDIA NvDLISR;C:\WINDOWS\system32;C:\WINDOWS;C:\WINDOWS\System32\Wbem;C:\WINDOWS\System32\WindowsPowerShell\v1.0\;C:\WINDOWS\System32\OpenSSH\;C:\Program Files (x86)\File Viewer Lite\lib\magick;C:\Program Files\Git\cmd;C:\WINDOWS\system32;C:\WINDOWS;C:\WINDOWS\System32\Wbem;C:\WINDOWS\System32\WindowsPowerShell\v1.0\;C:\WINDOWS\System32\OpenSSH\;C:\MinGW\bin;C:\Program Files (x86)\Microsoft SQL Server\150\Tools\Binn\;C:\Program Files\Microsoft SQL Server\150\Tools\Binn\;C:\Program Files (x86)\Microsoft SQL Server\150\DTS\Binn\;C:\Program Files\Microsoft SQL Server\150\DTS\Binn\;C:\Program Files\Microsoft SQL Server\Client SDK\ODBC\170\Tools\Binn\;C:\Users\DMX BINH SON\AppData\Local\Microsoft\WindowsApps;C:\Program Files\Java\jdk-19\bin;C:\apache-maven-3.9.5\bin;C:\Program Files\nodejs\;C:\ProgramData\chocolatey\bin;C:\Program Files\dotnet\;C:\Program Files\Docker\Docker\resources\bin;C:\Users\DMX BINH SON\.cargo\bin;C:\Users\DMX BINH SON\AppData\Local\Microsoft\WindowsApps;C:\Users\DMX BINH SON\Documents\VSCODE\mingw64\bin;E:\mingw-w64\i686-8.1.0-posix-dwarf-rt_v6-rev0\mingw32\bin”;C:\Users\DMX BINH SON\AppData\Local\Programs\Microsoft VS Code\bin;C:\Program Files\Azure Data Studio\bin;C:\Users\DMX BINH SON\IntelliJ IDEA Community Edition 232.8660.48\bin;;C:\Users\DMX BINH SON\AppData\Roaming\npm;C:\Users\DMX BINH SON\.dotnet\tools
USERNAME=Phat
OS=Windows_NT
PROCESSOR_IDENTIFIER=Intel64 Family 6 Model 142 Stepping 11, GenuineIntel
TMP=C:\Users\DMXBIN~1\AppData\Local\Temp
TEMP=C:\Users\DMXBIN~1\AppData\Local\Temp



---------------  S Y S T E M  ---------------

OS:
 Windows 11 , 64 bit Build 22621 (10.0.22621.3374)
OS uptime: 0 days 2:39 hours
Hyper-V role detected

CPU: total 8 (initial active 8) (4 cores per cpu, 2 threads per core) family 6 model 142 stepping 11 microcode 0xde, cx8, cmov, fxsr, ht, mmx, 3dnowpref, sse, sse2, sse3, ssse3, sse4.1, sse4.2, popcnt, lzcnt, tsc, tscinvbit, avx, avx2, aes, erms, clmul, bmi1, bmi2, adx, fma, vzeroupper, clflush, clflushopt, hv, rdtscp

Memory: 4k page, system-wide physical 20327M (5306M free)
TotalPageFile size 21827M (AvailPageFile size 289M)
current process WorkingSet (physical memory assigned to process): 105M, peak: 105M
current process commit charge ("private bytes"): 445M, peak: 446M

vm_info: Java HotSpot(TM) 64-Bit Server VM (19.0.2+7-44) for windows-amd64 JRE (19.0.2+7-44), built on 2022-11-30T18:02:09Z by "mach5one" with MS VC++ 17.1 (VS2022)

END.
