#
# There is insufficient memory for the Java Runtime Environment to continue.
# Native memory allocation (malloc) failed to allocate 3611216 bytes for Chunk::new
# Possible reasons:
#   The system is out of physical RAM or swap space
#   The process is running with CompressedOops enabled, and the Java Heap may be blocking the growth of the native heap
# Possible solutions:
#   Reduce memory load on the system
#   Increase physical memory or swap space
#   Check if swap backing store is full
#   Decrease Java heap size (-Xmx/-Xms)
#   Decrease number of Java threads
#   Decrease Java thread stack sizes (-Xss)
#   Set larger code cache with -XX:ReservedCodeCacheSize=
#   JVM is running with Zero Based Compressed Oops mode in which the Java heap is
#     placed in the first 32GB address space. The Java Heap base address is the
#     maximum limit for the native heap growth. Please use -XX:HeapBaseMinAddress
#     to set the Java Heap base and to place the Java Heap above 32GB virtual address.
# This output file may be truncated or incomplete.
#
#  Out of Memory Error (arena.cpp:184), pid=15056, tid=9028
#
# JRE version: Java(TM) SE Runtime Environment (19.0.2+7) (build 19.0.2+7-44)
# Java VM: Java HotSpot(TM) 64-Bit Server VM (19.0.2+7-44, mixed mode, sharing, tiered, compressed oops, compressed class ptrs, g1 gc, windows-amd64)
# No core dump will be written. Minidumps are not enabled by default on client versions of Windows
#

---------------  S U M M A R Y ------------

Command Line: -Dmaven.multiModuleProjectDirectory=C:\Users\DMX BINH SON\Documents\springboot-blog-application-rest-api -Djansi.passthrough=true -Dmaven.home=C:\Users\DMX BINH SON\.m2\wrapper\dists\apache-maven-3.9.5-bin\2adeog8mj13csp1uusqnc1f2mo\apache-maven-3.9.5 -Dclassworlds.conf=C:\Users\DMX BINH SON\.m2\wrapper\dists\apache-maven-3.9.5-bin\2adeog8mj13csp1uusqnc1f2mo\apache-maven-3.9.5\bin\m2.conf -Dmaven.ext.class.path=C:\Users\DMX BINH SON\IntelliJ IDEA Community Edition 232.8660.48\plugins\maven\lib\maven-event-listener.jar -javaagent:C:\Users\DMX BINH SON\IntelliJ IDEA Community Edition 232.8660.48\lib\idea_rt.jar=63472:C:\Users\DMX BINH SON\IntelliJ IDEA Community Edition 232.8660.48\bin -Dfile.encoding=UTF-8 -Dsun.stdout.encoding=UTF-8 -Dsun.stderr.encoding=UTF-8 org.codehaus.classworlds.Launcher -Didea.version=2024.1 clean install

Host: Intel(R) Core(TM) i7-8565U CPU @ 1.80GHz, 8 cores, 19G,  Windows 11 , 64 bit Build 22621 (10.0.22621.3374)
Time: Mon Apr 15 01:04:41 2024 SE Asia Standard Time elapsed time: 30.482462 seconds (0d 0h 0m 30s)

---------------  T H R E A D  ---------------

Current thread (0x00000265a137ff60):  JavaThread "C2 CompilerThread0" daemon [_thread_in_native, id=9028, stack(0x000000671a700000,0x000000671a800000)]


Current CompileTask:
C2:  30482 9752       4       org.codehaus.plexus.classworlds.realm.ClassRealm::loadClass (7 bytes)

Stack: [0x000000671a700000,0x000000671a800000]
Native frames: (J=compiled Java code, j=interpreted, Vv=VM code, C=native code)
V  [jvm.dll+0x6ee21a]
V  [jvm.dll+0x85765e]
V  [jvm.dll+0x85904e]
V  [jvm.dll+0x859703]
V  [jvm.dll+0x28298f]
V  [jvm.dll+0xc9adf]
V  [jvm.dll+0xc9e65]
V  [jvm.dll+0x2f7caf]
V  [jvm.dll+0x5f076b]
V  [jvm.dll+0x25590c]
V  [jvm.dll+0x24e1a7]
V  [jvm.dll+0x24b673]
V  [jvm.dll+0x1d6ce1]
V  [jvm.dll+0x25b25a]
V  [jvm.dll+0x2596e8]
V  [jvm.dll+0x807588]
V  [jvm.dll+0x80125a]
V  [jvm.dll+0x6ecf0b]
C  [ucrtbase.dll+0x29333]
C  [KERNEL32.DLL+0x1257d]
C  [ntdll.dll+0x5aa48]


---------------  P R O C E S S  ---------------

Threads class SMR info:
_java_thread_list=0x00000265a75dfd60, length=20, elements={
0x00000265fb949e40, 0x00000265a1367870, 0x00000265a1368660, 0x00000265a136b6e0,
0x00000265a136d220, 0x00000265a1373c70, 0x00000265a13765b0, 0x00000265a137ff60,
0x00000265a13808d0, 0x00000265a1381640, 0x00000265a5607950, 0x00000265a560ae70,
0x00000265a5607ea0, 0x00000265a7a14050, 0x00000265a891f0e0, 0x00000265a891e640,
0x00000265a8920b70, 0x00000265a8924090, 0x00000265a8922b50, 0x00000265a89245e0
}

Java Threads: ( => current thread )
  0x00000265fb949e40 JavaThread "main" [_thread_in_native, id=14968, stack(0x0000006719a00000,0x0000006719b00000)]
  0x00000265a1367870 JavaThread "Reference Handler" daemon [_thread_blocked, id=12436, stack(0x000000671a100000,0x000000671a200000)]
  0x00000265a1368660 JavaThread "Finalizer" daemon [_thread_blocked, id=2936, stack(0x000000671a200000,0x000000671a300000)]
  0x00000265a136b6e0 JavaThread "Signal Dispatcher" daemon [_thread_blocked, id=2940, stack(0x000000671a300000,0x000000671a400000)]
  0x00000265a136d220 JavaThread "Attach Listener" daemon [_thread_blocked, id=10456, stack(0x000000671a400000,0x000000671a500000)]
  0x00000265a1373c70 JavaThread "Service Thread" daemon [_thread_blocked, id=12452, stack(0x000000671a500000,0x000000671a600000)]
  0x00000265a13765b0 JavaThread "Monitor Deflation Thread" daemon [_thread_blocked, id=3004, stack(0x000000671a600000,0x000000671a700000)]
=>0x00000265a137ff60 JavaThread "C2 CompilerThread0" daemon [_thread_in_native, id=9028, stack(0x000000671a700000,0x000000671a800000)]
  0x00000265a13808d0 JavaThread "C1 CompilerThread0" daemon [_thread_blocked, id=3092, stack(0x000000671a800000,0x000000671a900000)]
  0x00000265a1381640 JavaThread "Sweeper thread" daemon [_thread_blocked, id=16904, stack(0x000000671a900000,0x000000671aa00000)]
  0x00000265a5607950 JavaThread "Common-Cleaner" daemon [_thread_blocked, id=16412, stack(0x000000671aa00000,0x000000671ab00000)]
  0x00000265a560ae70 JavaThread "Monitor Ctrl-Break" daemon [_thread_in_native, id=17104, stack(0x000000671ab00000,0x000000671ac00000)]
  0x00000265a5607ea0 JavaThread "Notification Thread" daemon [_thread_blocked, id=14396, stack(0x000000671ac00000,0x000000671ad00000)]
  0x00000265a7a14050 JavaThread "C2 CompilerThread1" daemon [_thread_in_native, id=5948, stack(0x000000671ae00000,0x000000671af00000)]
  0x00000265a891f0e0 JavaThread "timeout-check-timer" daemon [_thread_blocked, id=11116, stack(0x000000671b600000,0x000000671b700000)]
  0x00000265a891e640 JavaThread "ping-timer-10s" daemon [_thread_blocked, id=16852, stack(0x000000671b800000,0x000000671b900000)]
  0x00000265a8920b70 JavaThread "ThreadedStreamConsumer" daemon [_thread_blocked, id=17188, stack(0x000000671ba00000,0x000000671bb00000)]
  0x00000265a8924090 JavaThread "fork-1-err-thread" daemon [_thread_in_native, id=16868, stack(0x000000671bb00000,0x000000671bc00000)]
  0x00000265a8922b50 JavaThread "commands-fork-1" daemon [_thread_blocked, id=14468, stack(0x000000671bc00000,0x000000671bd00000)]
  0x00000265a89245e0 JavaThread "fork-1-event-thread" daemon [_thread_in_native, id=8572, stack(0x000000671bd00000,0x000000671be00000)]

Other Threads:
  0x00000265a134f430 VMThread "VM Thread" [stack: 0x000000671a000000,0x000000671a100000] [id=13600]
  0x00000265a5714c20 WatcherThread "VM Periodic Task Thread" [stack: 0x000000671ad00000,0x000000671ae00000] [id=5324]
  0x00000265fb9c5980 WorkerThread "GC Thread#0" [stack: 0x0000006719b00000,0x0000006719c00000] [id=11188]
  0x00000265a6129790 WorkerThread "GC Thread#1" [stack: 0x000000671af00000,0x000000671b000000] [id=15592]
  0x00000265a630c040 WorkerThread "GC Thread#2" [stack: 0x000000671b000000,0x000000671b100000] [id=7836]
  0x00000265a630c310 WorkerThread "GC Thread#3" [stack: 0x000000671b100000,0x000000671b200000] [id=10000]
  0x00000265a5d65a20 WorkerThread "GC Thread#4" [stack: 0x000000671b200000,0x000000671b300000] [id=12296]
  0x00000265a5d64940 WorkerThread "GC Thread#5" [stack: 0x000000671b300000,0x000000671b400000] [id=5652]
  0x00000265a5d63e00 WorkerThread "GC Thread#6" [stack: 0x000000671b400000,0x000000671b500000] [id=17176]
  0x00000265a5d65750 WorkerThread "GC Thread#7" [stack: 0x000000671b500000,0x000000671b600000] [id=9460]
  0x00000265fb9d0860 ConcurrentGCThread "G1 Main Marker" [stack: 0x0000006719c00000,0x0000006719d00000] [id=13444]
  0x00000265fb9d11a0 WorkerThread "G1 Conc#0" [stack: 0x0000006719d00000,0x0000006719e00000] [id=15700]
  0x00000265a6802fd0 WorkerThread "G1 Conc#1" [stack: 0x000000671b700000,0x000000671b800000] [id=16708]
  0x00000265fb9fe7d0 ConcurrentGCThread "G1 Refine#0" [stack: 0x0000006719e00000,0x0000006719f00000] [id=9980]
  0x00000265a12119f0 ConcurrentGCThread "G1 Service" [stack: 0x0000006719f00000,0x000000671a000000] [id=6008]

Threads with active compile tasks:
C2 CompilerThread0    30554 9752       4       org.codehaus.plexus.classworlds.realm.ClassRealm::loadClass (7 bytes)
C2 CompilerThread1    30554 9546   !   4       java.lang.ClassLoader::loadClass (121 bytes)

VM state: not at safepoint (normal execution)

VM Mutex/Monitor currently owned by a thread: None

Heap address: 0x00000006c2400000, size: 5084 MB, Compressed Oops mode: Zero based, Oop shift amount: 3

CDS archive(s) mapped at: [0x0000000800000000-0x0000000800c40000-0x0000000800c40000), size 12845056, SharedBaseAddress: 0x0000000800000000, ArchiveRelocationMode: 0.
Compressed class space mapped at: 0x0000000801000000-0x0000000841000000, reserved size: 1073741824
Narrow klass base: 0x0000000800000000, Narrow klass shift: 0, Narrow klass range: 0x100000000

GC Precious Log:
 CardTable entry size: 512
 Card Set container configuration: InlinePtr #cards 4 size 8 Array Of Cards #cards 32 size 80 Howl #buckets 8 coarsen threshold 7372 Howl Bitmap #cards 1024 size 144 coarsen threshold 921 Card regions per heap region 1 cards per card region 8192
 CPUs: 8 total, 8 available
 Memory: 20327M
 Large Page Support: Disabled
 NUMA Support: Disabled
 Compressed Oops: Enabled (Zero based)
 Heap Region Size: 4M
 Heap Min Capacity: 8M
 Heap Initial Capacity: 320M
 Heap Max Capacity: 5084M
 Pre-touch: Disabled
 Parallel Workers: 8
 Concurrent Workers: 2
 Concurrent Refinement Workers: 8
 Periodic GC: Disabled

Heap:
 garbage-first heap   total 192512K, used 98016K [0x00000006c2400000, 0x0000000800000000)
  region size 4096K, 7 young (28672K), 1 survivors (4096K)
 Metaspace       used 35320K, committed 35840K, reserved 1114112K
  class space    used 3774K, committed 4032K, reserved 1048576K

Heap Regions: E=young(eden), S=young(survivor), O=old, HS=humongous(starts), HC=humongous(continues), CS=collection set, F=free, OA=open archive, CA=closed archive, TAMS=top-at-mark-start (previous, next)
|   0|0x00000006c2400000, 0x00000006c278d400, 0x00000006c2800000| 88%| O|  |TAMS 0x00000006c278d400, 0x00000006c2400000| Untracked 
|   1|0x00000006c2800000, 0x00000006c2c00000, 0x00000006c2c00000|100%| O|  |TAMS 0x00000006c2c00000, 0x00000006c2800000| Complete 
|   2|0x00000006c2c00000, 0x00000006c3000000, 0x00000006c3000000|100%| O|  |TAMS 0x00000006c3000000, 0x00000006c2c00000| Complete 
|   3|0x00000006c3000000, 0x00000006c3400000, 0x00000006c3400000|100%| O|  |TAMS 0x00000006c3400000, 0x00000006c3000000| Complete 
|   4|0x00000006c3400000, 0x00000006c3800000, 0x00000006c3800000|100%| O|  |TAMS 0x00000006c3800000, 0x00000006c3400000| Complete 
|   5|0x00000006c3800000, 0x00000006c3c00000, 0x00000006c3c00000|100%| O|  |TAMS 0x00000006c3c00000, 0x00000006c3800000| Complete 
|   6|0x00000006c3c00000, 0x00000006c4000000, 0x00000006c4000000|100%| O|  |TAMS 0x00000006c4000000, 0x00000006c3c00000| Complete 
|   7|0x00000006c4000000, 0x00000006c4400000, 0x00000006c4400000|100%| O|  |TAMS 0x00000006c4400000, 0x00000006c4000000| Untracked 
|   8|0x00000006c4400000, 0x00000006c4800000, 0x00000006c4800000|100%| O|  |TAMS 0x00000006c4800000, 0x00000006c4400000| Complete 
|   9|0x00000006c4800000, 0x00000006c4c00000, 0x00000006c4c00000|100%| O|  |TAMS 0x00000006c4c00000, 0x00000006c4800000| Complete 
|  10|0x00000006c4c00000, 0x00000006c5000000, 0x00000006c5000000|100%| O|  |TAMS 0x00000006c5000000, 0x00000006c4c00000| Untracked 
|  11|0x00000006c5000000, 0x00000006c5400000, 0x00000006c5400000|100%| O|  |TAMS 0x00000006c5171a00, 0x00000006c5000000| Untracked 
|  12|0x00000006c5400000, 0x00000006c565e200, 0x00000006c5800000| 59%| O|  |TAMS 0x00000006c5400000, 0x00000006c5400000| Untracked 
|  13|0x00000006c5800000, 0x00000006c5800000, 0x00000006c5c00000|  0%| F|  |TAMS 0x00000006c5800000, 0x00000006c5800000| Untracked 
|  14|0x00000006c5c00000, 0x00000006c5c00000, 0x00000006c6000000|  0%| F|  |TAMS 0x00000006c5c00000, 0x00000006c5c00000| Untracked 
|  15|0x00000006c6000000, 0x00000006c6000000, 0x00000006c6400000|  0%| F|  |TAMS 0x00000006c6000000, 0x00000006c6000000| Untracked 
|  16|0x00000006c6400000, 0x00000006c6400000, 0x00000006c6800000|  0%| F|  |TAMS 0x00000006c6400000, 0x00000006c6400000| Untracked 
|  17|0x00000006c6800000, 0x00000006c6800000, 0x00000006c6c00000|  0%| F|  |TAMS 0x00000006c6800000, 0x00000006c6800000| Untracked 
|  18|0x00000006c6c00000, 0x00000006c6c00000, 0x00000006c7000000|  0%| F|  |TAMS 0x00000006c6c00000, 0x00000006c6c00000| Untracked 
|  19|0x00000006c7000000, 0x00000006c7000000, 0x00000006c7400000|  0%| F|  |TAMS 0x00000006c7000000, 0x00000006c7000000| Untracked 
|  20|0x00000006c7400000, 0x00000006c7400000, 0x00000006c7800000|  0%| F|  |TAMS 0x00000006c7400000, 0x00000006c7400000| Untracked 
|  21|0x00000006c7800000, 0x00000006c7800000, 0x00000006c7c00000|  0%| F|  |TAMS 0x00000006c7800000, 0x00000006c7800000| Untracked 
|  22|0x00000006c7c00000, 0x00000006c7c00000, 0x00000006c8000000|  0%| F|  |TAMS 0x00000006c7c00000, 0x00000006c7c00000| Untracked 
|  23|0x00000006c8000000, 0x00000006c8000000, 0x00000006c8400000|  0%| F|  |TAMS 0x00000006c8000000, 0x00000006c8000000| Untracked 
|  24|0x00000006c8400000, 0x00000006c85ccaf0, 0x00000006c8800000| 44%| S|CS|TAMS 0x00000006c8400000, 0x00000006c8400000| Complete 
|  25|0x00000006c8800000, 0x00000006c8800000, 0x00000006c8c00000|  0%| F|  |TAMS 0x00000006c8800000, 0x00000006c8800000| Untracked 
|  26|0x00000006c8c00000, 0x00000006c8c00000, 0x00000006c9000000|  0%| F|  |TAMS 0x00000006c8c00000, 0x00000006c8c00000| Untracked 
|  27|0x00000006c9000000, 0x00000006c9000000, 0x00000006c9400000|  0%| F|  |TAMS 0x00000006c9000000, 0x00000006c9000000| Untracked 
|  28|0x00000006c9400000, 0x00000006c9400000, 0x00000006c9800000|  0%| F|  |TAMS 0x00000006c9400000, 0x00000006c9400000| Untracked 
|  29|0x00000006c9800000, 0x00000006c9800000, 0x00000006c9c00000|  0%| F|  |TAMS 0x00000006c9800000, 0x00000006c9800000| Untracked 
|  30|0x00000006c9c00000, 0x00000006c9c00000, 0x00000006ca000000|  0%| F|  |TAMS 0x00000006c9c00000, 0x00000006c9c00000| Untracked 
|  31|0x00000006ca000000, 0x00000006ca000000, 0x00000006ca400000|  0%| F|  |TAMS 0x00000006ca000000, 0x00000006ca000000| Untracked 
|  32|0x00000006ca400000, 0x00000006ca400000, 0x00000006ca800000|  0%| F|  |TAMS 0x00000006ca400000, 0x00000006ca400000| Untracked 
|  33|0x00000006ca800000, 0x00000006ca800000, 0x00000006cac00000|  0%| F|  |TAMS 0x00000006ca800000, 0x00000006ca800000| Untracked 
|  45|0x00000006cd800000, 0x00000006cd800000, 0x00000006cdc00000|  0%| F|  |TAMS 0x00000006cd800000, 0x00000006cd800000| Untracked 
|  46|0x00000006cdc00000, 0x00000006cdfa58a8, 0x00000006ce000000| 91%| E|  |TAMS 0x00000006cdc00000, 0x00000006cdc00000| Complete 
|  47|0x00000006ce000000, 0x00000006ce400000, 0x00000006ce400000|100%| E|CS|TAMS 0x00000006ce000000, 0x00000006ce000000| Complete 
|  48|0x00000006ce400000, 0x00000006ce800000, 0x00000006ce800000|100%| E|CS|TAMS 0x00000006ce400000, 0x00000006ce400000| Complete 
|  49|0x00000006ce800000, 0x00000006cec00000, 0x00000006cec00000|100%| E|CS|TAMS 0x00000006ce800000, 0x00000006ce800000| Complete 
|  50|0x00000006cec00000, 0x00000006cf000000, 0x00000006cf000000|100%| E|CS|TAMS 0x00000006cec00000, 0x00000006cec00000| Complete 
|  79|0x00000006d6000000, 0x00000006d6400000, 0x00000006d6400000|100%| E|CS|TAMS 0x00000006d6000000, 0x00000006d6000000| Complete 
|1265|0x00000007fe800000, 0x00000007fec00000, 0x00000007fec00000|100%| O|  |TAMS 0x00000007fec00000, 0x00000007fe800000| Complete 
|1266|0x00000007fec00000, 0x00000007ff000000, 0x00000007ff000000|100%| O|  |TAMS 0x00000007ff000000, 0x00000007fec00000| Untracked 
|1267|0x00000007ff000000, 0x00000007ff400000, 0x00000007ff400000|100%| O|  |TAMS 0x00000007ff400000, 0x00000007ff000000| Untracked 
|1268|0x00000007ff400000, 0x00000007ff800000, 0x00000007ff800000|100%| O|  |TAMS 0x00000007ff800000, 0x00000007ff400000| Untracked 
|1269|0x00000007ff800000, 0x00000007ffc00000, 0x00000007ffc00000|100%| O|  |TAMS 0x00000007ffc00000, 0x00000007ff800000| Untracked 
|1270|0x00000007ffc00000, 0x0000000800000000, 0x0000000800000000|100%| O|  |TAMS 0x0000000800000000, 0x00000007ffc00000| Untracked 

Card table byte_map: [0x00000265fc730000,0x00000265fd120000] _byte_map_base: 0x00000265f911e000

Marking Bits (Prev, Next): (CMBitMap*) 0x00000265fb9c5ec0, (CMBitMap*) 0x00000265fb9c5f00
 Prev Bits: [0x0000026596ea0000, 0x000002659be10000)
 Next Bits: [0x000002659be10000, 0x00000265a0d80000)

Polling page: 0x00000265f9860000

Metaspace:

Usage:
  Non-class:     30.81 MB used.
      Class:      3.69 MB used.
       Both:     34.49 MB used.

Virtual space:
  Non-class space:       64.00 MB reserved,      31.06 MB ( 49%) committed,  1 nodes.
      Class space:        1.00 GB reserved,       3.94 MB ( <1%) committed,  1 nodes.
             Both:        1.06 GB reserved,      35.00 MB (  3%) committed. 

Chunk freelists:
   Non-Class:  784.00 KB
       Class:  80.00 KB
        Both:  864.00 KB

MaxMetaspaceSize: unlimited
CompressedClassSpaceSize: 1.00 GB
Initial GC threshold: 21.00 MB
Current GC threshold: 55.25 MB
CDS: on
MetaspaceReclaimPolicy: balanced
 - commit_granule_bytes: 65536.
 - commit_granule_words: 8192.
 - virtual_space_node_default_size: 8388608.
 - enlarge_chunks_in_place: 1.
 - new_chunks_are_fully_committed: 0.
 - uncommit_free_chunks: 1.
 - use_allocation_guard: 0.


Internal statistics:

num_allocs_failed_limit: 6.
num_arena_births: 608.
num_arena_deaths: 6.
num_vsnodes_births: 2.
num_vsnodes_deaths: 0.
num_space_committed: 577.
num_space_uncommitted: 11.
num_chunks_returned_to_freelist: 108.
num_chunks_taken_from_freelist: 2028.
num_chunk_merges: 25.
num_chunk_splits: 1387.
num_chunks_enlarged: 1038.
num_inconsistent_stats: 0.

CodeHeap 'non-profiled nmethods': size=120000Kb used=5303Kb max_used=5303Kb free=114696Kb
 bounds [0x000002658f970000, 0x000002658fea0000, 0x0000026596ea0000]
CodeHeap 'profiled nmethods': size=120000Kb used=18458Kb max_used=18458Kb free=101541Kb
 bounds [0x0000026587ea0000, 0x00000265890b0000, 0x000002658f3d0000]
CodeHeap 'non-nmethods': size=5760Kb used=1345Kb max_used=1490Kb free=4414Kb
 bounds [0x000002658f3d0000, 0x000002658f640000, 0x000002658f970000]
 total_blobs=8645 nmethods=8067 adapters=487
 compilation: enabled
              stopped_count=0, restarted_count=0
 full_count=0

Compilation events (20 events):
Event: 27.292 Thread 0x00000265a13808d0 nmethod 9742 0x00000265890a4590 code [0x00000265890a4760, 0x00000265890a4a78]
Event: 27.294 Thread 0x00000265a8c91ab0 9743   !   4       java.util.zip.ZipFile$Source::readFullyAt (74 bytes)
Event: 27.310 Thread 0x00000265a8c91ab0 nmethod 9743 0x000002658fe9cb10 code [0x000002658fe9cce0, 0x000002658fe9d370]
Event: 27.325 Thread 0x00000265a13808d0 9744       3       java.lang.String::<init> (99 bytes)
Event: 27.325 Thread 0x00000265a13808d0 nmethod 9744 0x00000265890a4b90 code [0x00000265890a4da0, 0x00000265890a53f8]
Event: 27.329 Thread 0x00000265a13808d0 9745       3       java.lang.ThreadLocal$ThreadLocalMap$Entry::<init> (11 bytes)
Event: 27.329 Thread 0x00000265a13808d0 nmethod 9745 0x00000265890a5590 code [0x00000265890a5760, 0x00000265890a5b58]
Event: 27.332 Thread 0x00000265a13808d0 9746       3       java.lang.invoke.MethodHandleImpl$IntrinsicMethodHandle::<init> (25 bytes)
Event: 27.333 Thread 0x00000265a13808d0 nmethod 9746 0x00000265890a5c90 code [0x00000265890a5e80, 0x00000265890a64f8]
Event: 27.333 Thread 0x00000265a13808d0 9747       3       java.lang.invoke.SimpleMethodHandle::make (10 bytes)
Event: 27.333 Thread 0x00000265a13808d0 nmethod 9747 0x00000265890a6690 code [0x00000265890a6840, 0x00000265890a6a28]
Event: 27.333 Thread 0x00000265a13808d0 9748       3       java.lang.invoke.SimpleMethodHandle::<init> (7 bytes)
Event: 27.334 Thread 0x00000265a13808d0 nmethod 9748 0x00000265890a6b10 code [0x00000265890a6cc0, 0x00000265890a6e88]
Event: 27.334 Thread 0x00000265a13808d0 9749       3       java.util.zip.CRC32::update (38 bytes)
Event: 27.335 Thread 0x00000265a13808d0 nmethod 9749 0x00000265890a6f90 code [0x00000265890a7180, 0x00000265890a75a8]
Event: 27.335 Thread 0x00000265a13808d0 9750       3       java.util.zip.CRC32::updateBytes (14 bytes)
Event: 27.336 Thread 0x00000265a13808d0 nmethod 9750 0x00000265890a7790 code [0x00000265890a7960, 0x00000265890a7d28]
Event: 27.399 Thread 0x00000265a13808d0 9751       1       java.util.concurrent.atomic.AtomicInteger::get (5 bytes)
Event: 27.399 Thread 0x00000265a13808d0 nmethod 9751 0x000002658fe9d990 code [0x000002658fe9db20, 0x000002658fe9dbd8]
Event: 29.394 Thread 0x00000265a137ff60 9752       4       org.codehaus.plexus.classworlds.realm.ClassRealm::loadClass (7 bytes)

GC Heap History (20 events):
Event: 1.635 GC heap before
{Heap before GC invocations=0 (full 0):
 garbage-first heap   total 327680K, used 20480K [0x00000006c2400000, 0x0000000800000000)
  region size 4096K, 5 young (20480K), 0 survivors (0K)
 Metaspace       used 5860K, committed 6016K, reserved 1114112K
  class space    used 646K, committed 704K, reserved 1048576K
}
Event: 1.642 GC heap after
{Heap after GC invocations=1 (full 0):
 garbage-first heap   total 327680K, used 3771K [0x00000006c2400000, 0x0000000800000000)
  region size 4096K, 1 young (4096K), 1 survivors (4096K)
 Metaspace       used 5860K, committed 6016K, reserved 1114112K
  class space    used 646K, committed 704K, reserved 1048576K
}
Event: 2.433 GC heap before
{Heap before GC invocations=1 (full 0):
 garbage-first heap   total 327680K, used 28347K [0x00000006c2400000, 0x0000000800000000)
  region size 4096K, 7 young (28672K), 1 survivors (4096K)
 Metaspace       used 8132K, committed 8320K, reserved 1114112K
  class space    used 907K, committed 1024K, reserved 1048576K
}
Event: 2.442 GC heap after
{Heap after GC invocations=2 (full 0):
 garbage-first heap   total 327680K, used 5354K [0x00000006c2400000, 0x0000000800000000)
  region size 4096K, 1 young (4096K), 1 survivors (4096K)
 Metaspace       used 8132K, committed 8320K, reserved 1114112K
  class space    used 907K, committed 1024K, reserved 1048576K
}
Event: 5.656 GC heap before
{Heap before GC invocations=2 (full 0):
 garbage-first heap   total 327680K, used 87274K [0x00000006c2400000, 0x0000000800000000)
  region size 4096K, 21 young (86016K), 1 survivors (4096K)
 Metaspace       used 16499K, committed 16768K, reserved 1114112K
  class space    used 1850K, committed 1984K, reserved 1048576K
}
Event: 5.670 GC heap after
{Heap after GC invocations=3 (full 0):
 garbage-first heap   total 327680K, used 13616K [0x00000006c2400000, 0x0000000800000000)
  region size 4096K, 3 young (12288K), 3 survivors (12288K)
 Metaspace       used 16499K, committed 16768K, reserved 1114112K
  class space    used 1850K, committed 1984K, reserved 1048576K
}
Event: 10.674 GC heap before
{Heap before GC invocations=3 (full 0):
 garbage-first heap   total 327680K, used 111920K [0x00000006c2400000, 0x0000000800000000)
  region size 4096K, 29 young (118784K), 3 survivors (12288K)
 Metaspace       used 21216K, committed 21504K, reserved 1114112K
  class space    used 2295K, committed 2432K, reserved 1048576K
}
Event: 10.709 GC heap after
{Heap after GC invocations=4 (full 0):
 garbage-first heap   total 327680K, used 27280K [0x00000006c2400000, 0x0000000800000000)
  region size 4096K, 6 young (24576K), 6 survivors (24576K)
 Metaspace       used 21216K, committed 21504K, reserved 1114112K
  class space    used 2295K, committed 2432K, reserved 1048576K
}
Event: 15.122 GC heap before
{Heap before GC invocations=5 (full 0):
 garbage-first heap   total 110592K, used 109200K [0x00000006c2400000, 0x0000000800000000)
  region size 4096K, 26 young (106496K), 6 survivors (24576K)
 Metaspace       used 28367K, committed 28736K, reserved 1114112K
  class space    used 3055K, committed 3200K, reserved 1048576K
}
Event: 15.178 GC heap after
{Heap after GC invocations=6 (full 0):
 garbage-first heap   total 159744K, used 47539K [0x00000006c2400000, 0x0000000800000000)
  region size 4096K, 6 young (24576K), 6 survivors (24576K)
 Metaspace       used 28367K, committed 28736K, reserved 1114112K
  class space    used 3055K, committed 3200K, reserved 1048576K
}
Event: 18.085 GC heap before
{Heap before GC invocations=6 (full 0):
 garbage-first heap   total 159744K, used 104883K [0x00000006c2400000, 0x0000000800000000)
  region size 4096K, 20 young (81920K), 6 survivors (24576K)
 Metaspace       used 30240K, committed 30656K, reserved 1114112K
  class space    used 3265K, committed 3456K, reserved 1048576K
}
Event: 18.119 GC heap after
{Heap after GC invocations=7 (full 0):
 garbage-first heap   total 159744K, used 50490K [0x00000006c2400000, 0x0000000800000000)
  region size 4096K, 1 young (4096K), 1 survivors (4096K)
 Metaspace       used 30240K, committed 30656K, reserved 1114112K
  class space    used 3265K, committed 3456K, reserved 1048576K
}
Event: 21.291 GC heap before
{Heap before GC invocations=7 (full 0):
 garbage-first heap   total 159744K, used 111930K [0x00000006c2400000, 0x0000000800000000)
  region size 4096K, 16 young (65536K), 1 survivors (4096K)
 Metaspace       used 32070K, committed 32640K, reserved 1114112K
  class space    used 3472K, committed 3776K, reserved 1048576K
}
Event: 21.305 GC heap after
{Heap after GC invocations=8 (full 0):
 garbage-first heap   total 159744K, used 49651K [0x00000006c2400000, 0x0000000800000000)
  region size 4096K, 1 young (4096K), 1 survivors (4096K)
 Metaspace       used 32070K, committed 32640K, reserved 1114112K
  class space    used 3472K, committed 3776K, reserved 1048576K
}
Event: 24.266 GC heap before
{Heap before GC invocations=8 (full 0):
 garbage-first heap   total 159744K, used 111091K [0x00000006c2400000, 0x0000000800000000)
  region size 4096K, 17 young (69632K), 1 survivors (4096K)
 Metaspace       used 32766K, committed 33344K, reserved 1114112K
  class space    used 3518K, committed 3776K, reserved 1048576K
}
Event: 24.289 GC heap after
{Heap after GC invocations=9 (full 0):
 garbage-first heap   total 159744K, used 72198K [0x00000006c2400000, 0x0000000800000000)
  region size 4096K, 3 young (12288K), 3 survivors (12288K)
 Metaspace       used 32766K, committed 33344K, reserved 1114112K
  class space    used 3518K, committed 3776K, reserved 1048576K
}
Event: 25.375 GC heap before
{Heap before GC invocations=9 (full 0):
 garbage-first heap   total 159744K, used 113158K [0x00000006c2400000, 0x0000000800000000)
  region size 4096K, 13 young (53248K), 3 survivors (12288K)
 Metaspace       used 33635K, committed 34176K, reserved 1114112K
  class space    used 3615K, committed 3904K, reserved 1048576K
}
Event: 25.394 GC heap after
{Heap after GC invocations=10 (full 0):
 garbage-first heap   total 159744K, used 77966K [0x00000006c2400000, 0x0000000800000000)
  region size 4096K, 2 young (8192K), 2 survivors (8192K)
 Metaspace       used 33635K, committed 34176K, reserved 1114112K
  class space    used 3615K, committed 3904K, reserved 1048576K
}
Event: 26.399 GC heap before
{Heap before GC invocations=10 (full 0):
 garbage-first heap   total 159744K, used 110734K [0x00000006c2400000, 0x0000000800000000)
  region size 4096K, 10 young (40960K), 2 survivors (8192K)
 Metaspace       used 34452K, committed 35008K, reserved 1114112K
  class space    used 3686K, committed 3968K, reserved 1048576K
}
Event: 26.406 GC heap after
{Heap after GC invocations=11 (full 0):
 garbage-first heap   total 192512K, used 77536K [0x00000006c2400000, 0x0000000800000000)
  region size 4096K, 1 young (4096K), 1 survivors (4096K)
 Metaspace       used 34452K, committed 35008K, reserved 1114112K
  class space    used 3686K, committed 3968K, reserved 1048576K
}

Dll operation events (12 events):
Event: 0.023 Loaded shared library C:\Program Files\Java\jdk-19\bin\java.dll
Event: 0.040 Loaded shared library C:\Program Files\Java\jdk-19\bin\jsvml.dll
Event: 0.154 Loaded shared library C:\Program Files\Java\jdk-19\bin\zip.dll
Event: 0.164 Loaded shared library C:\Program Files\Java\jdk-19\bin\instrument.dll
Event: 0.177 Loaded shared library C:\Program Files\Java\jdk-19\bin\net.dll
Event: 0.180 Loaded shared library C:\Program Files\Java\jdk-19\bin\nio.dll
Event: 0.189 Loaded shared library C:\Program Files\Java\jdk-19\bin\zip.dll
Event: 0.230 Loaded shared library C:\Users\DMX BINH SON\IntelliJ IDEA Community Edition 232.8660.48\bin\breakgen64.dll
Event: 0.255 Loaded shared library C:\Program Files\Java\jdk-19\bin\extnet.dll
Event: 0.594 Loaded shared library C:\Program Files\Java\jdk-19\bin\jimage.dll
Event: 0.736 Loaded shared library C:\Users\DMX BINH SON\AppData\Local\Temp\jansi-2.4.0-e8cac1225c799f82-jansi.dll
Event: 0.767 Loaded shared library C:\Program Files\Java\jdk-19\bin\verify.dll

Deoptimization events (20 events):
Event: 29.944 Thread 0x00000265a8920b70 Uncommon trap: trap_request=0xffffffde fr.pc=0x000002658fcd64b0 relative=0x0000000000000170
Event: 29.944 Thread 0x00000265a8920b70 Uncommon trap: reason=class_check action=maybe_recompile pc=0x000002658fcd64b0 method=java.util.regex.Pattern.lambda$union$3(Ljava/util/regex/Pattern$CharPredicate;Ljava/util/regex/Pattern$CharPredicate;I)Z @ 12 c2
Event: 29.944 Thread 0x00000265a8920b70 DEOPT PACKING pc=0x000002658fcd64b0 sp=0x000000671bafdcb0
Event: 29.944 Thread 0x00000265a8920b70 DEOPT UNPACKING pc=0x000002658f436da3 sp=0x000000671bafdbc8 mode 2
Event: 29.944 Thread 0x00000265a8920b70 Uncommon trap: trap_request=0xffffffc6 fr.pc=0x000002658fac1244 relative=0x0000000000000264
Event: 29.944 Thread 0x00000265a8920b70 Uncommon trap: reason=bimorphic_or_optimized_type_check action=maybe_recompile pc=0x000002658fac1244 method=java.util.regex.Pattern.lambda$union$3(Ljava/util/regex/Pattern$CharPredicate;Ljava/util/regex/Pattern$CharPredicate;I)Z @ 2 c2
Event: 29.944 Thread 0x00000265a8920b70 DEOPT PACKING pc=0x000002658fac1244 sp=0x000000671bafdea0
Event: 29.944 Thread 0x00000265a8920b70 DEOPT UNPACKING pc=0x000002658f436da3 sp=0x000000671bafdce8 mode 2
Event: 29.944 Thread 0x00000265a8920b70 Uncommon trap: trap_request=0xffffffde fr.pc=0x000002658fcd64b0 relative=0x0000000000000170
Event: 29.944 Thread 0x00000265a8920b70 Uncommon trap: reason=class_check action=maybe_recompile pc=0x000002658fcd64b0 method=java.util.regex.Pattern.lambda$union$3(Ljava/util/regex/Pattern$CharPredicate;Ljava/util/regex/Pattern$CharPredicate;I)Z @ 12 c2
Event: 29.944 Thread 0x00000265a8920b70 DEOPT PACKING pc=0x000002658fcd64b0 sp=0x000000671bafdcb0
Event: 29.944 Thread 0x00000265a8920b70 DEOPT UNPACKING pc=0x000002658f436da3 sp=0x000000671bafdbc8 mode 2
Event: 29.944 Thread 0x00000265a8920b70 Uncommon trap: trap_request=0xffffffc6 fr.pc=0x000002658fac1244 relative=0x0000000000000264
Event: 29.944 Thread 0x00000265a8920b70 Uncommon trap: reason=bimorphic_or_optimized_type_check action=maybe_recompile pc=0x000002658fac1244 method=java.util.regex.Pattern.lambda$union$3(Ljava/util/regex/Pattern$CharPredicate;Ljava/util/regex/Pattern$CharPredicate;I)Z @ 2 c2
Event: 29.944 Thread 0x00000265a8920b70 DEOPT PACKING pc=0x000002658fac1244 sp=0x000000671bafdea0
Event: 29.944 Thread 0x00000265a8920b70 DEOPT UNPACKING pc=0x000002658f436da3 sp=0x000000671bafdce8 mode 2
Event: 30.378 Thread 0x00000265a89245e0 Uncommon trap: trap_request=0xffffffde fr.pc=0x000002658fb53bcc relative=0x00000000000001ac
Event: 30.378 Thread 0x00000265a89245e0 Uncommon trap: reason=class_check action=maybe_recompile pc=0x000002658fb53bcc method=java.util.concurrent.locks.AbstractQueuedSynchronizer.acquireShared(I)V @ 2 c2
Event: 30.378 Thread 0x00000265a89245e0 DEOPT PACKING pc=0x000002658fb53bcc sp=0x000000671bdff190
Event: 30.378 Thread 0x00000265a89245e0 DEOPT UNPACKING pc=0x000002658f436da3 sp=0x000000671bdff168 mode 2

Classes loaded (20 events):
Event: 27.268 Loading class java/lang/Process done
Event: 27.268 Loading class java/lang/ProcessImpl done
Event: 27.284 Loading class java/lang/ProcessImpl$2
Event: 27.284 Loading class java/lang/ProcessImpl$2 done
Event: 27.284 Loading class java/lang/Process$PipeInputStream
Event: 27.284 Loading class java/lang/Process$PipeInputStream done
Event: 27.286 Loading class jdk/internal/event/ProcessStartEvent
Event: 27.286 Loading class jdk/internal/event/Event
Event: 27.286 Loading class jdk/internal/event/Event done
Event: 27.287 Loading class jdk/internal/event/ProcessStartEvent done
Event: 27.288 Loading class java/nio/channels/ClosedChannelException
Event: 27.288 Loading class java/nio/channels/ClosedChannelException done
Event: 27.292 Loading class java/nio/channels/NonReadableChannelException
Event: 27.292 Loading class java/nio/channels/NonReadableChannelException done
Event: 27.293 Loading class java/nio/channels/NonWritableChannelException
Event: 27.293 Loading class java/nio/channels/NonWritableChannelException done
Event: 27.329 Loading class java/util/Scanner
Event: 27.330 Loading class java/util/Scanner done
Event: 27.334 Loading class java/util/Scanner$PatternLRUCache
Event: 27.334 Loading class java/util/Scanner$PatternLRUCache done

Classes unloaded (20 events):
Event: 26.468 Thread 0x00000265a134f430 Unloading class 0x000000080132a7b8 'lombok/javac/apt/MessagerDiagnosticsReceiver'
Event: 26.468 Thread 0x00000265a134f430 Unloading class 0x000000080132a400 'lombok/javac/apt/InterceptingJavaFileManager'
Event: 26.468 Thread 0x00000265a134f430 Unloading class 0x000000080132a208 'lombok/permit/dummy/Parent'
Event: 26.468 Thread 0x00000265a134f430 Unloading class 0x000000080132a000 'lombok/core/CleanupRegistry'
Event: 26.468 Thread 0x00000265a134f430 Unloading class 0x0000000801329d80 'lombok/permit/Permit$Fake'
Event: 26.468 Thread 0x00000265a134f430 Unloading class 0x0000000801329b90 'lombok/permit/Permit'
Event: 26.468 Thread 0x00000265a134f430 Unloading class 0x00000008013298b8 'lombok/javac/apt/LombokProcessor$1'
Event: 26.468 Thread 0x00000265a134f430 Unloading class 0x00000008013296d0 'lombok/core/DiagnosticsReceiver'
Event: 26.468 Thread 0x00000265a134f430 Unloading class 0x0000000801329448 'lombok/javac/apt/LombokProcessor'
Event: 26.468 Thread 0x00000265a134f430 Unloading class 0x0000000801329228 'lombok/core/AnnotationProcessor$EcjDescriptor'
Event: 26.468 Thread 0x00000265a134f430 Unloading class 0x0000000801329000 'lombok/core/AnnotationProcessor$JavacDescriptor'
Event: 26.468 Thread 0x00000265a134f430 Unloading class 0x0000000801328a70 'lombok/core/AnnotationProcessor$ProcessorDescriptor'
Event: 26.468 Thread 0x00000265a134f430 Unloading class 0x0000000801328800 'lombok/core/AnnotationProcessor'
Event: 26.468 Thread 0x00000265a134f430 Unloading class 0x000000080137b000 'lombok/launch/AnnotationProcessorHider$ClaimingProcessor'
Event: 26.468 Thread 0x00000265a134f430 Unloading class 0x0000000801328478 'lombok/launch/AnnotationProcessorHider$AstModificationNotifierData'
Event: 26.468 Thread 0x00000265a134f430 Unloading class 0x0000000801328208 'lombok/launch/ClassFileMetaData'
Event: 26.468 Thread 0x00000265a134f430 Unloading class 0x0000000801328000 'lombok/launch/PackageShader'
Event: 26.468 Thread 0x00000265a134f430 Unloading class 0x0000000801304460 'lombok/launch/ShadowClassLoader'
Event: 26.468 Thread 0x00000265a134f430 Unloading class 0x0000000801304270 'lombok/launch/Main'
Event: 26.468 Thread 0x00000265a134f430 Unloading class 0x0000000801304000 'lombok/launch/AnnotationProcessorHider$AnnotationProcessor'

Classes redefined (0 events):
No events

Internal exceptions (20 events):
Event: 25.678 Thread 0x00000265fb949e40 Exception <a 'sun/nio/fs/WindowsException'{0x00000006ce9ec460}> (0x00000006ce9ec460) 
thrown [s\open\src\hotspot\share\prims\jni.cpp, line 517]
Event: 25.678 Thread 0x00000265fb949e40 Exception <a 'sun/nio/fs/WindowsException'{0x00000006ce9ed528}> (0x00000006ce9ed528) 
thrown [s\open\src\hotspot\share\prims\jni.cpp, line 517]
Event: 25.678 Thread 0x00000265fb949e40 Exception <a 'sun/nio/fs/WindowsException'{0x00000006ce9ed8d8}> (0x00000006ce9ed8d8) 
thrown [s\open\src\hotspot\share\prims\jni.cpp, line 517]
Event: 25.686 Thread 0x00000265fb949e40 Exception <a 'sun/nio/fs/WindowsException'{0x00000006cea6b5f0}> (0x00000006cea6b5f0) 
thrown [s\open\src\hotspot\share\prims\jni.cpp, line 517]
Event: 25.693 Thread 0x00000265fb949e40 Exception <a 'sun/nio/fs/WindowsException'{0x00000006cea84a38}> (0x00000006cea84a38) 
thrown [s\open\src\hotspot\share\prims\jni.cpp, line 517]
Event: 25.700 Thread 0x00000265fb949e40 Exception <a 'sun/nio/fs/WindowsException'{0x00000006cea9fe98}> (0x00000006cea9fe98) 
thrown [s\open\src\hotspot\share\prims\jni.cpp, line 517]
Event: 25.700 Thread 0x00000265fb949e40 Exception <a 'sun/nio/fs/WindowsException'{0x00000006ceaa0638}> (0x00000006ceaa0638) 
thrown [s\open\src\hotspot\share\prims\jni.cpp, line 517]
Event: 25.700 Thread 0x00000265fb949e40 Exception <a 'sun/nio/fs/WindowsException'{0x00000006ceaa0c08}> (0x00000006ceaa0c08) 
thrown [s\open\src\hotspot\share\prims\jni.cpp, line 517]
Event: 25.700 Thread 0x00000265fb949e40 Exception <a 'sun/nio/fs/WindowsException'{0x00000006ceaa1390}> (0x00000006ceaa1390) 
thrown [s\open\src\hotspot\share\prims\jni.cpp, line 517]
Event: 25.700 Thread 0x00000265fb949e40 Exception <a 'sun/nio/fs/WindowsException'{0x00000006ceaa1730}> (0x00000006ceaa1730) 
thrown [s\open\src\hotspot\share\prims\jni.cpp, line 517]
Event: 25.700 Thread 0x00000265fb949e40 Exception <a 'sun/nio/fs/WindowsException'{0x00000006ceaa2428}> (0x00000006ceaa2428) 
thrown [s\open\src\hotspot\share\prims\jni.cpp, line 517]
Event: 25.700 Thread 0x00000265fb949e40 Exception <a 'sun/nio/fs/WindowsException'{0x00000006ceaa2788}> (0x00000006ceaa2788) 
thrown [s\open\src\hotspot\share\prims\jni.cpp, line 517]
Event: 25.700 Thread 0x00000265fb949e40 Exception <a 'sun/nio/fs/WindowsException'{0x00000006ceaa3470}> (0x00000006ceaa3470) 
thrown [s\open\src\hotspot\share\prims\jni.cpp, line 517]
Event: 26.617 Thread 0x00000265a8923b40 Exception <a 'java/lang/NoSuchMethodError'{0x00000006cee5d230}: 'java.lang.Object java.lang.invoke.DirectMethodHandle$Holder.invokeStatic(java.lang.Object, long, java.lang.Object)'> (0x00000006cee5d230) 
thrown [s\open\src\hotspot\share\interpreter\linkResolver.cpp, line 774]
Event: 26.617 Thread 0x00000265a8923b40 Exception <a 'java/lang/NoSuchMethodError'{0x00000006cee60880}: 'java.lang.Object java.lang.invoke.DirectMethodHandle$Holder.invokeStaticInit(java.lang.Object, long, java.lang.Object)'> (0x00000006cee60880) 
thrown [s\open\src\hotspot\share\interpreter\linkResolver.cpp, line 774]
Event: 26.618 Thread 0x00000265a8923b40 Exception <a 'java/lang/NoSuchMethodError'{0x00000006cee664d0}: 'java.lang.Object java.lang.invoke.DirectMethodHandle$Holder.newInvokeSpecial(java.lang.Object, long)'> (0x00000006cee664d0) 
thrown [s\open\src\hotspot\share\interpreter\linkResolver.cpp, line 774]
Event: 26.620 Thread 0x00000265a8923b40 Exception <a 'java/lang/NoSuchMethodError'{0x00000006cee6ace0}: 'long java.lang.invoke.DirectMethodHandle$Holder.invokeInterface(java.lang.Object, java.lang.Object)'> (0x00000006cee6ace0) 
thrown [s\open\src\hotspot\share\interpreter\linkResolver.cpp, line 774]
Event: 26.621 Thread 0x00000265a8923b40 Exception <a 'java/lang/NoSuchMethodError'{0x00000006cee6e498}: 'long java.lang.invoke.DelegatingMethodHandle$Holder.reinvoke_L(java.lang.Object, java.lang.Object)'> (0x00000006cee6e498) 
thrown [s\open\src\hotspot\share\interpreter\linkResolver.cpp, line 774]
Event: 26.878 Thread 0x00000265fb949e40 Exception <a 'java/lang/NoSuchMethodError'{0x00000006ce9f9588}: 'java.lang.Object java.lang.invoke.DirectMethodHandle$Holder.invokeStaticInit(java.lang.Object, java.lang.Object, int, int, int, int)'> (0x00000006ce9f9588) 
thrown [s\open\src\hotspot\share\interpreter\linkResolver.cpp, line 774]
Event: 27.282 Thread 0x00000265fb949e40 Exception <a 'java/lang/NoSuchMethodError'{0x00000006cdc8a4d0}: 'void java.lang.invoke.DirectMethodHandle$Holder.invokeStatic(java.lang.Object, long)'> (0x00000006cdc8a4d0) 
thrown [s\open\src\hotspot\share\interpreter\linkResolver.cpp, line 774]

VM Operations (20 events):
Event: 26.491 Executing VM operation: HandshakeAllThreads
Event: 26.492 Executing VM operation: HandshakeAllThreads done
Event: 26.518 Executing VM operation: G1PauseCleanup
Event: 26.518 Executing VM operation: G1PauseCleanup done
Event: 26.597 Executing VM operation: HandshakeAllThreads
Event: 26.597 Executing VM operation: HandshakeAllThreads done
Event: 26.635 Executing VM operation: HandshakeAllThreads
Event: 26.635 Executing VM operation: HandshakeAllThreads done
Event: 27.169 Executing VM operation: HandshakeAllThreads
Event: 27.169 Executing VM operation: HandshakeAllThreads done
Event: 27.195 Executing VM operation: HandshakeAllThreads
Event: 27.195 Executing VM operation: HandshakeAllThreads done
Event: 27.197 Executing VM operation: HandshakeAllThreads
Event: 27.197 Executing VM operation: HandshakeAllThreads done
Event: 27.286 Executing VM operation: HandshakeAllThreads
Event: 27.286 Executing VM operation: HandshakeAllThreads done
Event: 28.289 Executing VM operation: Cleanup
Event: 28.289 Executing VM operation: Cleanup done
Event: 30.299 Executing VM operation: Cleanup
Event: 30.299 Executing VM operation: Cleanup done

Events (20 events):
Event: 25.675 Thread 0x00000265a657dd50 Thread added: 0x00000265a657dd50
Event: 25.908 Thread 0x00000265a657dd50 Thread exited: 0x00000265a657dd50
Event: 26.312 Thread 0x00000265a7a14050 Thread added: 0x00000265a7a14050
Event: 26.498 Thread 0x00000265a1381640 flushing nmethod 0x0000026587f72b90
Event: 26.503 Thread 0x00000265a1381640 flushing nmethod 0x000002658842bc90
Event: 26.509 Thread 0x00000265a1381640 flushing nmethod 0x00000265889d2d90
Event: 26.510 Thread 0x00000265a1381640 flushing nmethod 0x0000026588a05690
Event: 26.511 Thread 0x00000265a1381640 flushing nmethod 0x0000026588bb2c10
Event: 26.601 Thread 0x00000265a8923b40 Thread added: 0x00000265a8923b40
Event: 26.622 Thread 0x00000265a8923b40 Thread exited: 0x00000265a8923b40
Event: 26.655 Thread 0x00000265aa19ef60 Thread added: 0x00000265aa19ef60
Event: 26.856 Thread 0x00000265aa19ef60 Thread exited: 0x00000265aa19ef60
Event: 27.075 Thread 0x00000265a891f0e0 Thread added: 0x00000265a891f0e0
Event: 27.083 Thread 0x00000265a891e640 Thread added: 0x00000265a891e640
Event: 27.239 Thread 0x00000265a8c91ab0 Thread added: 0x00000265a8c91ab0
Event: 27.257 Thread 0x00000265a8920b70 Thread added: 0x00000265a8920b70
Event: 27.328 Thread 0x00000265a8924090 Thread added: 0x00000265a8924090
Event: 27.329 Thread 0x00000265a8922b50 Thread added: 0x00000265a8922b50
Event: 27.345 Thread 0x00000265a89245e0 Thread added: 0x00000265a89245e0
Event: 29.394 Thread 0x00000265a8c91ab0 Thread exited: 0x00000265a8c91ab0


Dynamic libraries:
0x00007ff709ea0000 - 0x00007ff709eb0000 	C:\Program Files\Java\jdk-19\bin\java.exe
0x00007ffcf1e50000 - 0x00007ffcf2066000 	C:\WINDOWS\SYSTEM32\ntdll.dll
0x00007ffcf0920000 - 0x00007ffcf09e4000 	C:\WINDOWS\System32\KERNEL32.DLL
0x00007ffcef7d0000 - 0x00007ffcefb77000 	C:\WINDOWS\System32\KERNELBASE.dll
0x00007ffcef1f0000 - 0x00007ffcef301000 	C:\WINDOWS\System32\ucrtbase.dll
0x00007ffce65c0000 - 0x00007ffce65db000 	C:\Program Files\Java\jdk-19\bin\VCRUNTIME140.dll
0x00007ffce65a0000 - 0x00007ffce65b8000 	C:\Program Files\Java\jdk-19\bin\jli.dll
0x00007ffcf0590000 - 0x00007ffcf0642000 	C:\WINDOWS\System32\ADVAPI32.dll
0x00007ffcf1ca0000 - 0x00007ffcf1d47000 	C:\WINDOWS\System32\msvcrt.dll
0x00007ffcf0e20000 - 0x00007ffcf0ec8000 	C:\WINDOWS\System32\sechost.dll
0x00007ffcef770000 - 0x00007ffcef798000 	C:\WINDOWS\System32\bcrypt.dll
0x00007ffcf0650000 - 0x00007ffcf0765000 	C:\WINDOWS\System32\RPCRT4.dll
0x00007ffceff50000 - 0x00007ffcf00fe000 	C:\WINDOWS\System32\USER32.dll
0x00007ffcd8130000 - 0x00007ffcd83c3000 	C:\WINDOWS\WinSxS\amd64_microsoft.windows.common-controls_6595b64144ccf1df_6.0.22621.3235_none_270f74e173860f98\COMCTL32.dll
0x00007ffcf0ad0000 - 0x00007ffcf0af9000 	C:\WINDOWS\System32\GDI32.dll
0x00007ffcef7a0000 - 0x00007ffcef7c6000 	C:\WINDOWS\System32\win32u.dll
0x00007ffcef540000 - 0x00007ffcef659000 	C:\WINDOWS\System32\gdi32full.dll
0x00007ffcef6d0000 - 0x00007ffcef76a000 	C:\WINDOWS\System32\msvcp_win.dll
0x00007ffce5db0000 - 0x00007ffce5dba000 	C:\WINDOWS\SYSTEM32\VERSION.dll
0x00007ffcf07d0000 - 0x00007ffcf0801000 	C:\WINDOWS\System32\IMM32.DLL
0x00007ffce6590000 - 0x00007ffce659c000 	C:\Program Files\Java\jdk-19\bin\vcruntime140_1.dll
0x00007ffce6500000 - 0x00007ffce658e000 	C:\Program Files\Java\jdk-19\bin\msvcp140.dll
0x00007ffc65840000 - 0x00007ffc66500000 	C:\Program Files\Java\jdk-19\bin\server\jvm.dll
0x00007ffcc77b0000 - 0x00007ffcc77b9000 	C:\WINDOWS\SYSTEM32\WSOCK32.dll
0x00007ffce57d0000 - 0x00007ffce5804000 	C:\WINDOWS\SYSTEM32\WINMM.dll
0x00007ffcf1bc0000 - 0x00007ffcf1c31000 	C:\WINDOWS\System32\WS2_32.dll
0x00007ffcee170000 - 0x00007ffcee188000 	C:\WINDOWS\SYSTEM32\kernel.appcore.dll
0x00007ffce64f0000 - 0x00007ffce64fa000 	C:\Program Files\Java\jdk-19\bin\jimage.dll
0x00007ffce9a10000 - 0x00007ffce9c43000 	C:\WINDOWS\SYSTEM32\DBGHELP.DLL
0x00007ffcefb80000 - 0x00007ffceff08000 	C:\WINDOWS\System32\combase.dll
0x00007ffcf09f0000 - 0x00007ffcf0ac7000 	C:\WINDOWS\System32\OLEAUT32.dll
0x00007ffcd36d0000 - 0x00007ffcd3702000 	C:\WINDOWS\SYSTEM32\dbgcore.DLL
0x00007ffcef170000 - 0x00007ffcef1e9000 	C:\WINDOWS\System32\bcryptPrimitives.dll
0x00007ffce2ae0000 - 0x00007ffce2aee000 	C:\Program Files\Java\jdk-19\bin\instrument.dll
0x00007ffce64c0000 - 0x00007ffce64e6000 	C:\Program Files\Java\jdk-19\bin\java.dll
0x00007ffcaa3e0000 - 0x00007ffcaa4b7000 	C:\Program Files\Java\jdk-19\bin\jsvml.dll
0x00007ffcf1030000 - 0x00007ffcf188c000 	C:\WINDOWS\System32\SHELL32.dll
0x00007ffced080000 - 0x00007ffced979000 	C:\WINDOWS\SYSTEM32\windows.storage.dll
0x00007ffcecf40000 - 0x00007ffced07e000 	C:\WINDOWS\SYSTEM32\wintypes.dll
0x00007ffcf0820000 - 0x00007ffcf0913000 	C:\WINDOWS\System32\SHCORE.dll
0x00007ffcf1c40000 - 0x00007ffcf1c9e000 	C:\WINDOWS\System32\shlwapi.dll
0x00007ffcef0a0000 - 0x00007ffcef0c1000 	C:\WINDOWS\SYSTEM32\profapi.dll
0x00007ffce5840000 - 0x00007ffce5858000 	C:\Program Files\Java\jdk-19\bin\zip.dll
0x00007ffce64a0000 - 0x00007ffce64b3000 	C:\Program Files\Java\jdk-19\bin\net.dll
0x00007ffce5aa0000 - 0x00007ffce5bd6000 	C:\WINDOWS\SYSTEM32\WINHTTP.dll
0x00007ffcee6c0000 - 0x00007ffcee729000 	C:\WINDOWS\system32\mswsock.dll
0x00007ffce5860000 - 0x00007ffce5876000 	C:\Program Files\Java\jdk-19\bin\nio.dll
0x00007ffce2ac0000 - 0x00007ffce2ada000 	C:\Users\DMX BINH SON\IntelliJ IDEA Community Edition 232.8660.48\bin\breakgen64.dll
0x00007ffce2af0000 - 0x00007ffce2af8000 	C:\Program Files\Java\jdk-19\bin\extnet.dll
0x0000000069ac0000 - 0x0000000069ae4000 	C:\Users\DMX BINH SON\AppData\Local\Temp\jansi-2.4.0-e8cac1225c799f82-jansi.dll
0x00007ffcd8730000 - 0x00007ffcd8740000 	C:\Program Files\Java\jdk-19\bin\verify.dll
0x00007ffcee190000 - 0x00007ffcee1c4000 	C:\WINDOWS\SYSTEM32\ntmarta.dll
0x00007ffceea10000 - 0x00007ffceea2b000 	C:\WINDOWS\SYSTEM32\CRYPTSP.dll
0x00007ffcee0d0000 - 0x00007ffcee105000 	C:\WINDOWS\system32\rsaenh.dll
0x00007ffcee760000 - 0x00007ffcee788000 	C:\WINDOWS\SYSTEM32\USERENV.dll
0x00007ffcee9f0000 - 0x00007ffcee9fc000 	C:\WINDOWS\SYSTEM32\CRYPTBASE.dll
0x00007ffcedc20000 - 0x00007ffcedc4d000 	C:\WINDOWS\SYSTEM32\IPHLPAPI.DLL
0x00007ffcf0810000 - 0x00007ffcf0819000 	C:\WINDOWS\System32\NSI.dll
0x00007ffce6150000 - 0x00007ffce6169000 	C:\WINDOWS\SYSTEM32\dhcpcsvc6.DLL
0x00007ffce5dc0000 - 0x00007ffce5ddf000 	C:\WINDOWS\SYSTEM32\dhcpcsvc.DLL
0x00007ffcedc50000 - 0x00007ffcedd49000 	C:\WINDOWS\SYSTEM32\DNSAPI.dll

dbghelp: loaded successfully - version: 4.0.5 - missing functions: none
symbol engine: initialized successfully - sym options: 0x614 - pdb path: .;C:\Program Files\Java\jdk-19\bin;C:\WINDOWS\SYSTEM32;C:\WINDOWS\WinSxS\amd64_microsoft.windows.common-controls_6595b64144ccf1df_6.0.22621.3235_none_270f74e173860f98;C:\Program Files\Java\jdk-19\bin\server;C:\Users\DMX BINH SON\IntelliJ IDEA Community Edition 232.8660.48\bin;C:\Users\DMX BINH SON\AppData\Local\Temp

VM Arguments:
jvm_args: -Dmaven.multiModuleProjectDirectory=C:\Users\DMX BINH SON\Documents\springboot-blog-application-rest-api -Djansi.passthrough=true -Dmaven.home=C:\Users\DMX BINH SON\.m2\wrapper\dists\apache-maven-3.9.5-bin\2adeog8mj13csp1uusqnc1f2mo\apache-maven-3.9.5 -Dclassworlds.conf=C:\Users\DMX BINH SON\.m2\wrapper\dists\apache-maven-3.9.5-bin\2adeog8mj13csp1uusqnc1f2mo\apache-maven-3.9.5\bin\m2.conf -Dmaven.ext.class.path=C:\Users\DMX BINH SON\IntelliJ IDEA Community Edition 232.8660.48\plugins\maven\lib\maven-event-listener.jar -javaagent:C:\Users\DMX BINH SON\IntelliJ IDEA Community Edition 232.8660.48\lib\idea_rt.jar=63472:C:\Users\DMX BINH SON\IntelliJ IDEA Community Edition 232.8660.48\bin -Dfile.encoding=UTF-8 -Dsun.stdout.encoding=UTF-8 -Dsun.stderr.encoding=UTF-8 
java_command: org.codehaus.classworlds.Launcher -Didea.version=2024.1 clean install
java_class_path (initial): C:\Users\DMX BINH SON\.m2\wrapper\dists\apache-maven-3.9.5-bin\2adeog8mj13csp1uusqnc1f2mo\apache-maven-3.9.5\boot\plexus-classworlds-2.7.0.jar;C:\Users\DMX BINH SON\.m2\wrapper\dists\apache-maven-3.9.5-bin\2adeog8mj13csp1uusqnc1f2mo\apache-maven-3.9.5\boot\plexus-classworlds.license
Launcher Type: SUN_STANDARD

[Global flags]
     intx CICompilerCount                          = 4                                         {product} {ergonomic}
     uint ConcGCThreads                            = 2                                         {product} {ergonomic}
     uint G1ConcRefinementThreads                  = 8                                         {product} {ergonomic}
   size_t G1HeapRegionSize                         = 4194304                                   {product} {ergonomic}
    uintx GCDrainStackTargetSize                   = 64                                        {product} {ergonomic}
   size_t InitialHeapSize                          = 335544320                                 {product} {ergonomic}
   size_t MarkStackSize                            = 4194304                                   {product} {ergonomic}
   size_t MaxHeapSize                              = 5330960384                                {product} {ergonomic}
   size_t MaxNewSize                               = 3196059648                                {product} {ergonomic}
   size_t MinHeapDeltaBytes                        = 4194304                                   {product} {ergonomic}
   size_t MinHeapSize                              = 8388608                                   {product} {ergonomic}
    uintx NonNMethodCodeHeapSize                   = 5839372                                {pd product} {ergonomic}
    uintx NonProfiledCodeHeapSize                  = 122909434                              {pd product} {ergonomic}
    uintx ProfiledCodeHeapSize                     = 122909434                              {pd product} {ergonomic}
    uintx ReservedCodeCacheSize                    = 251658240                              {pd product} {ergonomic}
     bool SegmentedCodeCache                       = true                                      {product} {ergonomic}
   size_t SoftMaxHeapSize                          = 5330960384                             {manageable} {ergonomic}
     bool UseCompressedClassPointers               = true                           {product lp64_product} {ergonomic}
     bool UseCompressedOops                        = true                           {product lp64_product} {ergonomic}
     bool UseG1GC                                  = true                                      {product} {ergonomic}
     bool UseLargePagesIndividualAllocation        = false                                  {pd product} {ergonomic}

Logging:
Log output configuration:
 #0: stdout all=warning uptime,level,tags foldmultilines=false
 #1: stderr all=off uptime,level,tags foldmultilines=false

Environment Variables:
JAVA_HOME=C:\Program Files\Java\jdk-19
PATH=C:\Program Files (x86)\VMware\VMware Player\bin\;C:\Python312\Scripts\;C:\Python312\;C:\Program Files\Common Files\Oracle\Java\javapath;C:\Windows\system32;C:\Windows;C:\Windows\System32\Wbem;C:\Windows\System32\WindowsPowerShell\v1.0\;C:\Windows\System32\OpenSSH\;C:\Program Files (x86)\NVIDIA Corporation\PhysX\Common;C:\Program Files\NVIDIA Corporation\NVIDIA NvDLISR;C:\WINDOWS\system32;C:\WINDOWS;C:\WINDOWS\System32\Wbem;C:\WINDOWS\System32\WindowsPowerShell\v1.0\;C:\WINDOWS\System32\OpenSSH\;C:\Program Files (x86)\File Viewer Lite\lib\magick;C:\Program Files\Git\cmd;C:\WINDOWS\system32;C:\WINDOWS;C:\WINDOWS\System32\Wbem;C:\WINDOWS\System32\WindowsPowerShell\v1.0\;C:\WINDOWS\System32\OpenSSH\;C:\MinGW\bin;C:\Program Files (x86)\Microsoft SQL Server\150\Tools\Binn\;C:\Program Files\Microsoft SQL Server\150\Tools\Binn\;C:\Program Files (x86)\Microsoft SQL Server\150\DTS\Binn\;C:\Program Files\Microsoft SQL Server\150\DTS\Binn\;C:\Program Files\Microsoft SQL Server\Client SDK\ODBC\170\Tools\Binn\;C:\Users\DMX BINH SON\AppData\Local\Microsoft\WindowsApps;C:\Program Files\Java\jdk-19\bin;C:\apache-maven-3.9.5\bin;C:\Program Files\nodejs\;C:\ProgramData\chocolatey\bin;C:\Program Files\dotnet\;C:\Program Files\Docker\Docker\resources\bin;C:\Users\DMX BINH SON\.cargo\bin;C:\Users\DMX BINH SON\AppData\Local\Microsoft\WindowsApps;C:\Users\DMX BINH SON\Documents\VSCODE\mingw64\bin;E:\mingw-w64\i686-8.1.0-posix-dwarf-rt_v6-rev0\mingw32\bin;C:\Users\DMX BINH SON\AppData\Local\Programs\Microsoft VS Code\bin;C:\Program Files\Azure Data Studio\bin;C:\Users\DMX BINH SON\IntelliJ IDEA Community Edition 232.8660.48\bin;;C:\Users\DMX BINH SON\AppData\Roaming\npm;C:\Users\DMX BINH SON\.dotnet\tools
USERNAME=Phat
OS=Windows_NT
PROCESSOR_IDENTIFIER=Intel64 Family 6 Model 142 Stepping 11, GenuineIntel
TMP=C:\Users\DMXBIN~1\AppData\Local\Temp
TEMP=C:\Users\DMXBIN~1\AppData\Local\Temp



---------------  S Y S T E M  ---------------

OS:
 Windows 11 , 64 bit Build 22621 (10.0.22621.3374)
OS uptime: 0 days 2:39 hours
Hyper-V role detected

CPU: total 8 (initial active 8) (4 cores per cpu, 2 threads per core) family 6 model 142 stepping 11 microcode 0xde, cx8, cmov, fxsr, ht, mmx, 3dnowpref, sse, sse2, sse3, ssse3, sse4.1, sse4.2, popcnt, lzcnt, tsc, tscinvbit, avx, avx2, aes, erms, clmul, bmi1, bmi2, adx, fma, vzeroupper, clflush, clflushopt, hv, rdtscp

Memory: 4k page, system-wide physical 20327M (5055M free)
TotalPageFile size 21827M (AvailPageFile size 6M)
current process WorkingSet (physical memory assigned to process): 472M, peak: 472M
current process commit charge ("private bytes"): 539M, peak: 542M

vm_info: Java HotSpot(TM) 64-Bit Server VM (19.0.2+7-44) for windows-amd64 JRE (19.0.2+7-44), built on 2022-11-30T18:02:09Z by "mach5one" with MS VC++ 17.1 (VS2022)

END.
