#
# There is insufficient memory for the Java Runtime Environment to continue.
# Native memory allocation (malloc) failed to allocate 779616 bytes for Chunk::new
# Possible reasons:
#   The system is out of physical RAM or swap space
#   The process is running with CompressedOops enabled, and the Java Heap may be blocking the growth of the native heap
# Possible solutions:
#   Reduce memory load on the system
#   Increase physical memory or swap space
#   Check if swap backing store is full
#   Decrease Java heap size (-Xmx/-Xms)
#   Decrease number of Java threads
#   Decrease Java thread stack sizes (-Xss)
#   Set larger code cache with -XX:ReservedCodeCacheSize=
#   JVM is running with Zero Based Compressed Oops mode in which the Java heap is
#     placed in the first 32GB address space. The Java Heap base address is the
#     maximum limit for the native heap growth. Please use -XX:HeapBaseMinAddress
#     to set the Java Heap base and to place the Java Heap above 32GB virtual address.
# This output file may be truncated or incomplete.
#
#  Out of Memory Error (arena.cpp:184), pid=15780, tid=5652
#
# JRE version: Java(TM) SE Runtime Environment (19.0.2+7) (build 19.0.2+7-44)
# Java VM: Java HotSpot(TM) 64-Bit Server VM (19.0.2+7-44, mixed mode, sharing, tiered, compressed oops, compressed class ptrs, g1 gc, windows-amd64)
# No core dump will be written. Minidumps are not enabled by default on client versions of Windows
#

---------------  S U M M A R Y ------------

Command Line: -javaagent:C:\Users\DMX BINH SON\IntelliJ IDEA Community Edition 232.8660.48\lib\idea_rt.jar=65222:C:\Users\DMX BINH SON\IntelliJ IDEA Community Edition 232.8660.48\bin -Dfile.encoding=UTF-8 -Dsun.stdout.encoding=UTF-8 -Dsun.stderr.encoding=UTF-8 com.springboot.blog.SpringbootBlogApplicationRestApiApplication

Host: Intel(R) Core(TM) i7-8565U CPU @ 1.80GHz, 8 cores, 19G,  Windows 11 , 64 bit Build 22621 (10.0.22621.3235)
Time: Thu Apr 11 21:38:28 2024 SE Asia Standard Time elapsed time: 255.520053 seconds (0d 0h 4m 15s)

---------------  T H R E A D  ---------------

Current thread (0x00000218a8d61720):  JavaThread "C2 CompilerThread0" daemon [_thread_in_native, id=5652, stack(0x000000eaf8b00000,0x000000eaf8c00000)]


Current CompileTask:
C2: 255520 9280       4       org.springframework.boot.devtools.filewatch.DirectorySnapshot::collectFiles (99 bytes)

Stack: [0x000000eaf8b00000,0x000000eaf8c00000]
Native frames: (J=compiled Java code, j=interpreted, Vv=VM code, C=native code)
V  [jvm.dll+0x6ee21a]
V  [jvm.dll+0x85765e]
V  [jvm.dll+0x85904e]
V  [jvm.dll+0x859703]
V  [jvm.dll+0x28298f]
V  [jvm.dll+0xc9adf]
V  [jvm.dll+0xc9e65]
V  [jvm.dll+0x2f7caf]
V  [jvm.dll+0x5f076b]
V  [jvm.dll+0x25590c]
V  [jvm.dll+0x24e1a7]
V  [jvm.dll+0x24b673]
V  [jvm.dll+0x1d6ce1]
V  [jvm.dll+0x25b25a]
V  [jvm.dll+0x2596e8]
V  [jvm.dll+0x807588]
V  [jvm.dll+0x80125a]
V  [jvm.dll+0x6ecf0b]
C  [ucrtbase.dll+0x29363]
C  [KERNEL32.DLL+0x1257d]
C  [ntdll.dll+0x5aa58]


---------------  P R O C E S S  ---------------

Threads class SMR info:
_java_thread_list=0x00000218b2278e80, length=34, elements={
0x00000218a8d25200, 0x00000218a8d25df0, 0x00000218a8d2b590, 0x00000218a8d302e0,
0x00000218a8d32440, 0x00000218a8d3b5a0, 0x00000218a8d61720, 0x00000218a8d628b0,
0x00000218a8d65230, 0x00000218ad0c9730, 0x00000218ad4e0f40, 0x00000218ad5240c0,
0x00000218b16887c0, 0x00000218aeeb8a20, 0x00000218afe27590, 0x00000218afe26af0,
0x00000218afe245c0, 0x00000218afe25060, 0x00000218afe255b0, 0x00000218afe25b00,
0x00000218afe24b10, 0x00000218afe265a0, 0x00000218b080eb70, 0x00000218b0815b00,
0x00000218b0815060, 0x00000218b0816050, 0x00000218b0812090, 0x00000218b0814070,
0x00000218b08165a0, 0x00000218b080f610, 0x00000218b08155b0, 0x00000218b080f0c0,
0x00000218b08115f0, 0x00000218b08145c0
}

Java Threads: ( => current thread )
  0x00000218a8d25200 JavaThread "Reference Handler" daemon [_thread_blocked, id=17360, stack(0x000000eaf8500000,0x000000eaf8600000)]
  0x00000218a8d25df0 JavaThread "Finalizer" daemon [_thread_blocked, id=1140, stack(0x000000eaf8600000,0x000000eaf8700000)]
  0x00000218a8d2b590 JavaThread "Signal Dispatcher" daemon [_thread_blocked, id=5392, stack(0x000000eaf8700000,0x000000eaf8800000)]
  0x00000218a8d302e0 JavaThread "Attach Listener" daemon [_thread_blocked, id=14768, stack(0x000000eaf8800000,0x000000eaf8900000)]
  0x00000218a8d32440 JavaThread "Service Thread" daemon [_thread_blocked, id=7988, stack(0x000000eaf8900000,0x000000eaf8a00000)]
  0x00000218a8d3b5a0 JavaThread "Monitor Deflation Thread" daemon [_thread_blocked, id=2400, stack(0x000000eaf8a00000,0x000000eaf8b00000)]
=>0x00000218a8d61720 JavaThread "C2 CompilerThread0" daemon [_thread_in_native, id=5652, stack(0x000000eaf8b00000,0x000000eaf8c00000)]
  0x00000218a8d628b0 JavaThread "C1 CompilerThread0" daemon [_thread_blocked, id=14716, stack(0x000000eaf8c00000,0x000000eaf8d00000)]
  0x00000218a8d65230 JavaThread "Sweeper thread" daemon [_thread_blocked, id=14756, stack(0x000000eaf8d00000,0x000000eaf8e00000)]
  0x00000218ad0c9730 JavaThread "Common-Cleaner" daemon [_thread_blocked, id=4060, stack(0x000000eaf8e00000,0x000000eaf8f00000)]
  0x00000218ad4e0f40 JavaThread "Monitor Ctrl-Break" daemon [_thread_in_native, id=11376, stack(0x000000eaf9100000,0x000000eaf9200000)]
  0x00000218ad5240c0 JavaThread "Notification Thread" daemon [_thread_blocked, id=7372, stack(0x000000eaf9200000,0x000000eaf9300000)]
  0x00000218b16887c0 JavaThread "mysql-cj-abandoned-connection-cleanup" daemon [_thread_blocked, id=8680, stack(0x000000eaf9e00000,0x000000eaf9f00000)]
  0x00000218aeeb8a20 JavaThread "HikariPool-1 housekeeper" daemon [_thread_blocked, id=14020, stack(0x000000eafa000000,0x000000eafa100000)]
  0x00000218afe27590 JavaThread "Catalina-utility-1" [_thread_blocked, id=15980, stack(0x000000eafa200000,0x000000eafa300000)]
  0x00000218afe26af0 JavaThread "Catalina-utility-2" [_thread_blocked, id=17192, stack(0x000000eafa300000,0x000000eafa400000)]
  0x00000218afe245c0 JavaThread "container-0" [_thread_blocked, id=15684, stack(0x000000eafa400000,0x000000eafa500000)]
  0x00000218afe25060 JavaThread "File Watcher" daemon [_thread_blocked, id=18008, stack(0x000000eafa500000,0x000000eafa600000)]
  0x00000218afe255b0 JavaThread "Live Reload Server" daemon [_thread_in_native, id=8444, stack(0x000000eafa700000,0x000000eafa800000)]
  0x00000218afe25b00 JavaThread "http-nio-8080-exec-1" daemon [_thread_blocked, id=12656, stack(0x000000eafa600000,0x000000eafa700000)]
  0x00000218afe24b10 JavaThread "http-nio-8080-exec-2" daemon [_thread_blocked, id=11316, stack(0x000000eafa800000,0x000000eafa900000)]
  0x00000218afe265a0 JavaThread "http-nio-8080-exec-3" daemon [_thread_blocked, id=9752, stack(0x000000eafa900000,0x000000eafaa00000)]
  0x00000218b080eb70 JavaThread "http-nio-8080-exec-4" daemon [_thread_blocked, id=12040, stack(0x000000eafaa00000,0x000000eafab00000)]
  0x00000218b0815b00 JavaThread "http-nio-8080-exec-5" daemon [_thread_blocked, id=12612, stack(0x000000eafab00000,0x000000eafac00000)]
  0x00000218b0815060 JavaThread "http-nio-8080-exec-6" daemon [_thread_blocked, id=3012, stack(0x000000eafac00000,0x000000eafad00000)]
  0x00000218b0816050 JavaThread "http-nio-8080-exec-7" daemon [_thread_blocked, id=8460, stack(0x000000eafad00000,0x000000eafae00000)]
  0x00000218b0812090 JavaThread "http-nio-8080-exec-8" daemon [_thread_blocked, id=3236, stack(0x000000eafae00000,0x000000eafaf00000)]
  0x00000218b0814070 JavaThread "http-nio-8080-exec-9" daemon [_thread_blocked, id=6052, stack(0x000000eafaf00000,0x000000eafb000000)]
  0x00000218b08165a0 JavaThread "http-nio-8080-exec-10" daemon [_thread_blocked, id=7008, stack(0x000000eafb000000,0x000000eafb100000)]
  0x00000218b080f610 JavaThread "http-nio-8080-Poller" daemon [_thread_in_native, id=12336, stack(0x000000eafb100000,0x000000eafb200000)]
  0x00000218b08155b0 JavaThread "http-nio-8080-Acceptor" daemon [_thread_in_native, id=13488, stack(0x000000eafb200000,0x000000eafb300000)]
  0x00000218b080f0c0 JavaThread "DestroyJavaVM" [_thread_blocked, id=9980, stack(0x000000eaf7e00000,0x000000eaf7f00000)]
  0x00000218b08115f0 JavaThread "ForkJoinPool.commonPool-worker-1" daemon [_thread_blocked, id=1964, stack(0x000000eaf9a00000,0x000000eaf9b00000)]
  0x00000218b08145c0 JavaThread "ForkJoinPool.commonPool-worker-2" daemon [_thread_blocked, id=4256, stack(0x000000eaf9b00000,0x000000eaf9c00000)]

Other Threads:
  0x00000218a8d0cc30 VMThread "VM Thread" [stack: 0x000000eaf8400000,0x000000eaf8500000] [id=7800]
  0x00000218ad56e600 WatcherThread "VM Periodic Task Thread" [stack: 0x000000eaf9300000,0x000000eaf9400000] [id=9396]
  0x00000218835545d0 WorkerThread "GC Thread#0" [stack: 0x000000eaf7f00000,0x000000eaf8000000] [id=12404]
  0x00000218ad92d210 WorkerThread "GC Thread#1" [stack: 0x000000eaf9400000,0x000000eaf9500000] [id=7364]
  0x00000218ad816530 WorkerThread "GC Thread#2" [stack: 0x000000eaf9500000,0x000000eaf9600000] [id=11736]
  0x00000218addfa0d0 WorkerThread "GC Thread#3" [stack: 0x000000eaf9600000,0x000000eaf9700000] [id=8000]
  0x00000218addfa3a0 WorkerThread "GC Thread#4" [stack: 0x000000eaf9700000,0x000000eaf9800000] [id=16776]
  0x00000218ade15b70 WorkerThread "GC Thread#5" [stack: 0x000000eaf9800000,0x000000eaf9900000] [id=4604]
  0x00000218ade15e40 WorkerThread "GC Thread#6" [stack: 0x000000eaf9900000,0x000000eaf9a00000] [id=16660]
  0x00000218ade163e0 WorkerThread "GC Thread#7" [stack: 0x000000eaf9c00000,0x000000eaf9d00000] [id=3144]
  0x000002188355f300 ConcurrentGCThread "G1 Main Marker" [stack: 0x000000eaf8000000,0x000000eaf8100000] [id=11260]
  0x000002188355fdd0 WorkerThread "G1 Conc#0" [stack: 0x000000eaf8100000,0x000000eaf8200000] [id=2676]
  0x00000218ade14d60 WorkerThread "G1 Conc#1" [stack: 0x000000eaf9d00000,0x000000eaf9e00000] [id=4948]
  0x00000218a8bcaeb0 ConcurrentGCThread "G1 Refine#0" [stack: 0x000000eaf8200000,0x000000eaf8300000] [id=7484]
  0x00000218a8bcb8f0 ConcurrentGCThread "G1 Service" [stack: 0x000000eaf8300000,0x000000eaf8400000] [id=10468]

Threads with active compile tasks:
C2 CompilerThread0   255580 9280       4       org.springframework.boot.devtools.filewatch.DirectorySnapshot::collectFiles (99 bytes)

VM state: not at safepoint (normal execution)

VM Mutex/Monitor currently owned by a thread: None

Heap address: 0x00000006c2400000, size: 5084 MB, Compressed Oops mode: Zero based, Oop shift amount: 3

CDS archive(s) mapped at: [0x0000000800000000-0x0000000800c40000-0x0000000800c40000), size 12845056, SharedBaseAddress: 0x0000000800000000, ArchiveRelocationMode: 0.
Compressed class space mapped at: 0x0000000801000000-0x0000000841000000, reserved size: 1073741824
Narrow klass base: 0x0000000800000000, Narrow klass shift: 0, Narrow klass range: 0x100000000

GC Precious Log:
 CardTable entry size: 512
 Card Set container configuration: InlinePtr #cards 4 size 8 Array Of Cards #cards 32 size 80 Howl #buckets 8 coarsen threshold 7372 Howl Bitmap #cards 1024 size 144 coarsen threshold 921 Card regions per heap region 1 cards per card region 8192
 CPUs: 8 total, 8 available
 Memory: 20327M
 Large Page Support: Disabled
 NUMA Support: Disabled
 Compressed Oops: Enabled (Zero based)
 Heap Region Size: 4M
 Heap Min Capacity: 8M
 Heap Initial Capacity: 320M
 Heap Max Capacity: 5084M
 Pre-touch: Disabled
 Parallel Workers: 8
 Concurrent Workers: 2
 Concurrent Refinement Workers: 8
 Periodic GC: Disabled

Heap:
 garbage-first heap   total 139264K, used 66014K [0x00000006c2400000, 0x0000000800000000)
  region size 4096K, 8 young (32768K), 1 survivors (4096K)
 Metaspace       used 84720K, committed 85568K, reserved 1179648K
  class space    used 11301K, committed 11712K, reserved 1048576K

Heap Regions: E=young(eden), S=young(survivor), O=old, HS=humongous(starts), HC=humongous(continues), CS=collection set, F=free, OA=open archive, CA=closed archive, TAMS=top-at-mark-start (previous, next)
|   0|0x00000006c2400000, 0x00000006c2800000, 0x00000006c2800000|100%| O|  |TAMS 0x00000006c2800000, 0x00000006c2400000| Untracked 
|   1|0x00000006c2800000, 0x00000006c2c00000, 0x00000006c2c00000|100%| O|  |TAMS 0x00000006c2c00000, 0x00000006c2800000| Untracked 
|   2|0x00000006c2c00000, 0x00000006c3000000, 0x00000006c3000000|100%| O|  |TAMS 0x00000006c3000000, 0x00000006c2c00000| Untracked 
|   3|0x00000006c3000000, 0x00000006c3400000, 0x00000006c3400000|100%| O|  |TAMS 0x00000006c3400000, 0x00000006c3000000| Untracked 
|   4|0x00000006c3400000, 0x00000006c3800000, 0x00000006c3800000|100%| O|  |TAMS 0x00000006c3800000, 0x00000006c3400000| Untracked 
|   5|0x00000006c3800000, 0x00000006c3c00000, 0x00000006c3c00000|100%| O|  |TAMS 0x00000006c3c00000, 0x00000006c3800000| Untracked 
|   6|0x00000006c3c00000, 0x00000006c4000000, 0x00000006c4000000|100%| O|  |TAMS 0x00000006c4000000, 0x00000006c3c00000| Untracked 
|   7|0x00000006c4000000, 0x00000006c4000000, 0x00000006c4400000|  0%| F|  |TAMS 0x00000006c4000000, 0x00000006c4000000| Untracked 
|   8|0x00000006c4400000, 0x00000006c4800000, 0x00000006c4800000|100%| O|  |TAMS 0x00000006c4400000, 0x00000006c4400000| Untracked 
|   9|0x00000006c4800000, 0x00000006c4c00000, 0x00000006c4c00000|100%| O|  |TAMS 0x00000006c4800000, 0x00000006c4800000| Untracked 
|  10|0x00000006c4c00000, 0x00000006c4f77600, 0x00000006c5000000| 86%| O|  |TAMS 0x00000006c4c00000, 0x00000006c4c00000| Untracked 
|  11|0x00000006c5000000, 0x00000006c5000000, 0x00000006c5400000|  0%| F|  |TAMS 0x00000006c5000000, 0x00000006c5000000| Untracked 
|  12|0x00000006c5400000, 0x00000006c5400000, 0x00000006c5800000|  0%| F|  |TAMS 0x00000006c5400000, 0x00000006c5400000| Untracked 
|  13|0x00000006c5800000, 0x00000006c5800000, 0x00000006c5c00000|  0%| F|  |TAMS 0x00000006c5800000, 0x00000006c5800000| Untracked 
|  14|0x00000006c5c00000, 0x00000006c5c00000, 0x00000006c6000000|  0%| F|  |TAMS 0x00000006c5c00000, 0x00000006c5c00000| Untracked 
|  15|0x00000006c6000000, 0x00000006c6000000, 0x00000006c6400000|  0%| F|  |TAMS 0x00000006c6000000, 0x00000006c6000000| Untracked 
|  16|0x00000006c6400000, 0x00000006c6400000, 0x00000006c6800000|  0%| F|  |TAMS 0x00000006c6400000, 0x00000006c6400000| Untracked 
|  17|0x00000006c6800000, 0x00000006c6800000, 0x00000006c6c00000|  0%| F|  |TAMS 0x00000006c6800000, 0x00000006c6800000| Untracked 
|  18|0x00000006c6c00000, 0x00000006c6c00000, 0x00000006c7000000|  0%| F|  |TAMS 0x00000006c6c00000, 0x00000006c6c00000| Untracked 
|  19|0x00000006c7000000, 0x00000006c7000000, 0x00000006c7400000|  0%| F|  |TAMS 0x00000006c7000000, 0x00000006c7000000| Untracked 
|  20|0x00000006c7400000, 0x00000006c7400000, 0x00000006c7800000|  0%| F|  |TAMS 0x00000006c7400000, 0x00000006c7400000| Untracked 
|  21|0x00000006c7800000, 0x00000006c7800000, 0x00000006c7c00000|  0%| F|  |TAMS 0x00000006c7800000, 0x00000006c7800000| Untracked 
|  22|0x00000006c7c00000, 0x00000006c7c00000, 0x00000006c8000000|  0%| F|  |TAMS 0x00000006c7c00000, 0x00000006c7c00000| Untracked 
|  23|0x00000006c8000000, 0x00000006c8000000, 0x00000006c8400000|  0%| F|  |TAMS 0x00000006c8000000, 0x00000006c8000000| Untracked 
|  24|0x00000006c8400000, 0x00000006c8400000, 0x00000006c8800000|  0%| F|  |TAMS 0x00000006c8400000, 0x00000006c8400000| Untracked 
|  25|0x00000006c8800000, 0x00000006c8800000, 0x00000006c8c00000|  0%| F|  |TAMS 0x00000006c8800000, 0x00000006c8800000| Untracked 
|  26|0x00000006c8c00000, 0x00000006c8c5ef00, 0x00000006c9000000|  9%| E|  |TAMS 0x00000006c8c00000, 0x00000006c8c00000| Complete 
|  27|0x00000006c9000000, 0x00000006c9400000, 0x00000006c9400000|100%| E|CS|TAMS 0x00000006c9000000, 0x00000006c9000000| Complete 
|  28|0x00000006c9400000, 0x00000006c9800000, 0x00000006c9800000|100%| E|CS|TAMS 0x00000006c9400000, 0x00000006c9400000| Complete 
|  29|0x00000006c9800000, 0x00000006c9c00000, 0x00000006c9c00000|100%| E|CS|TAMS 0x00000006c9800000, 0x00000006c9800000| Complete 
|  30|0x00000006c9c00000, 0x00000006ca000000, 0x00000006ca000000|100%| E|CS|TAMS 0x00000006c9c00000, 0x00000006c9c00000| Complete 
|  31|0x00000006ca000000, 0x00000006ca400000, 0x00000006ca400000|100%| E|CS|TAMS 0x00000006ca000000, 0x00000006ca000000| Complete 
|  32|0x00000006ca400000, 0x00000006ca500560, 0x00000006ca800000| 25%| S|CS|TAMS 0x00000006ca400000, 0x00000006ca400000| Complete 
|  79|0x00000006d6000000, 0x00000006d6400000, 0x00000006d6400000|100%| E|CS|TAMS 0x00000006d6000000, 0x00000006d6000000| Complete 

Card table byte_map: [0x000002189b140000,0x000002189bb30000] _byte_map_base: 0x0000021897b2e000

Marking Bits (Prev, Next): (CMBitMap*) 0x0000021883554b40, (CMBitMap*) 0x0000021883554b00
 Prev Bits: [0x00000218a1490000, 0x00000218a6400000)
 Next Bits: [0x000002189c520000, 0x00000218a1490000)

Polling page: 0x00000218813f0000

Metaspace:

Usage:
  Non-class:     71.70 MB used.
      Class:     11.04 MB used.
       Both:     82.73 MB used.

Virtual space:
  Non-class space:      128.00 MB reserved,      72.12 MB ( 56%) committed,  2 nodes.
      Class space:        1.00 GB reserved,      11.44 MB (  1%) committed,  1 nodes.
             Both:        1.12 GB reserved,      83.56 MB (  7%) committed. 

Chunk freelists:
   Non-Class:  3.41 MB
       Class:  624.00 KB
        Both:  4.02 MB

MaxMetaspaceSize: unlimited
CompressedClassSpaceSize: 1.00 GB
Initial GC threshold: 21.00 MB
Current GC threshold: 124.94 MB
CDS: on
MetaspaceReclaimPolicy: balanced
 - commit_granule_bytes: 65536.
 - commit_granule_words: 8192.
 - virtual_space_node_default_size: 8388608.
 - enlarge_chunks_in_place: 1.
 - new_chunks_are_fully_committed: 0.
 - uncommit_free_chunks: 1.
 - use_allocation_guard: 0.


Internal statistics:

num_allocs_failed_limit: 9.
num_arena_births: 1282.
num_arena_deaths: 0.
num_vsnodes_births: 3.
num_vsnodes_deaths: 0.
num_space_committed: 1337.
num_space_uncommitted: 0.
num_chunks_returned_to_freelist: 9.
num_chunks_taken_from_freelist: 4205.
num_chunk_merges: 9.
num_chunk_splits: 3099.
num_chunks_enlarged: 2493.
num_inconsistent_stats: 0.

CodeHeap 'non-profiled nmethods': size=120000Kb used=5084Kb max_used=5084Kb free=114915Kb
 bounds [0x0000021892ef0000, 0x00000218933f0000, 0x000002189a420000]
CodeHeap 'profiled nmethods': size=120000Kb used=15766Kb max_used=15766Kb free=104233Kb
 bounds [0x000002188b420000, 0x000002188c390000, 0x0000021892950000]
CodeHeap 'non-nmethods': size=5760Kb used=1491Kb max_used=1570Kb free=4268Kb
 bounds [0x0000021892950000, 0x0000021892bc0000, 0x0000021892ef0000]
 total_blobs=8578 nmethods=7824 adapters=663
 compilation: enabled
              stopped_count=0, restarted_count=0
 full_count=0

Compilation events (20 events):
Event: 247.300 Thread 0x00000218a8d628b0 nmethod 9270 0x000002188c381b90 code [0x000002188c381d20, 0x000002188c381e38]
Event: 247.300 Thread 0x00000218a8d628b0 9271       3       jdk.internal.misc.Unsafe::getAndSetLong (24 bytes)
Event: 247.301 Thread 0x00000218a8d628b0 nmethod 9271 0x000002188c381f10 code [0x000002188c3820c0, 0x000002188c382308]
Event: 247.301 Thread 0x00000218a8d628b0 9272   !   3       sun.nio.ch.SelectorImpl::lockAndDoSelect (87 bytes)
Event: 247.302 Thread 0x00000218a8d628b0 nmethod 9272 0x000002188c382410 code [0x000002188c382620, 0x000002188c382c88]
Event: 248.316 Thread 0x00000218a8d628b0 9273       3       sun.nio.ch.SelectorImpl::end (9 bytes)
Event: 248.316 Thread 0x00000218a8d628b0 nmethod 9273 0x000002188c383090 code [0x000002188c383260, 0x000002188c3835a8]
Event: 248.316 Thread 0x00000218a8d628b0 9274       3       sun.nio.ch.WEPollSelectorImpl::processEvents (152 bytes)
Event: 248.317 Thread 0x00000218a8d628b0 nmethod 9274 0x000002188c383710 code [0x000002188c3839a0, 0x000002188c3845d8]
Event: 248.317 Thread 0x00000218a8d628b0 9275       3       java.util.concurrent.atomic.AtomicLong::set (12 bytes)
Event: 248.317 Thread 0x00000218a8d628b0 nmethod 9275 0x000002188c384b10 code [0x000002188c384ca0, 0x000002188c384dd8]
Event: 250.544 Thread 0x00000218a8d628b0 9276       3       java.util.concurrent.locks.AbstractQueuedSynchronizer$ConditionObject::unlinkCancelledWaiters (91 bytes)
Event: 250.546 Thread 0x00000218a8d628b0 nmethod 9276 0x000002188c384e90 code [0x000002188c385060, 0x000002188c385538]
Event: 250.546 Thread 0x00000218a8d628b0 9277       3       org.apache.catalina.util.LifecycleBase::fireLifecycleEvent (56 bytes)
Event: 250.546 Thread 0x00000218a8d628b0 nmethod 9277 0x000002188c385690 code [0x000002188c3858c0, 0x000002188c386178]
Event: 250.547 Thread 0x00000218a8d628b0 9278       3       org.apache.catalina.LifecycleEvent::<init> (16 bytes)
Event: 250.547 Thread 0x00000218a8d628b0 nmethod 9278 0x000002188c386410 code [0x000002188c3865e0, 0x000002188c3869e8]
Event: 254.333 Thread 0x00000218a8d61720 9279       4       java.io.File::listFiles (52 bytes)
Event: 254.354 Thread 0x00000218a8d61720 nmethod 9279 0x00000218933e6210 code [0x00000218933e6400, 0x00000218933e6bf0]
Event: 255.353 Thread 0x00000218a8d61720 9280       4       org.springframework.boot.devtools.filewatch.DirectorySnapshot::collectFiles (99 bytes)

GC Heap History (20 events):
Event: 8.821 GC heap before
{Heap before GC invocations=14 (full 0):
 garbage-first heap   total 69632K, used 39047K [0x00000006c2400000, 0x0000000800000000)
  region size 4096K, 5 young (20480K), 1 survivors (4096K)
 Metaspace       used 59933K, committed 60480K, reserved 1114112K
  class space    used 7794K, committed 8064K, reserved 1048576K
}
Event: 8.823 GC heap after
{Heap after GC invocations=15 (full 0):
 garbage-first heap   total 69632K, used 26999K [0x00000006c2400000, 0x0000000800000000)
  region size 4096K, 1 young (4096K), 1 survivors (4096K)
 Metaspace       used 59933K, committed 60480K, reserved 1114112K
  class space    used 7794K, committed 8064K, reserved 1048576K
}
Event: 9.299 GC heap before
{Heap before GC invocations=16 (full 0):
 garbage-first heap   total 69632K, used 47479K [0x00000006c2400000, 0x0000000800000000)
  region size 4096K, 6 young (24576K), 1 survivors (4096K)
 Metaspace       used 64383K, committed 65024K, reserved 1114112K
  class space    used 8399K, committed 8704K, reserved 1048576K
}
Event: 9.302 GC heap after
{Heap after GC invocations=17 (full 0):
 garbage-first heap   total 69632K, used 28349K [0x00000006c2400000, 0x0000000800000000)
  region size 4096K, 1 young (4096K), 1 survivors (4096K)
 Metaspace       used 64383K, committed 65024K, reserved 1114112K
  class space    used 8399K, committed 8704K, reserved 1048576K
}
Event: 9.635 GC heap before
{Heap before GC invocations=17 (full 0):
 garbage-first heap   total 69632K, used 48829K [0x00000006c2400000, 0x0000000800000000)
  region size 4096K, 6 young (24576K), 1 survivors (4096K)
 Metaspace       used 66980K, committed 67648K, reserved 1114112K
  class space    used 8790K, committed 9088K, reserved 1048576K
}
Event: 9.639 GC heap after
{Heap after GC invocations=18 (full 0):
 garbage-first heap   total 69632K, used 29788K [0x00000006c2400000, 0x0000000800000000)
  region size 4096K, 1 young (4096K), 1 survivors (4096K)
 Metaspace       used 66980K, committed 67648K, reserved 1114112K
  class space    used 8790K, committed 9088K, reserved 1048576K
}
Event: 10.096 GC heap before
{Heap before GC invocations=18 (full 0):
 garbage-first heap   total 69632K, used 50268K [0x00000006c2400000, 0x0000000800000000)
  region size 4096K, 6 young (24576K), 1 survivors (4096K)
 Metaspace       used 69759K, committed 70400K, reserved 1114112K
  class space    used 9374K, committed 9664K, reserved 1048576K
}
Event: 10.101 GC heap after
{Heap after GC invocations=19 (full 0):
 garbage-first heap   total 69632K, used 31530K [0x00000006c2400000, 0x0000000800000000)
  region size 4096K, 1 young (4096K), 1 survivors (4096K)
 Metaspace       used 69759K, committed 70400K, reserved 1114112K
  class space    used 9374K, committed 9664K, reserved 1048576K
}
Event: 10.512 GC heap before
{Heap before GC invocations=19 (full 0):
 garbage-first heap   total 69632K, used 52010K [0x00000006c2400000, 0x0000000800000000)
  region size 4096K, 6 young (24576K), 1 survivors (4096K)
 Metaspace       used 71931K, committed 72640K, reserved 1114112K
  class space    used 9658K, committed 9984K, reserved 1048576K
}
Event: 10.517 GC heap after
{Heap after GC invocations=20 (full 0):
 garbage-first heap   total 69632K, used 32564K [0x00000006c2400000, 0x0000000800000000)
  region size 4096K, 1 young (4096K), 1 survivors (4096K)
 Metaspace       used 71931K, committed 72640K, reserved 1114112K
  class space    used 9658K, committed 9984K, reserved 1048576K
}
Event: 10.715 GC heap before
{Heap before GC invocations=20 (full 0):
 garbage-first heap   total 69632K, used 48948K [0x00000006c2400000, 0x0000000800000000)
  region size 4096K, 5 young (20480K), 1 survivors (4096K)
 Metaspace       used 72603K, committed 73344K, reserved 1114112K
  class space    used 9738K, committed 10048K, reserved 1048576K
}
Event: 10.719 GC heap after
{Heap after GC invocations=21 (full 0):
 garbage-first heap   total 69632K, used 33007K [0x00000006c2400000, 0x0000000800000000)
  region size 4096K, 1 young (4096K), 1 survivors (4096K)
 Metaspace       used 72603K, committed 73344K, reserved 1114112K
  class space    used 9738K, committed 10048K, reserved 1048576K
}
Event: 11.135 GC heap before
{Heap before GC invocations=22 (full 0):
 garbage-first heap   total 69632K, used 53487K [0x00000006c2400000, 0x0000000800000000)
  region size 4096K, 6 young (24576K), 1 survivors (4096K)
 Metaspace       used 74756K, committed 75456K, reserved 1114112K
  class space    used 10031K, committed 10368K, reserved 1048576K
}
Event: 11.140 GC heap after
{Heap after GC invocations=23 (full 0):
 garbage-first heap   total 69632K, used 34313K [0x00000006c2400000, 0x0000000800000000)
  region size 4096K, 1 young (4096K), 1 survivors (4096K)
 Metaspace       used 74756K, committed 75456K, reserved 1114112K
  class space    used 10031K, committed 10368K, reserved 1048576K
}
Event: 11.601 GC heap before
{Heap before GC invocations=23 (full 0):
 garbage-first heap   total 69632K, used 50697K [0x00000006c2400000, 0x0000000800000000)
  region size 4096K, 5 young (20480K), 1 survivors (4096K)
 Metaspace       used 75953K, committed 76672K, reserved 1179648K
  class space    used 10194K, committed 10496K, reserved 1048576K
}
Event: 11.608 GC heap after
{Heap after GC invocations=24 (full 0):
 garbage-first heap   total 200704K, used 35809K [0x00000006c2400000, 0x0000000800000000)
  region size 4096K, 1 young (4096K), 1 survivors (4096K)
 Metaspace       used 75953K, committed 76672K, reserved 1179648K
  class space    used 10194K, committed 10496K, reserved 1048576K
}
Event: 23.397 GC heap before
{Heap before GC invocations=25 (full 0):
 garbage-first heap   total 139264K, used 113633K [0x00000006c2400000, 0x0000000800000000)
  region size 4096K, 20 young (81920K), 1 survivors (4096K)
 Metaspace       used 84260K, committed 85056K, reserved 1179648K
  class space    used 11260K, committed 11648K, reserved 1048576K
}
Event: 23.422 GC heap after
{Heap after GC invocations=26 (full 0):
 garbage-first heap   total 139264K, used 41073K [0x00000006c2400000, 0x0000000800000000)
  region size 4096K, 3 young (12288K), 3 survivors (12288K)
 Metaspace       used 84260K, committed 85056K, reserved 1179648K
  class space    used 11260K, committed 11648K, reserved 1048576K
}
Event: 23.491 GC heap before
{Heap before GC invocations=26 (full 0):
 garbage-first heap   total 139264K, used 45169K [0x00000006c2400000, 0x0000000800000000)
  region size 4096K, 4 young (16384K), 3 survivors (12288K)
 Metaspace       used 84306K, committed 85120K, reserved 1179648K
  class space    used 11261K, committed 11648K, reserved 1048576K
}
Event: 23.506 GC heap after
{Heap after GC invocations=27 (full 0):
 garbage-first heap   total 139264K, used 41438K [0x00000006c2400000, 0x0000000800000000)
  region size 4096K, 1 young (4096K), 1 survivors (4096K)
 Metaspace       used 84306K, committed 85120K, reserved 1179648K
  class space    used 11261K, committed 11648K, reserved 1048576K
}

Dll operation events (14 events):
Event: 0.011 Loaded shared library C:\Program Files\Java\jdk-19\bin\java.dll
Event: 0.022 Loaded shared library C:\Program Files\Java\jdk-19\bin\jsvml.dll
Event: 0.151 Loaded shared library C:\Program Files\Java\jdk-19\bin\zip.dll
Event: 0.155 Loaded shared library C:\Program Files\Java\jdk-19\bin\instrument.dll
Event: 0.162 Loaded shared library C:\Program Files\Java\jdk-19\bin\net.dll
Event: 0.164 Loaded shared library C:\Program Files\Java\jdk-19\bin\nio.dll
Event: 0.167 Loaded shared library C:\Program Files\Java\jdk-19\bin\zip.dll
Event: 0.292 Loaded shared library C:\Users\DMX BINH SON\IntelliJ IDEA Community Edition 232.8660.48\bin\breakgen64.dll
Event: 0.305 Loaded shared library C:\Program Files\Java\jdk-19\bin\extnet.dll
Event: 0.359 Loaded shared library C:\Program Files\Java\jdk-19\bin\jimage.dll
Event: 0.764 Loaded shared library C:\Program Files\Java\jdk-19\bin\management.dll
Event: 0.767 Loaded shared library C:\Program Files\Java\jdk-19\bin\management_ext.dll
Event: 2.690 Loaded shared library C:\Program Files\Java\jdk-19\bin\sunmscapi.dll
Event: 6.452 Loaded shared library C:\Program Files\Java\jdk-19\bin\verify.dll

Deoptimization events (20 events):
Event: 239.717 Thread 0x00000218b0815060 Uncommon trap: trap_request=0xffffffc6 fr.pc=0x000002189324282c relative=0x00000000000000ec
Event: 239.717 Thread 0x00000218b0815060 Uncommon trap: reason=bimorphic_or_optimized_type_check action=maybe_recompile pc=0x000002189324282c method=com.fasterxml.jackson.databind.introspect.AnnotationIntrospectorPair.findReferenceType(Lcom/fasterxml/jackson/databind/introspect/AnnotatedMember;)
Event: 239.717 Thread 0x00000218b0815060 DEOPT PACKING pc=0x000002189324282c sp=0x000000eafacfb270
Event: 239.717 Thread 0x00000218b0815060 DEOPT UNPACKING pc=0x00000218929b6da3 sp=0x000000eafacfb160 mode 2
Event: 239.717 Thread 0x00000218b0815060 Uncommon trap: trap_request=0xffffffc6 fr.pc=0x0000021893350120 relative=0x00000000000000c0
Event: 239.717 Thread 0x00000218b0815060 Uncommon trap: reason=bimorphic_or_optimized_type_check action=maybe_recompile pc=0x0000021893350120 method=com.fasterxml.jackson.databind.introspect.AnnotationIntrospectorPair.findViews(Lcom/fasterxml/jackson/databind/introspect/Annotated;)[Ljava/lang/Cl
Event: 239.717 Thread 0x00000218b0815060 DEOPT PACKING pc=0x0000021893350120 sp=0x000000eafacfb100
Event: 239.717 Thread 0x00000218b0815060 DEOPT UNPACKING pc=0x00000218929b6da3 sp=0x000000eafacfafe0 mode 2
Event: 239.717 Thread 0x00000218b0815060 Uncommon trap: trap_request=0xffffffc6 fr.pc=0x0000021893350120 relative=0x00000000000000c0
Event: 239.717 Thread 0x00000218b0815060 Uncommon trap: reason=bimorphic_or_optimized_type_check action=maybe_recompile pc=0x0000021893350120 method=com.fasterxml.jackson.databind.introspect.AnnotationIntrospectorPair.findViews(Lcom/fasterxml/jackson/databind/introspect/Annotated;)[Ljava/lang/Cl
Event: 239.717 Thread 0x00000218b0815060 DEOPT PACKING pc=0x0000021893350120 sp=0x000000eafacfb100
Event: 239.717 Thread 0x00000218b0815060 DEOPT UNPACKING pc=0x00000218929b6da3 sp=0x000000eafacfafe0 mode 2
Event: 239.717 Thread 0x00000218b0815060 Uncommon trap: trap_request=0xffffffc6 fr.pc=0x0000021893351c68 relative=0x0000000000000a28
Event: 239.717 Thread 0x00000218b0815060 Uncommon trap: reason=bimorphic_or_optimized_type_check action=maybe_recompile pc=0x0000021893351c68 method=com.fasterxml.jackson.databind.introspect.AnnotationIntrospectorPair.findReferenceType(Lcom/fasterxml/jackson/databind/introspect/AnnotatedMember;)
Event: 239.717 Thread 0x00000218b0815060 DEOPT PACKING pc=0x0000021893351c68 sp=0x000000eafacfb350
Event: 239.717 Thread 0x00000218b0815060 DEOPT UNPACKING pc=0x00000218929b6da3 sp=0x000000eafacfb170 mode 2
Event: 239.718 Thread 0x00000218b0815060 Uncommon trap: trap_request=0xfffffff4 fr.pc=0x000002189302a26c relative=0x000000000000164c
Event: 239.718 Thread 0x00000218b0815060 Uncommon trap: reason=null_check action=make_not_entrant pc=0x000002189302a26c method=com.fasterxml.jackson.databind.type.TypeFactory._fromClass(Lcom/fasterxml/jackson/databind/type/ClassStack;Ljava/lang/Class;Lcom/fasterxml/jackson/databind/type/TypeBind
Event: 239.718 Thread 0x00000218b0815060 DEOPT PACKING pc=0x000002189302a26c sp=0x000000eafacfaca0
Event: 239.718 Thread 0x00000218b0815060 DEOPT UNPACKING pc=0x00000218929b6da3 sp=0x000000eafacfacb0 mode 2

Classes loaded (20 events):
Event: 22.122 Loading class org/w3c/dom/Document
Event: 22.122 Loading class org/w3c/dom/Document done
Event: 22.346 Loading class java/lang/package-info
Event: 22.346 Loading class java/lang/package-info done
Event: 22.423 Loading class java/util/concurrent/ConcurrentHashMap$KeySpliterator
Event: 22.423 Loading class java/util/concurrent/ConcurrentHashMap$KeySpliterator done
Event: 22.500 Loading class java/util/package-info
Event: 22.501 Loading class java/util/package-info done
Event: 23.014 Loading class sun/util/resources/LocaleData$CommonResourceBundleProvider
Event: 23.014 Loading class sun/util/resources/LocaleData$LocaleDataResourceBundleProvider
Event: 23.015 Loading class java/util/spi/ResourceBundleProvider
Event: 23.015 Loading class java/util/spi/ResourceBundleProvider done
Event: 23.015 Loading class sun/util/resources/LocaleData$LocaleDataResourceBundleProvider done
Event: 23.015 Loading class sun/util/resources/LocaleData$CommonResourceBundleProvider done
Event: 23.015 Loading class sun/util/resources/Bundles$2
Event: 23.015 Loading class sun/util/resources/Bundles$2 done
Event: 23.229 Loading class java/text/ParsePosition
Event: 23.229 Loading class java/text/ParsePosition done
Event: 23.625 Loading class java/time/Instant$1
Event: 23.625 Loading class java/time/Instant$1 done

Classes unloaded (0 events):
No events

Classes redefined (0 events):
No events

Internal exceptions (20 events):
Event: 11.917 Thread 0x00000218ade0eac0 Implicit null exception at 0x00000218930e6200 to 0x00000218930e67f2
Event: 11.952 Thread 0x00000218ade0eac0 Exception <a 'java/lang/NoSuchMethodError'{0x00000006ca0759b8}: 'java.lang.Object java.lang.invoke.DirectMethodHandle$Holder.invokeVirtual(java.lang.Object, java.lang.Object, java.lang.Object, java.lang.Object, java.lang.Object, java.lang.Object, java.lang.Object, java.lang.Object, java.lang.Object)'> (0x00000006ca0759b8) 
thrown [s\open\src\hotspot\share\interpreter\linkResolver.cpp, line 774]
Event: 12.024 Thread 0x00000218ade0eac0 Exception <a 'java/lang/NoSuchMethodError'{0x00000006ca241f78}: 'java.lang.Object java.lang.invoke.DirectMethodHandle$Holder.invokeVirtual(java.lang.Object, java.lang.Object, java.lang.Object, java.lang.Object, java.lang.Object, java.lang.Object, java.lang.Object, java.lang.Object, java.lang.Object, java.lang.Object)'> (0x00000006ca241f78) 
thrown [s\open\src\hotspot\share\interpreter\linkResolver.cpp, line 774]
Event: 12.109 Thread 0x00000218ade0eac0 Exception <a 'java/lang/IncompatibleClassChangeError'{0x00000006c9ced630}: Found class java.lang.Object, but interface was expected> (0x00000006c9ced630) 
thrown [s\open\src\hotspot\share\interpreter\linkResolver.cpp, line 841]
Event: 12.131 Thread 0x00000218ade0eac0 Implicit null exception at 0x0000021893075de0 to 0x0000021893075ffc
Event: 12.378 Thread 0x00000218ade0eac0 Exception <a 'java/lang/NoSuchMethodError'{0x00000006c90139f0}: 'java.lang.Object java.lang.invoke.DirectMethodHandle$Holder.newInvokeSpecial(java.lang.Object, java.lang.Object, int, java.lang.Object, java.lang.Object)'> (0x00000006c90139f0) 
thrown [s\open\src\hotspot\share\interpreter\linkResolver.cpp, line 774]
Event: 12.379 Thread 0x00000218ade0eac0 Exception <a 'java/lang/NoSuchMethodError'{0x00000006c901ec10}: 'java.lang.Object java.lang.invoke.DirectMethodHandle$Holder.invokeSpecial(java.lang.Object, java.lang.Object, int, java.lang.Object, int, java.lang.Object)'> (0x00000006c901ec10) 
thrown [s\open\src\hotspot\share\interpreter\linkResolver.cpp, line 774]
Event: 12.380 Thread 0x00000218ade0eac0 Exception <a 'java/lang/NoSuchMethodError'{0x00000006c90268a8}: 'java.lang.Object java.lang.invoke.DirectMethodHandle$Holder.newInvokeSpecial(java.lang.Object, java.lang.Object, int, java.lang.Object, int)'> (0x00000006c90268a8) 
thrown [s\open\src\hotspot\share\interpreter\linkResolver.cpp, line 774]
Event: 12.380 Thread 0x00000218ade0eac0 Exception <a 'java/lang/NoSuchMethodError'{0x00000006c902a978}: 'java.lang.Object java.lang.invoke.DirectMethodHandle$Holder.invokeSpecial(java.lang.Object, java.lang.Object, java.lang.Object, int, java.lang.Object, int)'> (0x00000006c902a978) 
thrown [s\open\src\hotspot\share\interpreter\linkResolver.cpp, line 774]
Event: 19.376 Thread 0x00000218afe25b00 Exception <a 'java/lang/NoSuchMethodError'{0x00000006c8f69f80}: 'java.lang.Object java.lang.invoke.DirectMethodHandle$Holder.invokeSpecial(java.lang.Object, java.lang.Object, java.lang.Object, java.lang.Object, java.lang.Object, long)'> (0x00000006c8f69f80) 
thrown [s\open\src\hotspot\share\interpreter\linkResolver.cpp, line 774]
Event: 19.376 Thread 0x00000218afe25b00 Exception <a 'java/lang/NoSuchMethodError'{0x00000006c8f6d988}: 'java.lang.Object java.lang.invoke.Invokers$Holder.linkToTargetMethod(java.lang.Object, java.lang.Object, java.lang.Object, long, java.lang.Object)'> (0x00000006c8f6d988) 
thrown [s\open\src\hotspot\share\interpreter\linkResolver.cpp, line 774]
Event: 19.427 Thread 0x00000218afe25b00 Exception <a 'java/lang/NoSuchMethodError'{0x00000006c88fbac8}: 'java.lang.Object java.lang.invoke.DirectMethodHandle$Holder.invokeStatic(java.lang.Object, int, int)'> (0x00000006c88fbac8) 
thrown [s\open\src\hotspot\share\interpreter\linkResolver.cpp, line 774]
Event: 22.007 Thread 0x00000218b0814070 Implicit null exception at 0x0000021893136d4a to 0x0000021893137628
Event: 22.007 Thread 0x00000218b0814070 Implicit null exception at 0x0000021893135725 to 0x0000021893135ba4
Event: 22.011 Thread 0x00000218b0814070 Implicit null exception at 0x00000218931393c0 to 0x0000021893139e68
Event: 22.026 Thread 0x00000218b0814070 Implicit null exception at 0x00000218931451c0 to 0x0000021893145aec
Event: 22.026 Thread 0x00000218b0814070 Implicit null exception at 0x00000218933b7380 to 0x00000218933b8128
Event: 22.051 Thread 0x00000218b0814070 Implicit null exception at 0x000002189314716c to 0x0000021893147214
Event: 23.644 Thread 0x00000218b0814070 Implicit null exception at 0x0000021893074ecf to 0x0000021893075044
Event: 239.718 Thread 0x00000218b0815060 Implicit null exception at 0x0000021893028ec0 to 0x000002189302a248

VM Operations (20 events):
Event: 68.986 Executing VM operation: Cleanup
Event: 68.986 Executing VM operation: Cleanup done
Event: 72.019 Executing VM operation: Cleanup
Event: 72.019 Executing VM operation: Cleanup done
Event: 81.128 Executing VM operation: Cleanup
Event: 81.128 Executing VM operation: Cleanup done
Event: 91.239 Executing VM operation: Cleanup
Event: 91.239 Executing VM operation: Cleanup done
Event: 96.274 Executing VM operation: Cleanup
Event: 96.274 Executing VM operation: Cleanup done
Event: 101.335 Executing VM operation: Cleanup
Event: 101.335 Executing VM operation: Cleanup done
Event: 201.351 Executing VM operation: Cleanup
Event: 201.351 Executing VM operation: Cleanup done
Event: 206.396 Executing VM operation: Cleanup
Event: 206.396 Executing VM operation: Cleanup done
Event: 211.462 Executing VM operation: Cleanup
Event: 211.462 Executing VM operation: Cleanup done
Event: 239.747 Executing VM operation: Cleanup
Event: 239.747 Executing VM operation: Cleanup done

Events (20 events):
Event: 22.097 Thread 0x00000218a8d65230 flushing nmethod 0x000002188c06e590
Event: 22.097 Thread 0x00000218a8d65230 flushing nmethod 0x000002188c096e90
Event: 22.097 Thread 0x00000218a8d65230 flushing nmethod 0x000002188c0a5d10
Event: 22.097 Thread 0x00000218a8d65230 flushing nmethod 0x000002188c0f0190
Event: 22.097 Thread 0x00000218a8d65230 flushing nmethod 0x000002188c11fd90
Event: 22.098 Thread 0x00000218a8d65230 flushing nmethod 0x000002188c18b010
Event: 22.098 Thread 0x00000218a8d65230 flushing nmethod 0x000002188c18bb10
Event: 22.098 Thread 0x00000218a8d65230 flushing nmethod 0x000002188c19ed10
Event: 22.098 Thread 0x00000218a8d65230 flushing nmethod 0x000002188c19f310
Event: 22.098 Thread 0x00000218a8d65230 flushing nmethod 0x000002188c1b2510
Event: 22.098 Thread 0x00000218a8d65230 flushing nmethod 0x000002188c1c2b10
Event: 22.098 Thread 0x00000218a8d65230 flushing nmethod 0x000002188c1c2e90
Event: 22.098 Thread 0x00000218a8d65230 flushing nmethod 0x000002188c21d290
Event: 25.417 Thread 0x00000218b18c2060 Thread exited: 0x00000218b18c2060
Event: 28.494 Thread 0x00000218b18bd280 Thread exited: 0x00000218b18bd280
Event: 81.881 Thread 0x00000218b0811b40 Thread exited: 0x00000218b0811b40
Event: 141.895 Thread 0x00000218b08100b0 Thread exited: 0x00000218b08100b0
Event: 201.910 Thread 0x00000218b0810600 Thread exited: 0x00000218b0810600
Event: 239.719 Thread 0x00000218b18bf3e0 Thread added: 0x00000218b18bf3e0
Event: 245.018 Thread 0x00000218b18bf3e0 Thread exited: 0x00000218b18bf3e0


Dynamic libraries:
0x00007ff6ec1e0000 - 0x00007ff6ec1f0000 	C:\Program Files\Java\jdk-19\bin\java.exe
0x00007ff879d10000 - 0x00007ff879f26000 	C:\WINDOWS\SYSTEM32\ntdll.dll
0x00007ff878ee0000 - 0x00007ff878fa4000 	C:\WINDOWS\System32\KERNEL32.DLL
0x00007ff877340000 - 0x00007ff8776e6000 	C:\WINDOWS\System32\KERNELBASE.dll
0x00007ff8770b0000 - 0x00007ff8771c1000 	C:\WINDOWS\System32\ucrtbase.dll
0x00007ff86d5a0000 - 0x00007ff86d5b8000 	C:\Program Files\Java\jdk-19\bin\jli.dll
0x00007ff86c470000 - 0x00007ff86c48b000 	C:\Program Files\Java\jdk-19\bin\VCRUNTIME140.dll
0x00007ff8799d0000 - 0x00007ff879a82000 	C:\WINDOWS\System32\ADVAPI32.dll
0x00007ff878c80000 - 0x00007ff878d27000 	C:\WINDOWS\System32\msvcrt.dll
0x00007ff878af0000 - 0x00007ff878b98000 	C:\WINDOWS\System32\sechost.dll
0x00007ff877080000 - 0x00007ff8770a8000 	C:\WINDOWS\System32\bcrypt.dll
0x00007ff879130000 - 0x00007ff879245000 	C:\WINDOWS\System32\RPCRT4.dll
0x00007ff878d30000 - 0x00007ff878edd000 	C:\WINDOWS\System32\USER32.dll
0x00007ff877050000 - 0x00007ff877076000 	C:\WINDOWS\System32\win32u.dll
0x00007ff854670000 - 0x00007ff854903000 	C:\WINDOWS\WinSxS\amd64_microsoft.windows.common-controls_6595b64144ccf1df_6.0.22621.3235_none_270f74e173860f98\COMCTL32.dll
0x00007ff878ac0000 - 0x00007ff878ae9000 	C:\WINDOWS\System32\GDI32.dll
0x00007ff877850000 - 0x00007ff877968000 	C:\WINDOWS\System32\gdi32full.dll
0x00007ff8776f0000 - 0x00007ff87778a000 	C:\WINDOWS\System32\msvcp_win.dll
0x00007ff86c890000 - 0x00007ff86c89a000 	C:\WINDOWS\SYSTEM32\VERSION.dll
0x00007ff879250000 - 0x00007ff879281000 	C:\WINDOWS\System32\IMM32.DLL
0x00007ff86efe0000 - 0x00007ff86efec000 	C:\Program Files\Java\jdk-19\bin\vcruntime140_1.dll
0x00007ff8641e0000 - 0x00007ff86426e000 	C:\Program Files\Java\jdk-19\bin\msvcp140.dll
0x00007ffff9590000 - 0x00007ffffa250000 	C:\Program Files\Java\jdk-19\bin\server\jvm.dll
0x00007ff86c3b0000 - 0x00007ff86c3e4000 	C:\WINDOWS\SYSTEM32\WINMM.dll
0x00007ff854070000 - 0x00007ff854079000 	C:\WINDOWS\SYSTEM32\WSOCK32.dll
0x00007ff878ba0000 - 0x00007ff878c11000 	C:\WINDOWS\System32\WS2_32.dll
0x00007ff876180000 - 0x00007ff876198000 	C:\WINDOWS\SYSTEM32\kernel.appcore.dll
0x00007ff86efc0000 - 0x00007ff86efca000 	C:\Program Files\Java\jdk-19\bin\jimage.dll
0x00007ff871940000 - 0x00007ff871b73000 	C:\WINDOWS\SYSTEM32\DBGHELP.DLL
0x00007ff878730000 - 0x00007ff878ab8000 	C:\WINDOWS\System32\combase.dll
0x00007ff879340000 - 0x00007ff879417000 	C:\WINDOWS\System32\OLEAUT32.dll
0x00007ff85eaa0000 - 0x00007ff85ead2000 	C:\WINDOWS\SYSTEM32\dbgcore.DLL
0x00007ff8779e0000 - 0x00007ff877a5a000 	C:\WINDOWS\System32\bcryptPrimitives.dll
0x00007ff86ef10000 - 0x00007ff86ef1e000 	C:\Program Files\Java\jdk-19\bin\instrument.dll
0x00007ff865120000 - 0x00007ff865146000 	C:\Program Files\Java\jdk-19\bin\java.dll
0x00007ff8240c0000 - 0x00007ff824197000 	C:\Program Files\Java\jdk-19\bin\jsvml.dll
0x00007ff877c00000 - 0x00007ff87845d000 	C:\WINDOWS\System32\SHELL32.dll
0x00007ff874fb0000 - 0x00007ff8758a8000 	C:\WINDOWS\SYSTEM32\windows.storage.dll
0x00007ff874e70000 - 0x00007ff874fae000 	C:\WINDOWS\SYSTEM32\wintypes.dll
0x00007ff879430000 - 0x00007ff879523000 	C:\WINDOWS\System32\SHCORE.dll
0x00007ff878620000 - 0x00007ff87867e000 	C:\WINDOWS\System32\shlwapi.dll
0x00007ff876f80000 - 0x00007ff876fa6000 	C:\WINDOWS\SYSTEM32\profapi.dll
0x00007ff8649a0000 - 0x00007ff8649b8000 	C:\Program Files\Java\jdk-19\bin\zip.dll
0x00007ff8649e0000 - 0x00007ff8649f3000 	C:\Program Files\Java\jdk-19\bin\net.dll
0x00007ff86cb20000 - 0x00007ff86cc57000 	C:\WINDOWS\SYSTEM32\WINHTTP.dll
0x00007ff876600000 - 0x00007ff876669000 	C:\WINDOWS\system32\mswsock.dll
0x00007ff8649c0000 - 0x00007ff8649d6000 	C:\Program Files\Java\jdk-19\bin\nio.dll
0x00007ff8651c0000 - 0x00007ff8651da000 	C:\Users\DMX BINH SON\IntelliJ IDEA Community Edition 232.8660.48\bin\breakgen64.dll
0x00007ff864820000 - 0x00007ff864828000 	C:\Program Files\Java\jdk-19\bin\extnet.dll
0x00007ff86ef00000 - 0x00007ff86ef0a000 	C:\Program Files\Java\jdk-19\bin\management.dll
0x00007ff86eed0000 - 0x00007ff86eedb000 	C:\Program Files\Java\jdk-19\bin\management_ext.dll
0x00007ff8799c0000 - 0x00007ff8799c8000 	C:\WINDOWS\System32\PSAPI.DLL
0x00007ff864830000 - 0x00007ff86483e000 	C:\Program Files\Java\jdk-19\bin\sunmscapi.dll
0x00007ff8771d0000 - 0x00007ff877336000 	C:\WINDOWS\System32\CRYPT32.dll
0x00007ff8769f0000 - 0x00007ff876a1e000 	C:\WINDOWS\SYSTEM32\ncrypt.dll
0x00007ff8769b0000 - 0x00007ff8769e7000 	C:\WINDOWS\SYSTEM32\NTASN1.dll
0x00007ff876850000 - 0x00007ff87686b000 	C:\WINDOWS\SYSTEM32\CRYPTSP.dll
0x00007ff8760e0000 - 0x00007ff876115000 	C:\WINDOWS\system32\rsaenh.dll
0x00007ff8766f0000 - 0x00007ff87671c000 	C:\WINDOWS\SYSTEM32\USERENV.dll
0x00007ff876870000 - 0x00007ff87687c000 	C:\WINDOWS\SYSTEM32\CRYPTBASE.dll
0x00007ff875bc0000 - 0x00007ff875bed000 	C:\WINDOWS\SYSTEM32\IPHLPAPI.DLL
0x00007ff878c20000 - 0x00007ff878c29000 	C:\WINDOWS\System32\NSI.dll
0x00007ff86c870000 - 0x00007ff86c889000 	C:\WINDOWS\SYSTEM32\dhcpcsvc6.DLL
0x00007ff86c7d0000 - 0x00007ff86c7ef000 	C:\WINDOWS\SYSTEM32\dhcpcsvc.DLL
0x00007ff875bf0000 - 0x00007ff875ce9000 	C:\WINDOWS\SYSTEM32\DNSAPI.dll
0x00007ff864590000 - 0x00007ff8645a0000 	C:\Program Files\Java\jdk-19\bin\verify.dll
0x00007ff867650000 - 0x00007ff86765a000 	C:\Windows\System32\rasadhlp.dll
0x00007ff86a590000 - 0x00007ff86a613000 	C:\WINDOWS\System32\fwpuclnt.dll
0x00007ff864fe0000 - 0x00007ff864fe8000 	C:\WINDOWS\system32\wshunix.dll

dbghelp: loaded successfully - version: 4.0.5 - missing functions: none
symbol engine: initialized successfully - sym options: 0x614 - pdb path: .;C:\Program Files\Java\jdk-19\bin;C:\WINDOWS\SYSTEM32;C:\WINDOWS\WinSxS\amd64_microsoft.windows.common-controls_6595b64144ccf1df_6.0.22621.3235_none_270f74e173860f98;C:\Program Files\Java\jdk-19\bin\server;C:\Users\DMX BINH SON\IntelliJ IDEA Community Edition 232.8660.48\bin

VM Arguments:
jvm_args: -javaagent:C:\Users\DMX BINH SON\IntelliJ IDEA Community Edition 232.8660.48\lib\idea_rt.jar=65222:C:\Users\DMX BINH SON\IntelliJ IDEA Community Edition 232.8660.48\bin -Dfile.encoding=UTF-8 -Dsun.stdout.encoding=UTF-8 -Dsun.stderr.encoding=UTF-8 
java_command: com.springboot.blog.SpringbootBlogApplicationRestApiApplication
java_class_path (initial): C:\Users\DMX BINH SON\Documents\springboot-blog-application-rest-api\target\classes;C:\Users\DMX BINH SON\.m2\repository\org\springframework\boot\spring-boot-starter-data-jpa\3.2.2\spring-boot-starter-data-jpa-3.2.2.jar;C:\Users\DMX BINH SON\.m2\repository\org\springframework\boot\spring-boot-starter-aop\3.2.2\spring-boot-starter-aop-3.2.2.jar;C:\Users\DMX BINH SON\.m2\repository\org\aspectj\aspectjweaver\1.9.21\aspectjweaver-1.9.21.jar;C:\Users\DMX BINH SON\.m2\repository\org\springframework\boot\spring-boot-starter-jdbc\3.2.2\spring-boot-starter-jdbc-3.2.2.jar;C:\Users\DMX BINH SON\.m2\repository\com\zaxxer\HikariCP\5.0.1\HikariCP-5.0.1.jar;C:\Users\DMX BINH SON\.m2\repository\org\springframework\spring-jdbc\6.1.3\spring-jdbc-6.1.3.jar;C:\Users\DMX BINH SON\.m2\repository\org\hibernate\orm\hibernate-core\6.4.1.Final\hibernate-core-6.4.1.Final.jar;C:\Users\DMX BINH SON\.m2\repository\jakarta\persistence\jakarta.persistence-api\3.1.0\jakarta.persistence-api-3.1.0.jar;C:\Users\DMX BINH SON\.m2\repository\jakarta\transaction\jakarta.transaction-api\2.0.1\jakarta.transaction-api-2.0.1.jar;C:\Users\DMX BINH SON\.m2\repository\org\jboss\logging\jboss-logging\3.5.3.Final\jboss-logging-3.5.3.Final.jar;C:\Users\DMX BINH SON\.m2\repository\org\hibernate\common\hibernate-commons-annotations\6.0.6.Final\hibernate-commons-annotations-6.0.6.Final.jar;C:\Users\DMX BINH SON\.m2\repository\io\smallrye\jandex\3.1.2\jandex-3.1.2.jar;C:\Users\DMX BINH SON\.m2\repository\com\fasterxml\classmate\1.6.0\classmate-1.6.0.jar;C:\Users\DMX BINH SON\.m2\repository\net\bytebuddy\byte-buddy\1.14.11\byte-buddy-1.14.11.jar;C:\Users\DMX BINH SON\.m2\repository\org\glassfish\jaxb\jaxb-runtime\4.0.4\jaxb-runtime-4.0.4.jar;C:\Users\DMX BINH SON\.m2\repository\org\glassfish\jaxb\jaxb-core\4.0.4\jaxb-core-4.0.4.jar;C:\Users\DMX BINH SON\.m2\repository\org\eclipse\angus\angus-activation\2.0.1\angus-activation-2.0.1.jar;C:\Users\DMX BINH SON\.m2\repository\org\glassfish\jaxb\txw2\4.0.4\txw2-4.0.4.jar;C:\Users\DMX BINH SON\.m2\repository\com\sun\istack\istack-commons-runtime\4.1.2\istack-commons-runtime-4.1.2.jar;C:\Users\DMX BINH SON\.m2\repository\jakarta\inject\jakarta.inject-api\2.0.1\jakarta.inject-api-2.0.1.jar;C:\Users\DMX BINH SON\.m2\repository\org\antlr\antlr4-runtime\4.13.0\antlr4-runtime-4.13.0.jar;C:\Users\DMX BINH SON\.m2\repository\org\springframework\data\spring-data-jpa\3.2.2\spring-data-jpa-3.2.2.jar;C:\Users\DMX BINH SON\.m2\repository\org\springframework\spring-orm\6.1.3\spring-orm-6.1.3.jar;C:\Users\DMX BINH SON\.m2\repository\org\springframework\spring-context\6.1.3\spring-context-6.1.3.jar;C:\Users\DMX BINH SON\.m2\repository\org\springframework\spring-tx\6.1.3\spring-tx-6.1.3.jar;C:\Users\DMX BINH SON\.m2\repository\jakarta\annotation\jakarta.annotation-api\2.1.1\jakarta.annotation-api-2.1.1.jar;C:\Users\DMX BINH SON\.m2\repository\org\springframework\spring-aspects\6.1.3\spring-aspects-6.1.3.jar;C:\Users\DMX BINH SON\.m2\repository\org\springframework\boot\spring-boot-starter-security\3.2.4\spring-boot-starter-security-3.2.4.jar;C:\Users\DMX BINH SON\.m2\repository\org\springframework\boot\spring-boot-starter\3.2.2\spring-boot-starter-3.2.2.jar;C:\Users\DMX BINH SON\.m2\repository\org\springframework\boot\spring-boot-starter-logging\3.2.2\spring-boot-starter-logging-3.2.2.jar;C:\Users\DMX BINH SON\.m2\repository\ch\qos\logback\logback-classic\1.4.14\logback-classic-1.4.14.jar;C:\Users\DMX BINH SON\.m2\repository\ch\qos\logback\logback-core\1.4.14\logback-core-1.4.14.jar;C:\Users\DMX BINH SON\.m2\repository\org\apache\logging\log4j\log4j-to-slf4j\2.21.1\log4j-to-slf4j-2.21.1.jar;C:\Users\DMX BINH SON\.m2\repository\org\apache\logging\log4j\log4j-api\2.21.1\log4j-api-2.21.1.jar;C:\Users\DMX BINH SON\.m2\repository\org\slf4j\jul-to-slf4j\2.0.11\jul-to-slf4j-2.0.11.jar;C:\Users\DMX BINH SON\.m2\repository\org\yaml\snakeyaml\2.2\snakeyaml-2.2.jar;C:\Users\DMX BINH SON\.m2\repository\org\springframework\spring-aop\6.1.3\spring-aop-6.1.3.jar;C:\Users\DMX BINH SON\.m2\repository\org\springframework\security\spring-security-config\6.2.1\spring-security-config-6.2.1.jar;C:\Users\DMX BINH SON\.m2\repository\org\springframework\security\spring-security-core\6.2.1\spring-security-core-6.2.1.jar;C:\Users\DMX BINH SON\.m2\repository\org\springframework\security\spring-security-crypto\6.2.1\spring-security-crypto-6.2.1.jar;C:\Users\DMX BINH SON\.m2\repository\org\springframework\security\spring-security-web\6.2.1\spring-security-web-6.2.1.jar;C:\Users\DMX BINH SON\.m2\repository\org\springframework\spring-expression\6.1.3\spring-expression-6.1.3.jar;C:\Users\DMX BINH SON\.m2\repository\org\springframework\boot\spring-boot-starter-web\3.2.2\spring-boot-starter-web-3.2.2.jar;C:\Users\DMX BINH SON\.m2\repository\org\springframework\boot\spring-boot-starter-json\3.2.2\spring-boot-starter-json-3.2.2.jar;C:\Users\DMX BINH SON\.m2\repository\com\fasterxml\jackson\datatype\jackson-datatype-jdk8\2.15.3\jackson-datatype-jdk8-2.15.3.jar;C:\Users\DMX BINH SON\.m2\repository\com\fasterxml\jackson\datatype\jackson-datatype-jsr310\2.15.3\jackson-datatype-jsr310-2.15.3.jar;C:\Users\DMX BINH SON\.m2\repository\com\fasterxml\jackson\module\jackson-module-parameter-names\2.15.3\jackson-module-parameter-names-2.15.3.jar;C:\Users\DMX BINH SON\.m2\repository\org\springframework\boot\spring-boot-starter-tomcat\3.2.2\spring-boot-starter-tomcat-3.2.2.jar;C:\Users\DMX BINH SON\.m2\repository\org\apache\tomcat\embed\tomcat-embed-core\10.1.18\tomcat-embed-core-10.1.18.jar;C:\Users\DMX BINH SON\.m2\repository\org\apache\tomcat\embed\tomcat-embed-websocket\10.1.18\tomcat-embed-websocket-10.1.18.jar;C:\Users\DMX BINH SON\.m2\repository\org\springframework\spring-webmvc\6.1.3\spring-webmvc-6.1.3.jar;C:\Users\DMX BINH SON\.m2\repository\org\springframework\boot\spring-boot-devtools\3.2.2\spring-boot-devtools-3.2.2.jar;C:\Users\DMX BINH SON\.m2\repository\org\springframework\boot\spring-boot\3.2.2\spring-boot-3.2.2.jar;C:\Users\DMX BINH SON\.m2\repository\org\springframework\boot\spring-boot-autoconfigure\3.2.2\spring-boot-autoconfigure-3.2.2.jar;C:\Users\DMX BINH SON\.m2\repository\com\mysql\mysql-connector-j\8.3.0\mysql-connector-j-8.3.0.jar;C:\Users\DMX BINH SON\.m2\repository\org\projectlombok\lombok\1.18.30\lombok-1.18.30.jar;C:\Users\DMX BINH SON\.m2\repository\jakarta\xml\bind\jakarta.xml.bind-api\4.0.1\jakarta.xml.bind-api-4.0.1.jar;C:\Users\DMX BINH SON\.m2\repository\jakarta\activation\jakarta.activation-api\2.1.2\jakarta.activation-api-2.1.2.jar;C:\Users\DMX BINH SON\.m2\repository\org\springframework\spring-core\6.1.3\spring-core-6.1.3.jar;C:\Users\DMX BINH SON\.m2\repository\org\springframework\spring-jcl\6.1.3\spring-jcl-6.1.3.jar;C:\Users\DMX BINH SON\.m2\repository\org\springframework\spring-web\6.1.3\spring-web-6.1.3.jar;C:\Users\DMX BINH SON\.m2\repository\org\springframework\spring-beans\6.1.3\spring-beans-6.1.3.jar;C:\Users\DMX BINH SON\.m2\repository\io\micrometer\micrometer-observation\1.12.2\micrometer-observation-1.12.2.jar;C:\Users\DMX BINH SON\.m2\repository\io\micrometer\micrometer-commons\1.12.2\micrometer-commons-1.12.2.jar;C:\Users\DMX BINH SON\.m2\repository\org\springframework\data\spring-data-commons\3.2.2\spring-data-commons-3.2.2.jar;C:\Users\DMX BINH SON\.m2\repository\org\slf4j\slf4j-api\2.0.11\slf4j-api-2.0.11.jar;C:\Users\DMX BINH SON\.m2\repository\org\modelmapper\extensions\modelmapper-spring\3.0.0\modelmapper-spring-3.0.0.jar;C:\Users\DMX BINH SON\.m2\repository\org\modelmapper\modelmapper\3.0.0\modelmapper-3.0.0.jar;C:\Users\DMX BINH SON\.m2\repository\org\springframework\boot\spring-boot-starter-validation\3.2.4\spring-boot-starter-validation-3.2.4.jar;C:\Users\DMX BINH SON\.m2\repository\org\apache\tomcat\embed\tomcat-embed-el\10.1.18\tomcat-embed-el-10.1.18.jar;C:\Users\DMX BINH SON\.m2\repository\org\hibernate\validator\hibernate-validator\8.0.1.Final\hibernate-validator-8.0.1.Final.jar;C:\Users\DMX BINH SON\.m2\repository\jakarta\validation\jakarta.validation-api\3.0.2\jakarta.validation-api-3.0.2.jar;C:\Users\DMX BINH SON\.m2\repository\io\jsonwebtoken\jjwt-impl\0.12.5\jjwt-impl-0.12.5.jar;C:\Users\DMX BINH SON\.m2\repository\io\jsonwebtoken\jjwt-api\0.12.5\jjwt-api-0.12.5.jar;C:\Users\DMX BINH SON\.m2\repository\io\jsonwebtoken\jjwt-jackson\0.12.5\jjwt-jackson-0.12.5.jar;C:\Users\DMX BINH SON\.m2\repository\com\fasterxml\jackson\core\jackson-databind\2.15.3\jackson-databind-2.15.3.jar;C:\Users\DMX BINH SON\.m2\repository\com\fasterxml\jackson\core\jackson-annotations\2.15.3\jackson-annotations-2.15.3.jar;C:\Users\DMX BINH SON\.m2\repository\com\fasterxml\jackson\core\jackson-core\2.15.3\jackson-core-2.15.3.jar;C:\Users\DMX BINH SON\.m2\repository\org\springdoc\springdoc-openapi-starter-webmvc-ui\2.5.0\springdoc-openapi-starter-webmvc-ui-2.5.0.jar;C:\Users\DMX BINH SON\.m2\repository\org\springdoc\springdoc-openapi-starter-webmvc-api\2.5.0\springdoc-openapi-starter-webmvc-api-2.5.0.jar;C:\Users\DMX BINH SON\.m2\repository\org\springdoc\springdoc-openapi-starter-common\2.5.0\springdoc-openapi-starter-common-2.5.0.jar;C:\Users\DMX BINH SON\.m2\repository\io\swagger\core\v3\swagger-core-jakarta\2.2.21\swagger-core-jakarta-2.2.21.jar;C:\Users\DMX BINH SON\.m2\repository\org\apache\commons\commons-lang3\3.13.0\commons-lang3-3.13.0.jar;C:\Users\DMX BINH SON\.m2\repository\io\swagger\core\v3\swagger-annotations-jakarta\2.2.21\swagger-annotations-jakarta-2.2.21.jar;C:\Users\DMX BINH SON\.m2\repository\io\swagger\core\v3\swagger-models-jakarta\2.2.21\swagger-models-jakarta-2.2.21.jar;C:\Users\DMX BINH SON\.m2\repository\com\fasterxml\jackson\dataformat\jackson-dataformat-yaml\2.15.3\jackson-dataformat-yaml-2.15.3.jar;C:\Users\DMX BINH SON\.m2\repository\org\webjars\swagger-ui\5.13.0\swagger-ui-5.13.0.jar;C:\Users\DMX BINH SON\.m2\repository\org\javatuples\javatuples\1.2\javatuples-1.2.jar
Launcher Type: SUN_STANDARD

[Global flags]
     intx CICompilerCount                          = 4                                         {product} {ergonomic}
     uint ConcGCThreads                            = 2                                         {product} {ergonomic}
     uint G1ConcRefinementThreads                  = 8                                         {product} {ergonomic}
   size_t G1HeapRegionSize                         = 4194304                                   {product} {ergonomic}
    uintx GCDrainStackTargetSize                   = 64                                        {product} {ergonomic}
   size_t InitialHeapSize                          = 335544320                                 {product} {ergonomic}
   size_t MarkStackSize                            = 4194304                                   {product} {ergonomic}
   size_t MaxHeapSize                              = 5330960384                                {product} {ergonomic}
   size_t MaxNewSize                               = 3196059648                                {product} {ergonomic}
   size_t MinHeapDeltaBytes                        = 4194304                                   {product} {ergonomic}
   size_t MinHeapSize                              = 8388608                                   {product} {ergonomic}
    uintx NonNMethodCodeHeapSize                   = 5839372                                {pd product} {ergonomic}
    uintx NonProfiledCodeHeapSize                  = 122909434                              {pd product} {ergonomic}
    uintx ProfiledCodeHeapSize                     = 122909434                              {pd product} {ergonomic}
    uintx ReservedCodeCacheSize                    = 251658240                              {pd product} {ergonomic}
     bool SegmentedCodeCache                       = true                                      {product} {ergonomic}
   size_t SoftMaxHeapSize                          = 5330960384                             {manageable} {ergonomic}
     bool UseCompressedClassPointers               = true                           {product lp64_product} {ergonomic}
     bool UseCompressedOops                        = true                           {product lp64_product} {ergonomic}
     bool UseG1GC                                  = true                                      {product} {ergonomic}
     bool UseLargePagesIndividualAllocation        = false                                  {pd product} {ergonomic}

Logging:
Log output configuration:
 #0: stdout all=warning uptime,level,tags foldmultilines=false
 #1: stderr all=off uptime,level,tags foldmultilines=false

Environment Variables:
JAVA_HOME=C:\Program Files\Java\jdk-19
PATH=C:\Program Files (x86)\VMware\VMware Player\bin\;C:\Python312\Scripts\;C:\Python312\;C:\Program Files\Common Files\Oracle\Java\javapath;C:\Windows\system32;C:\Windows;C:\Windows\System32\Wbem;C:\Windows\System32\WindowsPowerShell\v1.0\;C:\Windows\System32\OpenSSH\;C:\Program Files (x86)\NVIDIA Corporation\PhysX\Common;C:\Program Files\NVIDIA Corporation\NVIDIA NvDLISR;C:\WINDOWS\system32;C:\WINDOWS;C:\WINDOWS\System32\Wbem;C:\WINDOWS\System32\WindowsPowerShell\v1.0\;C:\WINDOWS\System32\OpenSSH\;C:\Program Files (x86)\File Viewer Lite\lib\magick;C:\Program Files\Git\cmd;C:\WINDOWS\system32;C:\WINDOWS;C:\WINDOWS\System32\Wbem;C:\WINDOWS\System32\WindowsPowerShell\v1.0\;C:\WINDOWS\System32\OpenSSH\;C:\MinGW\bin;C:\Program Files (x86)\Microsoft SQL Server\150\Tools\Binn\;C:\Program Files\Microsoft SQL Server\150\Tools\Binn\;C:\Program Files (x86)\Microsoft SQL Server\150\DTS\Binn\;C:\Program Files\Microsoft SQL Server\150\DTS\Binn\;C:\Program Files\Microsoft SQL Server\Client SDK\ODBC\170\Tools\Binn\;C:\Users\DMX BINH SON\AppData\Local\Microsoft\WindowsApps;C:\Program Files\Java\jdk-19\bin;C:\apache-maven-3.9.5\bin;C:\Program Files\nodejs\;C:\ProgramData\chocolatey\bin;C:\Program Files\dotnet\;C:\Users\DMX BINH SON\.cargo\bin;C:\Users\DMX BINH SON\AppData\Local\Microsoft\WindowsApps;C:\Users\DMX BINH SON\Documents\VSCODE\mingw64\bin;E:\mingw-w64\i686-8.1.0-posix-dwarf-rt_v6-rev0\mingw32\bin;C:\Users\DMX BINH SON\AppData\Local\Programs\Microsoft VS Code\bin;C:\Program Files\Azure Data Studio\bin;C:\Users\DMX BINH SON\IntelliJ IDEA Community Edition 232.8660.48\bin;;C:\Users\DMX BINH SON\AppData\Roaming\npm;C:\Users\DMX BINH SON\.dotnet\tools
USERNAME=Phat
OS=Windows_NT
PROCESSOR_IDENTIFIER=Intel64 Family 6 Model 142 Stepping 11, GenuineIntel
TMP=C:\Users\DMXBIN~1\AppData\Local\Temp
TEMP=C:\Users\DMXBIN~1\AppData\Local\Temp



---------------  S Y S T E M  ---------------

OS:
 Windows 11 , 64 bit Build 22621 (10.0.22621.3235)
OS uptime: 1 days 9:38 hours

CPU: total 8 (initial active 8) (4 cores per cpu, 2 threads per core) family 6 model 142 stepping 11 microcode 0xde, cx8, cmov, fxsr, ht, mmx, 3dnowpref, sse, sse2, sse3, ssse3, sse4.1, sse4.2, popcnt, lzcnt, tsc, tscinvbit, avx, avx2, aes, erms, clmul, bmi1, bmi2, adx, fma, vzeroupper, clflush, clflushopt, rdtscp

Memory: 4k page, system-wide physical 20327M (5001M free)
TotalPageFile size 21827M (AvailPageFile size 4M)
current process WorkingSet (physical memory assigned to process): 336M, peak: 380M
current process commit charge ("private bytes"): 378M, peak: 477M

vm_info: Java HotSpot(TM) 64-Bit Server VM (19.0.2+7-44) for windows-amd64 JRE (19.0.2+7-44), built on 2022-11-30T18:02:09Z by "mach5one" with MS VC++ 17.1 (VS2022)

END.
